<?xml version="1.0" encoding="utf-8"?>
<TestRun id="7d2b69ec-2298-4430-bbb0-820bc78dbad7" name="@madoX 2020-04-26 18:00:22" xmlns="http://microsoft.com/schemas/VisualStudio/TeamTest/2010">
  <Times creation="2020-04-26T18:00:22.0865883+02:00" queuing="2020-04-26T18:00:22.0865884+02:00" start="2020-04-26T18:00:20.1538616+02:00" finish="2020-04-26T18:00:22.3713625+02:00" />
  <TestSettings name="default" id="a114a104-0904-4220-a2dd-3153df23c803">
    <Deployment runDeploymentRoot="_madoX_2020-04-26_18_00_22" />
  </TestSettings>
  <Results>
    <UnitTestResult executionId="7e2f6403-86fb-4e84-9551-7b64175889fe" testId="a5f2be9a-ecf7-4511-2438-b89033095905" testName="ConstructorTest" computerName="madoX" duration="00:00:00.0059914" startTime="2020-04-26T18:00:20.5788443+02:00" endTime="2020-04-26T18:00:20.6047915+02:00" testType="13cdc9d9-ddb5-4fa4-a97d-d965ccfc6d4b" outcome="Passed" testListId="8c84fa94-04c1-424b-9868-57a2d4851a1d" relativeResultsDirectory="7e2f6403-86fb-4e84-9551-7b64175889fe" />
    <UnitTestResult executionId="31ab8087-616c-4f94-beee-7a0aa63b36a2" testId="b44e3f1d-d699-2be2-1c29-48f364c32676" testName="SugenoTest" computerName="madoX" duration="00:00:00.0063479" startTime="2020-04-26T18:00:22.3203029+02:00" endTime="2020-04-26T18:00:22.3267919+02:00" testType="13cdc9d9-ddb5-4fa4-a97d-d965ccfc6d4b" outcome="Passed" testListId="8c84fa94-04c1-424b-9868-57a2d4851a1d" relativeResultsDirectory="31ab8087-616c-4f94-beee-7a0aa63b36a2">
      <Output>
        <StdOut>Living standards for Warszawa are 0.5
Living standards for Kraków are NaN
Living standards for Gdańsk are 0.3
Living standards for Wrocław are 0.3
Living standards for Katowice are 0.8
Living standards for Poznań are 0.41111111111111104
Living standards for Gliwice are 0.8</StdOut>
      </Output>
    </UnitTestResult>
    <UnitTestResult executionId="4b94bd96-5761-4e56-bc5a-c08a1b05c4f1" testId="3c619f47-cba9-8ea0-d4fa-a85ad4fd1539" testName="TestPyramidBuilding" computerName="madoX" startTime="2020-04-26T18:00:22.3180894+02:00" endTime="2020-04-26T18:00:22.3181179+02:00" testType="13cdc9d9-ddb5-4fa4-a97d-d965ccfc6d4b" outcome="NotExecuted" testListId="8c84fa94-04c1-424b-9868-57a2d4851a1d" relativeResultsDirectory="4b94bd96-5761-4e56-bc5a-c08a1b05c4f1">
      <Output></Output>
    </UnitTestResult>
    <UnitTestResult executionId="a8b09aab-11c9-4a3d-ab59-b1ebd22777a4" testId="a17d96d6-14da-4cdf-438f-09cf1bf34161" testName="GaussianFilterCtorTest" computerName="madoX" startTime="2020-04-26T18:00:22.3173173+02:00" endTime="2020-04-26T18:00:22.3179063+02:00" testType="13cdc9d9-ddb5-4fa4-a97d-d965ccfc6d4b" outcome="NotExecuted" testListId="8c84fa94-04c1-424b-9868-57a2d4851a1d" relativeResultsDirectory="a8b09aab-11c9-4a3d-ab59-b1ebd22777a4">
      <Output></Output>
    </UnitTestResult>
    <UnitTestResult executionId="08ecf5bb-56f1-44c1-aebb-9ef92e52a65c" testId="d258b85f-14b6-24a6-eaf0-9cb58f11778d" testName="TestCalculate" computerName="madoX" duration="00:00:00.0134793" startTime="2020-04-26T18:00:20.6099600+02:00" endTime="2020-04-26T18:00:20.6237953+02:00" testType="13cdc9d9-ddb5-4fa4-a97d-d965ccfc6d4b" outcome="Failed" testListId="8c84fa94-04c1-424b-9868-57a2d4851a1d" relativeResultsDirectory="08ecf5bb-56f1-44c1-aebb-9ef92e52a65c">
      <Output>
        <ErrorInfo>
          <Message>Assert.AreEqual failed. Expected a difference no greater than &lt;0.01&gt; between expected value &lt;0.675&gt; and actual value &lt;0.5095361878853124&gt;. </Message>
          <StackTrace>   at ML.Lib.Neuron.NeuralTests.TestCalculate() in /home/mado/Documents/assignments/ssi/ML.Lib.Tests/NeuralTests.cs:line 59
</StackTrace>
        </ErrorInfo>
      </Output>
    </UnitTestResult>
    <UnitTestResult executionId="91db659c-b340-4e0b-bc89-6183d7d6213a" testId="f506b79a-2f44-5be9-d26c-b2a5166b61ba" testName="Test" computerName="madoX" startTime="2020-04-26T18:00:22.3179739+02:00" endTime="2020-04-26T18:00:22.3180800+02:00" testType="13cdc9d9-ddb5-4fa4-a97d-d965ccfc6d4b" outcome="NotExecuted" testListId="8c84fa94-04c1-424b-9868-57a2d4851a1d" relativeResultsDirectory="91db659c-b340-4e0b-bc89-6183d7d6213a">
      <Output></Output>
    </UnitTestResult>
    <UnitTestResult executionId="2b7b09c0-0419-4a50-9b4f-0ed982ab3e1f" testId="77b6b6a1-28ac-45e8-9314-cbdf61ad6c72" testName="TestMassCalculate" computerName="madoX" duration="00:00:00.0015309" startTime="2020-04-26T18:00:20.6238353+02:00" endTime="2020-04-26T18:00:20.6254419+02:00" testType="13cdc9d9-ddb5-4fa4-a97d-d965ccfc6d4b" outcome="Passed" testListId="8c84fa94-04c1-424b-9868-57a2d4851a1d" relativeResultsDirectory="2b7b09c0-0419-4a50-9b4f-0ed982ab3e1f" />
    <UnitTestResult executionId="f7bb7776-4826-438d-a6ad-dbc8723bf917" testId="0d712b84-ad40-a7e7-163a-6d1905e2c215" testName="FinalizeResult" computerName="madoX" startTime="2020-04-26T18:00:22.3202649+02:00" endTime="2020-04-26T18:00:22.3202950+02:00" testType="13cdc9d9-ddb5-4fa4-a97d-d965ccfc6d4b" outcome="NotExecuted" testListId="8c84fa94-04c1-424b-9868-57a2d4851a1d" relativeResultsDirectory="f7bb7776-4826-438d-a6ad-dbc8723bf917">
      <Output></Output>
    </UnitTestResult>
    <UnitTestResult executionId="60b875e9-dc8b-440a-b706-147fff3e039f" testId="c7a81c0f-39d1-56f8-0c4a-6ff95aac162d" testName="TestEdgeTest" computerName="madoX" startTime="2020-04-26T18:00:22.3182265+02:00" endTime="2020-04-26T18:00:22.3182527+02:00" testType="13cdc9d9-ddb5-4fa4-a97d-d965ccfc6d4b" outcome="NotExecuted" testListId="8c84fa94-04c1-424b-9868-57a2d4851a1d" relativeResultsDirectory="60b875e9-dc8b-440a-b706-147fff3e039f">
      <Output></Output>
    </UnitTestResult>
    <UnitTestResult executionId="c25f378a-5f07-4ceb-bd94-dd888ac96014" testId="ae8b806e-91cd-158d-cf84-39ff4ea33259" testName="TestDoGCreation" computerName="madoX" startTime="2020-04-26T18:00:22.3181255+02:00" endTime="2020-04-26T18:00:22.3181526+02:00" testType="13cdc9d9-ddb5-4fa4-a97d-d965ccfc6d4b" outcome="NotExecuted" testListId="8c84fa94-04c1-424b-9868-57a2d4851a1d" relativeResultsDirectory="c25f378a-5f07-4ceb-bd94-dd888ac96014">
      <Output></Output>
    </UnitTestResult>
    <UnitTestResult executionId="14d633b9-2c25-42b4-938e-5a5e4b82c74c" testId="2143b7c7-6299-6b01-b162-6d724aa767f8" testName="TestFindKeypoints" computerName="madoX" startTime="2020-04-26T18:00:22.3181600+02:00" endTime="2020-04-26T18:00:22.3181863+02:00" testType="13cdc9d9-ddb5-4fa4-a97d-d965ccfc6d4b" outcome="NotExecuted" testListId="8c84fa94-04c1-424b-9868-57a2d4851a1d" relativeResultsDirectory="14d633b9-2c25-42b4-938e-5a5e4b82c74c">
      <Output></Output>
    </UnitTestResult>
    <UnitTestResult executionId="01a14eca-be44-4acd-9c0a-9c209272b2e7" testId="6141bb7b-a41a-f909-b336-d09d324b86c1" testName="TestAssignParameters" computerName="madoX" startTime="2020-04-26T18:00:22.3202091+02:00" endTime="2020-04-26T18:00:22.3202547+02:00" testType="13cdc9d9-ddb5-4fa4-a97d-d965ccfc6d4b" outcome="NotExecuted" testListId="8c84fa94-04c1-424b-9868-57a2d4851a1d" relativeResultsDirectory="01a14eca-be44-4acd-9c0a-9c209272b2e7">
      <Output></Output>
    </UnitTestResult>
    <UnitTestResult executionId="c38b6066-c389-4086-8ff4-2767a5f5cc69" testId="66aaeb20-50ad-9b68-0121-0ae2de24b645" testName="GaussianFilterTest" computerName="madoX" startTime="2020-04-26T18:00:22.3179241+02:00" endTime="2020-04-26T18:00:22.3179652+02:00" testType="13cdc9d9-ddb5-4fa4-a97d-d965ccfc6d4b" outcome="NotExecuted" testListId="8c84fa94-04c1-424b-9868-57a2d4851a1d" relativeResultsDirectory="c38b6066-c389-4086-8ff4-2767a5f5cc69">
      <Output></Output>
    </UnitTestResult>
    <UnitTestResult executionId="ccd97498-1dee-40ad-92c3-5f8039128b32" testId="8d37b67b-c1cf-3819-ac1d-76bbe0d1bff9" testName="TestTrain" computerName="madoX" duration="00:00:01.6915052" startTime="2020-04-26T18:00:20.6254556+02:00" endTime="2020-04-26T18:00:22.3171074+02:00" testType="13cdc9d9-ddb5-4fa4-a97d-d965ccfc6d4b" outcome="Passed" testListId="8c84fa94-04c1-424b-9868-57a2d4851a1d" relativeResultsDirectory="ccd97498-1dee-40ad-92c3-5f8039128b32">
      <Output>
        <StdOut>Sample #0|setosa prob.: 2.1911285492295605E-06|versicolor prob.: 0.9999988595788258|virginica prob.:0.9999988698938763
Sample #1|setosa prob.: 2.2816106688582054E-06|versicolor prob.: 0.9999988107000746|virginica prob.:0.9999988217787268
Sample #2|setosa prob.: 2.3021694553721795E-06|versicolor prob.: 0.9999987977011815|virginica prob.:0.9999988090391272
Sample #3|setosa prob.: 2.3244543395845036E-06|versicolor prob.: 0.9999987852065797|virginica prob.:0.999998797341128
Sample #4|setosa prob.: 2.1965032370953783E-06|versicolor prob.: 0.9999988559852688|virginica prob.:0.9999988663840033
Sample #5|setosa prob.: 2.113011344582448E-06|versicolor prob.: 0.9999989022013595|virginica prob.:0.9999989127103956
Sample #6|setosa prob.: 2.2873255382000656E-06|versicolor prob.: 0.9999988040333095|virginica prob.:0.9999988164048816
Sample #7|setosa prob.: 2.2106676083738266E-06|versicolor prob.: 0.9999988487107064|virginica prob.:0.9999988594086044
Sample #8|setosa prob.: 2.4205075340236805E-06|versicolor prob.: 0.9999987319909958|virginica prob.:0.999998744974134
Sample #9|setosa prob.: 2.26467107274421E-06|versicolor prob.: 0.9999988200876262|virginica prob.:0.9999988304983828
Sample #10|setosa prob.: 2.1342348184542186E-06|versicolor prob.: 0.9999988913142555|virginica prob.:0.9999989011308725
Sample #11|setosa prob.: 2.23836549588323E-06|versicolor prob.: 0.9999988325842901|virginica prob.:0.9999988439193925
Sample #12|setosa prob.: 2.305328709348716E-06|versicolor prob.: 0.9999987978308226|virginica prob.:0.9999988083485799
Sample #13|setosa prob.: 2.467216093348304E-06|versicolor prob.: 0.9999987057589876|virginica prob.:0.9999987170234244
Sample #14|setosa prob.: 2.090236740528742E-06|versicolor prob.: 0.9999989158993385|virginica prob.:0.9999989250366625
Sample #15|setosa prob.: 2.0710934278194742E-06|versicolor prob.: 0.999998925502921|virginica prob.:0.9999989350230378
Sample #16|setosa prob.: 2.126376477978305E-06|versicolor prob.: 0.9999988948493029|virginica prob.:0.9999989050703979
Sample #17|setosa prob.: 2.1894730056829645E-06|versicolor prob.: 0.9999988601500863|virginica prob.:0.9999988709861162
Sample #18|setosa prob.: 2.093575196678351E-06|versicolor prob.: 0.9999989139235753|virginica prob.:0.9999989237554209
Sample #19|setosa prob.: 2.1603378611539477E-06|versicolor prob.: 0.9999988755503629|virginica prob.:0.9999988861514056
Sample #20|setosa prob.: 2.1489431018538205E-06|versicolor prob.: 0.9999988837746395|virginica prob.:0.9999988938901958
Sample #21|setosa prob.: 2.166754514443496E-06|versicolor prob.: 0.9999988719212689|virginica prob.:0.9999988831059379
Sample #22|setosa prob.: 2.2939517942840214E-06|versicolor prob.: 0.9999987999857883|virginica prob.:0.9999988104300936
Sample #23|setosa prob.: 2.1907799548890494E-06|versicolor prob.: 0.9999988590675736|virginica prob.:0.9999988715097033
Sample #24|setosa prob.: 2.2226981919845265E-06|versicolor prob.: 0.9999988411216422|virginica prob.:0.9999988529147028
Sample #25|setosa prob.: 2.2505693044390093E-06|versicolor prob.: 0.9999988279803206|virginica prob.:0.9999988390146174
Sample #26|setosa prob.: 2.2021225647434537E-06|versicolor prob.: 0.9999988526236747|virginica prob.:0.9999988645971134
Sample #27|setosa prob.: 2.1729281000671225E-06|versicolor prob.: 0.9999988698987191|virginica prob.:0.9999988801405064
Sample #28|setosa prob.: 2.1862973066821096E-06|versicolor prob.: 0.9999988628256489|virginica prob.:0.9999988730492301
Sample #29|setosa prob.: 2.2815704582154285E-06|versicolor prob.: 0.9999988089436305|virginica prob.:0.9999988207952256
Sample #30|setosa prob.: 2.274881391018238E-06|versicolor prob.: 0.9999988134687691|virginica prob.:0.9999988250571861
Sample #31|setosa prob.: 2.153544401660208E-06|versicolor prob.: 0.9999988807307676|virginica prob.:0.9999988916068949
Sample #32|setosa prob.: 2.130945657476917E-06|versicolor prob.: 0.9999988920435817|virginica prob.:0.9999989013943021
Sample #33|setosa prob.: 2.098998159227854E-06|versicolor prob.: 0.9999989101499566|virginica prob.:0.9999989194260376
Sample #34|setosa prob.: 2.26467107274421E-06|versicolor prob.: 0.9999988200876262|virginica prob.:0.9999988304983828
Sample #35|setosa prob.: 2.2497646725687227E-06|versicolor prob.: 0.9999988279366964|virginica prob.:0.9999988384461577
Sample #36|setosa prob.: 2.145191764552741E-06|versicolor prob.: 0.9999988859827236|virginica prob.:0.9999988956891066
Sample #37|setosa prob.: 2.26467107274421E-06|versicolor prob.: 0.9999988200876262|virginica prob.:0.9999988304983828
Sample #38|setosa prob.: 2.4108242078494496E-06|versicolor prob.: 0.9999987368309429|virginica prob.:0.999998749453958
Sample #39|setosa prob.: 2.195675649062685E-06|versicolor prob.: 0.9999988573173205|virginica prob.:0.9999988678101346
Sample #40|setosa prob.: 2.2094631063816332E-06|versicolor prob.: 0.999998848762323|virginica prob.:0.9999988596981089
Sample #41|setosa prob.: 2.534329259843701E-06|versicolor prob.: 0.9999986730978699|virginica prob.:0.9999986868613949
Sample #42|setosa prob.: 2.3751720241300927E-06|versicolor prob.: 0.9999987554916192|virginica prob.:0.9999987678441628
Sample #43|setosa prob.: 2.1902559935699388E-06|versicolor prob.: 0.9999988582678411|virginica prob.:0.9999988711913667
Sample #44|setosa prob.: 2.143871133570253E-06|versicolor prob.: 0.9999988843361233|virginica prob.:0.9999988958134107
Sample #45|setosa prob.: 2.2993300582180383E-06|versicolor prob.: 0.9999987999613765|virginica prob.:0.9999988121508433
Sample #46|setosa prob.: 2.1575628909983797E-06|versicolor prob.: 0.9999988773588975|virginica prob.:0.9999988876184626
Sample #47|setosa prob.: 2.317028679061283E-06|versicolor prob.: 0.999998788920572|virginica prob.:0.9999988007558727
Sample #48|setosa prob.: 2.1451501411439178E-06|versicolor prob.: 0.9999988850395202|virginica prob.:0.9999988949843628
Sample #49|setosa prob.: 2.2264968873038286E-06|versicolor prob.: 0.9999988403281802|virginica prob.:0.999998850989416
Sample #50|setosa prob.: 2.010359343545474E-06|versicolor prob.: 0.9999989592177857|virginica prob.:0.9999989698444541
Sample #51|setosa prob.: 2.0316704945737342E-06|versicolor prob.: 0.9999989464082991|virginica prob.:0.999998958929438
Sample #52|setosa prob.: 2.0142277763447514E-06|versicolor prob.: 0.9999989567480333|virginica prob.:0.9999989678754803
Sample #53|setosa prob.: 2.1496080473396464E-06|versicolor prob.: 0.9999988785425218|virginica prob.:0.999998896756149
Sample #54|setosa prob.: 2.0391490192149517E-06|versicolor prob.: 0.9999989422256406|virginica prob.:0.9999989547689376
Sample #55|setosa prob.: 2.0886815439750544E-06|versicolor prob.: 0.9999989130358617|virginica prob.:0.9999989292263333
Sample #56|setosa prob.: 2.0317796752989326E-06|versicolor prob.: 0.9999989459571951|virginica prob.:0.9999989591289532
Sample #57|setosa prob.: 2.2481100854540844E-06|versicolor prob.: 0.9999988232514997|virginica prob.:0.9999988445176524
Sample #58|setosa prob.: 2.0322078705249903E-06|versicolor prob.: 0.9999989466359704|virginica prob.:0.9999989582684498
Sample #59|setosa prob.: 2.1533739342343834E-06|versicolor prob.: 0.9999988748543153|virginica prob.:0.9999988958195676
Sample #60|setosa prob.: 2.2780945916417594E-06|versicolor prob.: 0.9999988070869321|virginica prob.:0.9999988282927865
Sample #61|setosa prob.: 2.067541808390801E-06|versicolor prob.: 0.9999989252722596|virginica prob.:0.9999989403308935
Sample #62|setosa prob.: 2.111602921145118E-06|versicolor prob.: 0.9999989025688609|virginica prob.:0.9999989156727742
Sample #63|setosa prob.: 2.0551048896658423E-06|versicolor prob.: 0.9999989326284864|virginica prob.:0.9999989466850899
Sample #64|setosa prob.: 2.1038316087858136E-06|versicolor prob.: 0.9999989050351793|virginica prob.:0.9999989209290463
Sample #65|setosa prob.: 2.0237619405174685E-06|versicolor prob.: 0.9999989514542443|virginica prob.:0.999998962817804
Sample #66|setosa prob.: 2.08602576399668E-06|versicolor prob.: 0.9999989136909632|virginica prob.:0.9999989312445541
Sample #67|setosa prob.: 2.0932511112039534E-06|versicolor prob.: 0.9999989120184536|virginica prob.:0.9999989259798985
Sample #68|setosa prob.: 2.0839378655679497E-06|versicolor prob.: 0.9999989163615483|virginica prob.:0.9999989308656048
Sample #69|setosa prob.: 2.1266064414059457E-06|versicolor prob.: 0.99999889272328|virginica prob.:0.9999989084940183
Sample #70|setosa prob.: 2.055024357246176E-06|versicolor prob.: 0.9999989313821334|virginica prob.:0.999998947724466
Sample #71|setosa prob.: 2.0666710865919795E-06|versicolor prob.: 0.9999989267986338|virginica prob.:0.9999989402202505
Sample #72|setosa prob.: 2.058389963040274E-06|versicolor prob.: 0.9999989307583919|virginica prob.:0.9999989446431277
Sample #73|setosa prob.: 2.059845903542716E-06|versicolor prob.: 0.9999989304085202|virginica prob.:0.9999989438925887
Sample #74|setosa prob.: 2.0432978170866223E-06|versicolor prob.: 0.9999989402637638|virginica prob.:0.9999989524744108
Sample #75|setosa prob.: 2.0303123835321425E-06|versicolor prob.: 0.9999989476358463|virginica prob.:0.9999989593658045
Sample #76|setosa prob.: 2.0259180249556866E-06|versicolor prob.: 0.9999989501814323|virginica prob.:0.9999989615365815
Sample #77|setosa prob.: 2.0224633908697204E-06|versicolor prob.: 0.9999989515154981|virginica prob.:0.9999989637538496
Sample #78|setosa prob.: 2.062575924913204E-06|versicolor prob.: 0.9999989280815355|virginica prob.:0.9999989429110615
Sample #79|setosa prob.: 2.118541421269167E-06|versicolor prob.: 0.9999988982492497|virginica prob.:0.9999989124576097
Sample #80|setosa prob.: 2.1471245343419426E-06|versicolor prob.: 0.9999988810742809|virginica prob.:0.9999988976467079
Sample #81|setosa prob.: 2.1505280986704576E-06|versicolor prob.: 0.9999988797470485|virginica prob.:0.9999988956064354
Sample #82|setosa prob.: 2.094780766312518E-06|versicolor prob.: 0.9999989107115145|virginica prob.:0.9999989254032285
Sample #83|setosa prob.: 2.0662051342660336E-06|versicolor prob.: 0.9999989252696722|virginica prob.:0.9999989413193587
Sample #84|setosa prob.: 2.1031607324669E-06|versicolor prob.: 0.9999989032251931|virginica prob.:0.9999989226864332
Sample #85|setosa prob.: 2.0442246816398156E-06|versicolor prob.: 0.9999989384417778|virginica prob.:0.9999989528424581
Sample #86|setosa prob.: 2.0217297125543922E-06|versicolor prob.: 0.9999989523465063|virginica prob.:0.9999989639899096
Sample #87|setosa prob.: 2.074201200047987E-06|versicolor prob.: 0.9999989227186686|virginica prob.:0.9999989357866385
Sample #88|setosa prob.: 2.090707578724097E-06|versicolor prob.: 0.9999989119710305|virginica prob.:0.9999989281410637
Sample #89|setosa prob.: 2.1334314750553525E-06|versicolor prob.: 0.9999988876347924|virginica prob.:0.9999989054654966
Sample #90|setosa prob.: 2.12021359679889E-06|versicolor prob.: 0.9999988950230929|virginica prob.:0.9999989125611802
Sample #91|setosa prob.: 2.0520478859313622E-06|versicolor prob.: 0.9999989344371324|virginica prob.:0.999998948305041
Sample #92|setosa prob.: 2.099290397915802E-06|versicolor prob.: 0.9999989081088244|virginica prob.:0.9999989229929422
Sample #93|setosa prob.: 2.243400814236899E-06|versicolor prob.: 0.9999988265257026|virginica prob.:0.9999988468054206
Sample #94|setosa prob.: 2.1066671364785066E-06|versicolor prob.: 0.9999989028454164|virginica prob.:0.9999989196653069
Sample #95|setosa prob.: 2.0820420041645536E-06|versicolor prob.: 0.999998917337229|virginica prob.:0.9999989324797313
Sample #96|setosa prob.: 2.0868721077880375E-06|versicolor prob.: 0.9999989143283875|virginica prob.:0.9999989300556343
Sample #97|setosa prob.: 2.0533844584718163E-06|versicolor prob.: 0.999998934259424|virginica prob.:0.9999989472708544
Sample #98|setosa prob.: 2.2122826344584992E-06|versicolor prob.: 0.9999988441408074|virginica prob.:0.9999988633052532
Sample #99|setosa prob.: 2.0936261073038723E-06|versicolor prob.: 0.9999989106020375|virginica prob.:0.999998926400917
Sample #100|setosa prob.: 2.030831017228869E-06|versicolor prob.: 0.9999989444675924|virginica prob.:0.9999989613725695
Sample #101|setosa prob.: 2.0810009631227764E-06|versicolor prob.: 0.9999989153603992|virginica prob.:0.9999989345013225
Sample #102|setosa prob.: 2.0069140830030135E-06|versicolor prob.: 0.9999989601302024|virginica prob.:0.9999989720893684
Sample #103|setosa prob.: 2.0392961196222237E-06|versicolor prob.: 0.9999989407055577|virginica prob.:0.9999989556169679
Sample #104|setosa prob.: 2.0278999086231403E-06|versicolor prob.: 0.9999989469607968|virginica prob.:0.9999989618679833
Sample #105|setosa prob.: 1.994211521968766E-06|versicolor prob.: 0.999998967805423|virginica prob.:0.9999989785735429
Sample #106|setosa prob.: 2.2036189304962565E-06|versicolor prob.: 0.9999988417076962|virginica prob.:0.999998872373764
Sample #107|setosa prob.: 2.0024965387480565E-06|versicolor prob.: 0.9999989630676692|virginica prob.:0.9999989741468084
Sample #108|setosa prob.: 2.0325735717296297E-06|versicolor prob.: 0.9999989450794025|virginica prob.:0.9999989584088171
Sample #109|setosa prob.: 1.996119658731106E-06|versicolor prob.: 0.9999989663233169|virginica prob.:0.9999989781408164
Sample #110|setosa prob.: 2.0247355300560602E-06|versicolor prob.: 0.9999989495151795|virginica prob.:0.9999989631019637
Sample #111|setosa prob.: 2.0423889214243488E-06|versicolor prob.: 0.9999989390273524|virginica prob.:0.9999989536873525
Sample #112|setosa prob.: 2.0171726660113474E-06|versicolor prob.: 0.999998953952812|virginica prob.:0.9999989668725628
Sample #113|setosa prob.: 2.1010643293376665E-06|versicolor prob.: 0.9999989030513126|virginica prob.:0.9999989242499735
Sample #114|setosa prob.: 2.079926540356087E-06|versicolor prob.: 0.9999989146992273|virginica prob.:0.999998936139443
Sample #115|setosa prob.: 2.029084984658071E-06|versicolor prob.: 0.9999989462981717|virginica prob.:0.9999989613564572
Sample #116|setosa prob.: 2.0278659300154282E-06|versicolor prob.: 0.999998947747995|virginica prob.:0.9999989613372041
Sample #117|setosa prob.: 1.9845039955255107E-06|versicolor prob.: 0.9999989736206806|virginica prob.:0.9999989838962977
Sample #118|setosa prob.: 1.997449226504857E-06|versicolor prob.: 0.9999989656757979|virginica prob.:0.9999989767632006
Sample #119|setosa prob.: 2.092970614326004E-06|versicolor prob.: 0.9999989102793805|virginica prob.:0.9999989265199432
Sample #120|setosa prob.: 2.009852704713991E-06|versicolor prob.: 0.9999989581066409|virginica prob.:0.9999989708980829
Sample #121|setosa prob.: 2.094539785645334E-06|versicolor prob.: 0.999998906798746|virginica prob.:0.9999989280903242
Sample #122|setosa prob.: 1.9948026133976815E-06|versicolor prob.: 0.9999989675618622|virginica prob.:0.9999989780978034
Sample #123|setosa prob.: 2.0499605981300745E-06|versicolor prob.: 0.9999989349300358|virginica prob.:0.9999989495762818
Sample #124|setosa prob.: 2.013676444474263E-06|versicolor prob.: 0.9999989558720066|virginica prob.:0.9999989690008015
Sample #125|setosa prob.: 2.0006241946521098E-06|versicolor prob.: 0.9999989641849303|virginica prob.:0.999998975262002
Sample #126|setosa prob.: 2.052385497792777E-06|versicolor prob.: 0.9999989334319073|virginica prob.:0.999998948459019
Sample #127|setosa prob.: 2.0499580595525758E-06|versicolor prob.: 0.9999989346120102|virginica prob.:0.9999989500275783
Sample #128|setosa prob.: 2.0382682177352524E-06|versicolor prob.: 0.9999989409019258|virginica prob.:0.9999989562855593
Sample #129|setosa prob.: 2.0045573693172855E-06|versicolor prob.: 0.9999989621466194|virginica prob.:0.9999989729706279
Sample #130|setosa prob.: 2.0023260991500724E-06|versicolor prob.: 0.9999989631889744|virginica prob.:0.9999989741378915
Sample #131|setosa prob.: 1.9821069304904698E-06|versicolor prob.: 0.9999989752509407|virginica prob.:0.9999989849662354
Sample #132|setosa prob.: 2.0386352125309483E-06|versicolor prob.: 0.9999989405076061|virginica prob.:0.9999989562144543
Sample #133|setosa prob.: 2.045128977684543E-06|versicolor prob.: 0.9999989382151214|virginica prob.:0.9999989519237831
Sample #134|setosa prob.: 2.0611522595299254E-06|versicolor prob.: 0.9999989285472126|virginica prob.:0.9999989437407445
Sample #135|setosa prob.: 1.993385676727959E-06|versicolor prob.: 0.9999989683146463|virginica prob.:0.9999989789566428
Sample #136|setosa prob.: 2.0283437433331886E-06|versicolor prob.: 0.9999989463505148|virginica prob.:0.9999989622763885
Sample #137|setosa prob.: 2.029376153957511E-06|versicolor prob.: 0.9999989467406329|virginica prob.:0.9999989607207723
Sample #138|setosa prob.: 2.056376124896905E-06|versicolor prob.: 0.999998930763865|virginica prob.:0.999998946769658
Sample #139|setosa prob.: 2.0122052768548833E-06|versicolor prob.: 0.9999989570307393|virginica prob.:0.9999989694022507
Sample #140|setosa prob.: 2.019017209043746E-06|versicolor prob.: 0.9999989523567419|virginica prob.:0.9999989663581826
Sample #141|setosa prob.: 2.013674903957185E-06|versicolor prob.: 0.9999989560749742|virginica prob.:0.9999989687036994
Sample #142|setosa prob.: 2.0810009631227764E-06|versicolor prob.: 0.9999989153603992|virginica prob.:0.9999989345013225
Sample #143|setosa prob.: 2.0125084213277604E-06|versicolor prob.: 0.9999989563499975|virginica prob.:0.9999989696957888
Sample #144|setosa prob.: 2.015092130115829E-06|versicolor prob.: 0.9999989545928958|virginica prob.:0.9999989686122057
Sample #145|setosa prob.: 2.022317207818333E-06|versicolor prob.: 0.999998950698345|virginica prob.:0.9999989643601567
Sample #146|setosa prob.: 2.05711027562135E-06|versicolor prob.: 0.9999989304675178|virginica prob.:0.9999989458213561
Sample #147|setosa prob.: 2.0294508486398193E-06|versicolor prob.: 0.9999989466695585|virginica prob.:0.9999989605839298
Sample #148|setosa prob.: 2.0327912416091155E-06|versicolor prob.: 0.9999989437959302|virginica prob.:0.9999989599071402
Sample #149|setosa prob.: 2.0606668846850343E-06|versicolor prob.: 0.9999989278181933|virginica prob.:0.9999989449033818
Weights:Layer#0
Neuron#0|0.5610285635812754||0.6280366274907575||0.5798951067098955||-0.7103672404590341||0.9440911115252005||0.8667275596173736||0.42909302864563453||0.49625443976442357||0.3176393935594644||0.757955336457843|
Neuron#1|0.5887523511063328||0.317215149919006||0.525223985673341||-0.13997888748137738||0.20839324042202326||-0.0644819994513944||0.4549416537481957||0.5392738598905048||0.8758338201564766||0.062249986256968246|
Neuron#2|0.07496207637036822||0.4521467528837027||0.25204638947729685||0.140374745924439||-0.18679654270740356||0.6316073314474387||0.2811399369269086||0.07878650754941238||0.09974876879013247||0.14540242916245041|
Neuron#3|0.4824140848994909||-0.1716533680399759||0.15717897214494983||-0.5144600961908306||-0.3501261721742936||-0.09697047182361318||-0.11203172498813073||-0.12933569658379332||0.4528270545881578||0.2345954416792981|
Layer#1
Neuron#0|-1.895347181185304||1.3623606712779648||1.8732205927737735|
Neuron#1|-1.7005815597307985||1.4727005979439098||1.7429218413326604|
Neuron#2|-1.9632614905580439||1.7350455191078555||1.4485547289246241|
Neuron#3|0.2548618749911609||-0.25158216469419664||-0.2172374369606649|
Neuron#4|-1.5157193475213853||1.8988715183349651||1.1012373865604534|
Neuron#5|-1.4845947425803778||1.966435676339727||2.096034525505116|
Neuron#6|-1.2939149681048812||1.2609175396394001||0.8452560612100579|
Neuron#7|-0.808655296628118||1.3944736146034167||1.366596515917768|
Neuron#8|-1.485557965795172||1.4019069994378346||1.705826330560004|
Neuron#9|-0.9927349458412221||1.3090289967597102||1.6300887403073292|
Layer#2
Neuron#0
Neuron#1
Neuron#2</StdOut>
      </Output>
    </UnitTestResult>
    <UnitTestResult executionId="e59d3676-b849-47dd-961c-d0f6f4c476ac" testId="cbe2e6f9-6de2-9e73-a532-7b5783051631" testName="TestContrastTest" computerName="madoX" startTime="2020-04-26T18:00:22.3181933+02:00" endTime="2020-04-26T18:00:22.3182197+02:00" testType="13cdc9d9-ddb5-4fa4-a97d-d965ccfc6d4b" outcome="NotExecuted" testListId="8c84fa94-04c1-424b-9868-57a2d4851a1d" relativeResultsDirectory="e59d3676-b849-47dd-961c-d0f6f4c476ac">
      <Output></Output>
    </UnitTestResult>
  </Results>
  <TestDefinitions>
    <UnitTest name="Test" storage="/home/mado/documents/assignments/ssi/ml.lib.tests/bin/debug/netcoreapp3.1/ml.lib.tests.dll" id="f506b79a-2f44-5be9-d26c-b2a5166b61ba">
      <Execution id="91db659c-b340-4e0b-bc89-6183d7d6213a" />
      <TestMethod codeBase="/home/mado/Documents/assignments/ssi/ML.Lib.Tests/bin/Debug/netcoreapp3.1/ML.Lib.Tests.dll" adapterTypeName="executor://mstestadapter/v2" className="ML.Lib.Tests.SIFTTests" name="Test" />
    </UnitTest>
    <UnitTest name="TestPyramidBuilding" storage="/home/mado/documents/assignments/ssi/ml.lib.tests/bin/debug/netcoreapp3.1/ml.lib.tests.dll" id="3c619f47-cba9-8ea0-d4fa-a85ad4fd1539">
      <Execution id="4b94bd96-5761-4e56-bc5a-c08a1b05c4f1" />
      <TestMethod codeBase="/home/mado/Documents/assignments/ssi/ML.Lib.Tests/bin/Debug/netcoreapp3.1/ML.Lib.Tests.dll" adapterTypeName="executor://mstestadapter/v2" className="ML.Lib.Tests.SIFTTests" name="TestPyramidBuilding" />
    </UnitTest>
    <UnitTest name="TestMassCalculate" storage="/home/mado/documents/assignments/ssi/ml.lib.tests/bin/debug/netcoreapp3.1/ml.lib.tests.dll" id="77b6b6a1-28ac-45e8-9314-cbdf61ad6c72">
      <Execution id="2b7b09c0-0419-4a50-9b4f-0ed982ab3e1f" />
      <TestMethod codeBase="/home/mado/Documents/assignments/ssi/ML.Lib.Tests/bin/Debug/netcoreapp3.1/ML.Lib.Tests.dll" adapterTypeName="executor://mstestadapter/v2" className="ML.Lib.Neuron.NeuralTests" name="TestMassCalculate" />
    </UnitTest>
    <UnitTest name="TestAssignParameters" storage="/home/mado/documents/assignments/ssi/ml.lib.tests/bin/debug/netcoreapp3.1/ml.lib.tests.dll" id="6141bb7b-a41a-f909-b336-d09d324b86c1">
      <Execution id="01a14eca-be44-4acd-9c0a-9c209272b2e7" />
      <TestMethod codeBase="/home/mado/Documents/assignments/ssi/ML.Lib.Tests/bin/Debug/netcoreapp3.1/ML.Lib.Tests.dll" adapterTypeName="executor://mstestadapter/v2" className="ML.Lib.Tests.SIFTTests" name="TestAssignParameters" />
    </UnitTest>
    <UnitTest name="TestContrastTest" storage="/home/mado/documents/assignments/ssi/ml.lib.tests/bin/debug/netcoreapp3.1/ml.lib.tests.dll" id="cbe2e6f9-6de2-9e73-a532-7b5783051631">
      <Execution id="e59d3676-b849-47dd-961c-d0f6f4c476ac" />
      <TestMethod codeBase="/home/mado/Documents/assignments/ssi/ML.Lib.Tests/bin/Debug/netcoreapp3.1/ML.Lib.Tests.dll" adapterTypeName="executor://mstestadapter/v2" className="ML.Lib.Tests.SIFTTests" name="TestContrastTest" />
    </UnitTest>
    <UnitTest name="TestTrain" storage="/home/mado/documents/assignments/ssi/ml.lib.tests/bin/debug/netcoreapp3.1/ml.lib.tests.dll" id="8d37b67b-c1cf-3819-ac1d-76bbe0d1bff9">
      <Execution id="ccd97498-1dee-40ad-92c3-5f8039128b32" />
      <TestMethod codeBase="/home/mado/Documents/assignments/ssi/ML.Lib.Tests/bin/Debug/netcoreapp3.1/ML.Lib.Tests.dll" adapterTypeName="executor://mstestadapter/v2" className="ML.Lib.Neuron.NeuralTests" name="TestTrain" />
    </UnitTest>
    <UnitTest name="SugenoTest" storage="/home/mado/documents/assignments/ssi/ml.lib.tests/bin/debug/netcoreapp3.1/ml.lib.tests.dll" id="b44e3f1d-d699-2be2-1c29-48f364c32676">
      <Execution id="31ab8087-616c-4f94-beee-7a0aa63b36a2" />
      <TestMethod codeBase="/home/mado/Documents/assignments/ssi/ML.Lib.Tests/bin/Debug/netcoreapp3.1/ML.Lib.Tests.dll" adapterTypeName="executor://mstestadapter/v2" className="ML.Lib.Tests.SugenoTests" name="SugenoTest" />
    </UnitTest>
    <UnitTest name="TestEdgeTest" storage="/home/mado/documents/assignments/ssi/ml.lib.tests/bin/debug/netcoreapp3.1/ml.lib.tests.dll" id="c7a81c0f-39d1-56f8-0c4a-6ff95aac162d">
      <Execution id="60b875e9-dc8b-440a-b706-147fff3e039f" />
      <TestMethod codeBase="/home/mado/Documents/assignments/ssi/ML.Lib.Tests/bin/Debug/netcoreapp3.1/ML.Lib.Tests.dll" adapterTypeName="executor://mstestadapter/v2" className="ML.Lib.Tests.SIFTTests" name="TestEdgeTest" />
    </UnitTest>
    <UnitTest name="GaussianFilterCtorTest" storage="/home/mado/documents/assignments/ssi/ml.lib.tests/bin/debug/netcoreapp3.1/ml.lib.tests.dll" id="a17d96d6-14da-4cdf-438f-09cf1bf34161">
      <Execution id="a8b09aab-11c9-4a3d-ab59-b1ebd22777a4" />
      <TestMethod codeBase="/home/mado/Documents/assignments/ssi/ML.Lib.Tests/bin/Debug/netcoreapp3.1/ML.Lib.Tests.dll" adapterTypeName="executor://mstestadapter/v2" className="ML.Lib.Tests.FilterTests" name="GaussianFilterCtorTest" />
    </UnitTest>
    <UnitTest name="TestFindKeypoints" storage="/home/mado/documents/assignments/ssi/ml.lib.tests/bin/debug/netcoreapp3.1/ml.lib.tests.dll" id="2143b7c7-6299-6b01-b162-6d724aa767f8">
      <Execution id="14d633b9-2c25-42b4-938e-5a5e4b82c74c" />
      <TestMethod codeBase="/home/mado/Documents/assignments/ssi/ML.Lib.Tests/bin/Debug/netcoreapp3.1/ML.Lib.Tests.dll" adapterTypeName="executor://mstestadapter/v2" className="ML.Lib.Tests.SIFTTests" name="TestFindKeypoints" />
    </UnitTest>
    <UnitTest name="TestCalculate" storage="/home/mado/documents/assignments/ssi/ml.lib.tests/bin/debug/netcoreapp3.1/ml.lib.tests.dll" id="d258b85f-14b6-24a6-eaf0-9cb58f11778d">
      <Execution id="08ecf5bb-56f1-44c1-aebb-9ef92e52a65c" />
      <TestMethod codeBase="/home/mado/Documents/assignments/ssi/ML.Lib.Tests/bin/Debug/netcoreapp3.1/ML.Lib.Tests.dll" adapterTypeName="executor://mstestadapter/v2" className="ML.Lib.Neuron.NeuralTests" name="TestCalculate" />
    </UnitTest>
    <UnitTest name="GaussianFilterTest" storage="/home/mado/documents/assignments/ssi/ml.lib.tests/bin/debug/netcoreapp3.1/ml.lib.tests.dll" id="66aaeb20-50ad-9b68-0121-0ae2de24b645">
      <Execution id="c38b6066-c389-4086-8ff4-2767a5f5cc69" />
      <TestMethod codeBase="/home/mado/Documents/assignments/ssi/ML.Lib.Tests/bin/Debug/netcoreapp3.1/ML.Lib.Tests.dll" adapterTypeName="executor://mstestadapter/v2" className="ML.Lib.Tests.FilterTests" name="GaussianFilterTest" />
    </UnitTest>
    <UnitTest name="FinalizeResult" storage="/home/mado/documents/assignments/ssi/ml.lib.tests/bin/debug/netcoreapp3.1/ml.lib.tests.dll" id="0d712b84-ad40-a7e7-163a-6d1905e2c215">
      <Execution id="f7bb7776-4826-438d-a6ad-dbc8723bf917" />
      <TestMethod codeBase="/home/mado/Documents/assignments/ssi/ML.Lib.Tests/bin/Debug/netcoreapp3.1/ML.Lib.Tests.dll" adapterTypeName="executor://mstestadapter/v2" className="ML.Lib.Tests.SIFTTests" name="FinalizeResult" />
    </UnitTest>
    <UnitTest name="TestDoGCreation" storage="/home/mado/documents/assignments/ssi/ml.lib.tests/bin/debug/netcoreapp3.1/ml.lib.tests.dll" id="ae8b806e-91cd-158d-cf84-39ff4ea33259">
      <Execution id="c25f378a-5f07-4ceb-bd94-dd888ac96014" />
      <TestMethod codeBase="/home/mado/Documents/assignments/ssi/ML.Lib.Tests/bin/Debug/netcoreapp3.1/ML.Lib.Tests.dll" adapterTypeName="executor://mstestadapter/v2" className="ML.Lib.Tests.SIFTTests" name="TestDoGCreation" />
    </UnitTest>
    <UnitTest name="ConstructorTest" storage="/home/mado/documents/assignments/ssi/ml.lib.tests/bin/debug/netcoreapp3.1/ml.lib.tests.dll" id="a5f2be9a-ecf7-4511-2438-b89033095905">
      <Execution id="7e2f6403-86fb-4e84-9551-7b64175889fe" />
      <TestMethod codeBase="/home/mado/Documents/assignments/ssi/ML.Lib.Tests/bin/Debug/netcoreapp3.1/ML.Lib.Tests.dll" adapterTypeName="executor://mstestadapter/v2" className="ML.Lib.Neuron.NeuralTests" name="ConstructorTest" />
    </UnitTest>
  </TestDefinitions>
  <TestEntries>
    <TestEntry testId="a5f2be9a-ecf7-4511-2438-b89033095905" executionId="7e2f6403-86fb-4e84-9551-7b64175889fe" testListId="8c84fa94-04c1-424b-9868-57a2d4851a1d" />
    <TestEntry testId="b44e3f1d-d699-2be2-1c29-48f364c32676" executionId="31ab8087-616c-4f94-beee-7a0aa63b36a2" testListId="8c84fa94-04c1-424b-9868-57a2d4851a1d" />
    <TestEntry testId="3c619f47-cba9-8ea0-d4fa-a85ad4fd1539" executionId="4b94bd96-5761-4e56-bc5a-c08a1b05c4f1" testListId="8c84fa94-04c1-424b-9868-57a2d4851a1d" />
    <TestEntry testId="a17d96d6-14da-4cdf-438f-09cf1bf34161" executionId="a8b09aab-11c9-4a3d-ab59-b1ebd22777a4" testListId="8c84fa94-04c1-424b-9868-57a2d4851a1d" />
    <TestEntry testId="d258b85f-14b6-24a6-eaf0-9cb58f11778d" executionId="08ecf5bb-56f1-44c1-aebb-9ef92e52a65c" testListId="8c84fa94-04c1-424b-9868-57a2d4851a1d" />
    <TestEntry testId="f506b79a-2f44-5be9-d26c-b2a5166b61ba" executionId="91db659c-b340-4e0b-bc89-6183d7d6213a" testListId="8c84fa94-04c1-424b-9868-57a2d4851a1d" />
    <TestEntry testId="77b6b6a1-28ac-45e8-9314-cbdf61ad6c72" executionId="2b7b09c0-0419-4a50-9b4f-0ed982ab3e1f" testListId="8c84fa94-04c1-424b-9868-57a2d4851a1d" />
    <TestEntry testId="0d712b84-ad40-a7e7-163a-6d1905e2c215" executionId="f7bb7776-4826-438d-a6ad-dbc8723bf917" testListId="8c84fa94-04c1-424b-9868-57a2d4851a1d" />
    <TestEntry testId="c7a81c0f-39d1-56f8-0c4a-6ff95aac162d" executionId="60b875e9-dc8b-440a-b706-147fff3e039f" testListId="8c84fa94-04c1-424b-9868-57a2d4851a1d" />
    <TestEntry testId="ae8b806e-91cd-158d-cf84-39ff4ea33259" executionId="c25f378a-5f07-4ceb-bd94-dd888ac96014" testListId="8c84fa94-04c1-424b-9868-57a2d4851a1d" />
    <TestEntry testId="2143b7c7-6299-6b01-b162-6d724aa767f8" executionId="14d633b9-2c25-42b4-938e-5a5e4b82c74c" testListId="8c84fa94-04c1-424b-9868-57a2d4851a1d" />
    <TestEntry testId="6141bb7b-a41a-f909-b336-d09d324b86c1" executionId="01a14eca-be44-4acd-9c0a-9c209272b2e7" testListId="8c84fa94-04c1-424b-9868-57a2d4851a1d" />
    <TestEntry testId="66aaeb20-50ad-9b68-0121-0ae2de24b645" executionId="c38b6066-c389-4086-8ff4-2767a5f5cc69" testListId="8c84fa94-04c1-424b-9868-57a2d4851a1d" />
    <TestEntry testId="8d37b67b-c1cf-3819-ac1d-76bbe0d1bff9" executionId="ccd97498-1dee-40ad-92c3-5f8039128b32" testListId="8c84fa94-04c1-424b-9868-57a2d4851a1d" />
    <TestEntry testId="cbe2e6f9-6de2-9e73-a532-7b5783051631" executionId="e59d3676-b849-47dd-961c-d0f6f4c476ac" testListId="8c84fa94-04c1-424b-9868-57a2d4851a1d" />
  </TestEntries>
  <TestLists>
    <TestList name="Results Not in a List" id="8c84fa94-04c1-424b-9868-57a2d4851a1d" />
    <TestList name="All Loaded Results" id="19431567-8539-422a-85d7-44ee4e166bda" />
  </TestLists>
  <ResultSummary outcome="Failed">
    <Counters total="15" executed="5" passed="4" failed="1" error="0" timeout="0" aborted="0" inconclusive="0" passedButRunAborted="0" notRunnable="0" notExecuted="0" disconnected="0" warning="0" completed="0" inProgress="0" pending="0" />
    <Output>
      <StdOut>Test 'GaussianFilterCtorTest' was skipped in the test run.
Test 'GaussianFilterTest' was skipped in the test run.
Test 'Test' was skipped in the test run.
Test 'TestPyramidBuilding' was skipped in the test run.
Test 'TestDoGCreation' was skipped in the test run.
Test 'TestFindKeypoints' was skipped in the test run.
Test 'TestContrastTest' was skipped in the test run.
Test 'TestEdgeTest' was skipped in the test run.
Test 'TestAssignParameters' was skipped in the test run.
Test 'FinalizeResult' was skipped in the test run.
</StdOut>
    </Output>
  </ResultSummary>
</TestRun>