<?xml version="1.0" encoding="utf-8"?>
<TestRun id="f958b3a5-15a8-4c78-9716-3a72f2800235" name="@madoX 2020-04-26 18:03:13" xmlns="http://microsoft.com/schemas/VisualStudio/TeamTest/2010">
  <Times creation="2020-04-26T18:03:13.4938421+02:00" queuing="2020-04-26T18:03:13.4938422+02:00" start="2020-04-26T18:03:11.5928206+02:00" finish="2020-04-26T18:03:13.8405973+02:00" />
  <TestSettings name="default" id="07e6df37-c5e8-4382-82e0-9f57862e1ea2">
    <Deployment runDeploymentRoot="_madoX_2020-04-26_18_03_13" />
  </TestSettings>
  <Results>
    <UnitTestResult executionId="b51de773-0858-4dbc-bc34-da483e3e6bf4" testId="6141bb7b-a41a-f909-b336-d09d324b86c1" testName="TestAssignParameters" computerName="madoX" startTime="2020-04-26T18:03:13.7889320+02:00" endTime="2020-04-26T18:03:13.7889774+02:00" testType="13cdc9d9-ddb5-4fa4-a97d-d965ccfc6d4b" outcome="NotExecuted" testListId="8c84fa94-04c1-424b-9868-57a2d4851a1d" relativeResultsDirectory="b51de773-0858-4dbc-bc34-da483e3e6bf4">
      <Output></Output>
    </UnitTestResult>
    <UnitTestResult executionId="e882e3cb-098e-40e1-a102-de3c9bc8d50b" testId="c7a81c0f-39d1-56f8-0c4a-6ff95aac162d" testName="TestEdgeTest" computerName="madoX" startTime="2020-04-26T18:03:13.7869099+02:00" endTime="2020-04-26T18:03:13.7869364+02:00" testType="13cdc9d9-ddb5-4fa4-a97d-d965ccfc6d4b" outcome="NotExecuted" testListId="8c84fa94-04c1-424b-9868-57a2d4851a1d" relativeResultsDirectory="e882e3cb-098e-40e1-a102-de3c9bc8d50b">
      <Output></Output>
    </UnitTestResult>
    <UnitTestResult executionId="42d746cb-0ea4-4c71-b936-e6bff8eb42bf" testId="d258b85f-14b6-24a6-eaf0-9cb58f11778d" testName="TestCalculate" computerName="madoX" duration="00:00:00.0128720" startTime="2020-04-26T18:03:12.0158345+02:00" endTime="2020-04-26T18:03:12.0290438+02:00" testType="13cdc9d9-ddb5-4fa4-a97d-d965ccfc6d4b" outcome="Failed" testListId="8c84fa94-04c1-424b-9868-57a2d4851a1d" relativeResultsDirectory="42d746cb-0ea4-4c71-b936-e6bff8eb42bf">
      <Output>
        <ErrorInfo>
          <Message>Assert.AreEqual failed. Expected a difference no greater than &lt;0.01&gt; between expected value &lt;0.675&gt; and actual value &lt;0.5418486100705519&gt;. </Message>
          <StackTrace>   at ML.Lib.Neuron.NeuralTests.TestCalculate() in /home/mado/Documents/assignments/ssi/ML.Lib.Tests/NeuralTests.cs:line 59
</StackTrace>
        </ErrorInfo>
      </Output>
    </UnitTestResult>
    <UnitTestResult executionId="03af3822-1205-484c-be57-fdadf933e2b1" testId="cbe2e6f9-6de2-9e73-a532-7b5783051631" testName="TestContrastTest" computerName="madoX" startTime="2020-04-26T18:03:13.7868761+02:00" endTime="2020-04-26T18:03:13.7869031+02:00" testType="13cdc9d9-ddb5-4fa4-a97d-d965ccfc6d4b" outcome="NotExecuted" testListId="8c84fa94-04c1-424b-9868-57a2d4851a1d" relativeResultsDirectory="03af3822-1205-484c-be57-fdadf933e2b1">
      <Output></Output>
    </UnitTestResult>
    <UnitTestResult executionId="436451b8-54b9-4a2b-95f4-267ff78df871" testId="66aaeb20-50ad-9b68-0121-0ae2de24b645" testName="GaussianFilterTest" computerName="madoX" startTime="2020-04-26T18:03:13.7866033+02:00" endTime="2020-04-26T18:03:13.7866445+02:00" testType="13cdc9d9-ddb5-4fa4-a97d-d965ccfc6d4b" outcome="NotExecuted" testListId="8c84fa94-04c1-424b-9868-57a2d4851a1d" relativeResultsDirectory="436451b8-54b9-4a2b-95f4-267ff78df871">
      <Output></Output>
    </UnitTestResult>
    <UnitTestResult executionId="168979c3-c556-4814-9edc-d8942f376132" testId="b44e3f1d-d699-2be2-1c29-48f364c32676" testName="SugenoTest" computerName="madoX" duration="00:00:00.0068235" startTime="2020-04-26T18:03:13.7890456+02:00" endTime="2020-04-26T18:03:13.7960114+02:00" testType="13cdc9d9-ddb5-4fa4-a97d-d965ccfc6d4b" outcome="Passed" testListId="8c84fa94-04c1-424b-9868-57a2d4851a1d" relativeResultsDirectory="168979c3-c556-4814-9edc-d8942f376132">
      <Output>
        <StdOut>Living standards for Warszawa are 0.5
Living standards for Kraków are NaN
Living standards for Gdańsk are 0.3
Living standards for Wrocław are 0.3
Living standards for Katowice are 0.8
Living standards for Poznań are 0.41111111111111104
Living standards for Gliwice are 0.8</StdOut>
      </Output>
    </UnitTestResult>
    <UnitTestResult executionId="59e2fac8-79cc-491f-a387-13a074367309" testId="a17d96d6-14da-4cdf-438f-09cf1bf34161" testName="GaussianFilterCtorTest" computerName="madoX" startTime="2020-04-26T18:03:13.7859978+02:00" endTime="2020-04-26T18:03:13.7865862+02:00" testType="13cdc9d9-ddb5-4fa4-a97d-d965ccfc6d4b" outcome="NotExecuted" testListId="8c84fa94-04c1-424b-9868-57a2d4851a1d" relativeResultsDirectory="59e2fac8-79cc-491f-a387-13a074367309">
      <Output></Output>
    </UnitTestResult>
    <UnitTestResult executionId="d27396c2-1d4f-4088-8b2c-0b0eebbd84dc" testId="77b6b6a1-28ac-45e8-9314-cbdf61ad6c72" testName="TestMassCalculate" computerName="madoX" duration="00:00:00.0015283" startTime="2020-04-26T18:03:12.0290788+02:00" endTime="2020-04-26T18:03:12.0306794+02:00" testType="13cdc9d9-ddb5-4fa4-a97d-d965ccfc6d4b" outcome="Passed" testListId="8c84fa94-04c1-424b-9868-57a2d4851a1d" relativeResultsDirectory="d27396c2-1d4f-4088-8b2c-0b0eebbd84dc" />
    <UnitTestResult executionId="93ed306c-c6c1-4c1c-b545-f6ca9d0559ff" testId="a5f2be9a-ecf7-4511-2438-b89033095905" testName="ConstructorTest" computerName="madoX" duration="00:00:00.0055904" startTime="2020-04-26T18:03:11.9863775+02:00" endTime="2020-04-26T18:03:12.0109467+02:00" testType="13cdc9d9-ddb5-4fa4-a97d-d965ccfc6d4b" outcome="Passed" testListId="8c84fa94-04c1-424b-9868-57a2d4851a1d" relativeResultsDirectory="93ed306c-c6c1-4c1c-b545-f6ca9d0559ff" />
    <UnitTestResult executionId="06eeaff0-3b05-45a9-9c61-7d93c2bc166c" testId="3c619f47-cba9-8ea0-d4fa-a85ad4fd1539" testName="TestPyramidBuilding" computerName="madoX" startTime="2020-04-26T18:03:13.7867712+02:00" endTime="2020-04-26T18:03:13.7867999+02:00" testType="13cdc9d9-ddb5-4fa4-a97d-d965ccfc6d4b" outcome="NotExecuted" testListId="8c84fa94-04c1-424b-9868-57a2d4851a1d" relativeResultsDirectory="06eeaff0-3b05-45a9-9c61-7d93c2bc166c">
      <Output></Output>
    </UnitTestResult>
    <UnitTestResult executionId="844327f5-a7ec-4268-805f-787de0352065" testId="8d37b67b-c1cf-3819-ac1d-76bbe0d1bff9" testName="TestTrain" computerName="madoX" duration="00:00:01.7548866" startTime="2020-04-26T18:03:12.0306919+02:00" endTime="2020-04-26T18:03:13.7857302+02:00" testType="13cdc9d9-ddb5-4fa4-a97d-d965ccfc6d4b" outcome="Passed" testListId="8c84fa94-04c1-424b-9868-57a2d4851a1d" relativeResultsDirectory="844327f5-a7ec-4268-805f-787de0352065">
      <Output>
        <StdOut>Sample #0|setosa prob.: 3.293422983009061E-05|versicolor prob.: 0.9999829953614527|virginica prob.:0.9999831383787263
Sample #1|setosa prob.: 3.3732043957643774E-05|versicolor prob.: 0.9999827619573316|virginica prob.:0.9999826320508307
Sample #2|setosa prob.: 3.407499781057787E-05|versicolor prob.: 0.9999825376578624|virginica prob.:0.999982498531923
Sample #3|setosa prob.: 3.415220726748694E-05|versicolor prob.: 0.9999825577061193|virginica prob.:0.9999824215340594
Sample #4|setosa prob.: 3.301505582121046E-05|versicolor prob.: 0.999982937004451|virginica prob.:0.9999831116311273
Sample #5|setosa prob.: 3.21651404667154E-05|versicolor prob.: 0.9999832655624067|virginica prob.:0.9999836047705001
Sample #6|setosa prob.: 3.3978163030320715E-05|versicolor prob.: 0.9999825318080762|virginica prob.:0.9999826023046549
Sample #7|setosa prob.: 3.3072214644851126E-05|versicolor prob.: 0.9999829674806362|virginica prob.:0.9999830437547519
Sample #8|setosa prob.: 3.512663166809233E-05|versicolor prob.: 0.9999821582735788|virginica prob.:0.9999818731333926
Sample #9|setosa prob.: 3.348184447595637E-05|versicolor prob.: 0.9999828734918383|virginica prob.:0.9999827524892176
Sample #10|setosa prob.: 3.234494330369554E-05|versicolor prob.: 0.9999832260621017|virginica prob.:0.9999834685641914
Sample #11|setosa prob.: 3.3313621497691274E-05|versicolor prob.: 0.9999828711918652|virginica prob.:0.9999829107757361
Sample #12|setosa prob.: 3.391331207242029E-05|versicolor prob.: 0.9999826939419183|virginica prob.:0.9999825111652252
Sample #13|setosa prob.: 3.5824719871681906E-05|versicolor prob.: 0.9999817639491965|virginica prob.:0.9999815282100726
Sample #14|setosa prob.: 3.200569195776941E-05|versicolor prob.: 0.999983297273991|virginica prob.:0.999983695572785
Sample #15|setosa prob.: 3.183341028055124E-05|versicolor prob.: 0.9999833192164163|virginica prob.:0.9999838322778546
Sample #16|setosa prob.: 3.242319400449868E-05|versicolor prob.: 0.9999831182002039|virginica prob.:0.9999834914056502
Sample #17|setosa prob.: 3.296050440558773E-05|versicolor prob.: 0.9999829726040583|virginica prob.:0.9999831427068222
Sample #18|setosa prob.: 3.1919082589423585E-05|versicolor prob.: 0.9999833979007363|virginica prob.:0.9999837070155484
Sample #19|setosa prob.: 3.267485853643456E-05|versicolor prob.: 0.999983050050142|virginica prob.:0.9999833269092756
Sample #20|setosa prob.: 3.236496038889517E-05|versicolor prob.: 0.9999832999365877|virginica prob.:0.9999834034689363
Sample #21|setosa prob.: 3.276133057419491E-05|versicolor prob.: 0.9999830207005705|virginica prob.:0.9999832850372506
Sample #22|setosa prob.: 3.4267846925853046E-05|versicolor prob.: 0.9999823109983788|virginica prob.:0.9999824924371994
Sample #23|setosa prob.: 3.2890419749007794E-05|versicolor prob.: 0.9999830574747272|virginica prob.:0.9999831652008141
Sample #24|setosa prob.: 3.302157969402342E-05|versicolor prob.: 0.9999830405914993|virginica prob.:0.9999830431577146
Sample #25|setosa prob.: 3.330883320429131E-05|versicolor prob.: 0.9999829773540124|virginica prob.:0.9999828397731974
Sample #26|setosa prob.: 3.303067080885454E-05|versicolor prob.: 0.9999829740578652|virginica prob.:0.9999830968143955
Sample #27|setosa prob.: 3.270491887513407E-05|versicolor prob.: 0.9999831084339018|virginica prob.:0.9999832519290403
Sample #28|setosa prob.: 3.285830304035046E-05|versicolor prob.: 0.9999830515307805|virginica prob.:0.9999831628129374
Sample #29|setosa prob.: 3.369205797087366E-05|versicolor prob.: 0.9999827523465972|virginica prob.:0.9999826753884377
Sample #30|setosa prob.: 3.358956868572979E-05|versicolor prob.: 0.9999828257476009|virginica prob.:0.999982709805644
Sample #31|setosa prob.: 3.2560948432596355E-05|versicolor prob.: 0.9999831689407271|virginica prob.:0.999983346248759
Sample #32|setosa prob.: 3.2353731700863704E-05|versicolor prob.: 0.9999831586912775|virginica prob.:0.9999835007708823
Sample #33|setosa prob.: 3.208244294783571E-05|versicolor prob.: 0.9999832471155702|virginica prob.:0.9999836684008689
Sample #34|setosa prob.: 3.348184447595637E-05|versicolor prob.: 0.9999828734918383|virginica prob.:0.9999827524892176
Sample #35|setosa prob.: 3.356927557591103E-05|versicolor prob.: 0.9999827566792965|virginica prob.:0.9999827714516066
Sample #36|setosa prob.: 3.248237104130982E-05|versicolor prob.: 0.9999831859078873|virginica prob.:0.9999833816611103
Sample #37|setosa prob.: 3.348184447595637E-05|versicolor prob.: 0.9999828734918383|virginica prob.:0.9999827524892176
Sample #38|setosa prob.: 3.5147653790678036E-05|versicolor prob.: 0.9999821005710405|virginica prob.:0.999981895230797
Sample #39|setosa prob.: 3.2916371586648205E-05|versicolor prob.: 0.9999830369924652|virginica prob.:0.9999831254808556
Sample #40|setosa prob.: 3.32178019112645E-05|versicolor prob.: 0.9999828458427731|virginica prob.:0.9999830161569386
Sample #41|setosa prob.: 3.615287959167652E-05|versicolor prob.: 0.9999818803946865|virginica prob.:0.9999812179860919
Sample #42|setosa prob.: 3.484933465110622E-05|versicolor prob.: 0.9999821782466531|virginica prob.:0.9999820951425215
Sample #43|setosa prob.: 3.301482419081405E-05|versicolor prob.: 0.9999829373308856|virginica prob.:0.9999831563975596
Sample #44|setosa prob.: 3.240456895120878E-05|versicolor prob.: 0.9999831991009195|virginica prob.:0.999983460765555
Sample #45|setosa prob.: 3.398070130074844E-05|versicolor prob.: 0.999982637108879|virginica prob.:0.9999825249329339
Sample #46|setosa prob.: 3.257716787389574E-05|versicolor prob.: 0.9999831137055623|virginica prob.:0.9999833561890943
Sample #47|setosa prob.: 3.41721117438973E-05|versicolor prob.: 0.9999825061543811|virginica prob.:0.9999824397577584
Sample #48|setosa prob.: 3.245926677391036E-05|versicolor prob.: 0.9999831757892769|virginica prob.:0.9999834088885491
Sample #49|setosa prob.: 3.325412387759474E-05|versicolor prob.: 0.9999828979417076|virginica prob.:0.999982938743785
Sample #50|setosa prob.: 3.079968522146175E-05|versicolor prob.: 0.9999839995385619|virginica prob.:0.9999842025642754
Sample #51|setosa prob.: 3.0974918981954254E-05|versicolor prob.: 0.9999839422768488|virginica prob.:0.9999841238101613
Sample #52|setosa prob.: 3.0793967219147515E-05|versicolor prob.: 0.9999840309119526|virginica prob.:0.9999841892582785
Sample #53|setosa prob.: 3.166558610629737E-05|versicolor prob.: 0.9999839772428292|virginica prob.:0.9999835994498322
Sample #54|setosa prob.: 3.0941777518573445E-05|versicolor prob.: 0.9999840501249545|virginica prob.:0.9999840782752619
Sample #55|setosa prob.: 3.1223082127194127E-05|versicolor prob.: 0.999984039975333|virginica prob.:0.9999838930259431
Sample #56|setosa prob.: 3.09713763716178E-05|versicolor prob.: 0.9999839304526887|virginica prob.:0.9999841380719154
Sample #57|setosa prob.: 3.259474235038393E-05|versicolor prob.: 0.9999835849611717|virginica prob.:0.9999831228964529
Sample #58|setosa prob.: 3.087753797146385E-05|versicolor prob.: 0.9999840774322327|virginica prob.:0.9999841023558534
Sample #59|setosa prob.: 3.1835676637068034E-05|versicolor prob.: 0.9999837759318843|virginica prob.:0.9999836154576233
Sample #60|setosa prob.: 3.25861906715922E-05|versicolor prob.: 0.9999837664683118|virginica prob.:0.9999830095328242
Sample #61|setosa prob.: 3.123704565888109E-05|versicolor prob.: 0.9999838944515546|virginica prob.:0.9999839725817232
Sample #62|setosa prob.: 3.129721478042968E-05|versicolor prob.: 0.9999841740605104|virginica prob.:0.9999837294384862
Sample #63|setosa prob.: 3.101291450260688E-05|versicolor prob.: 0.9999840597140883|virginica prob.:0.9999840275288174
Sample #64|setosa prob.: 3.159309763891144E-05|versicolor prob.: 0.9999837709474901|virginica prob.:0.999983780874269
Sample #65|setosa prob.: 3.091091343449285E-05|versicolor prob.: 0.9999839752585334|virginica prob.:0.9999841425538352
Sample #66|setosa prob.: 3.128123450289496E-05|versicolor prob.: 0.9999839321621476|virginica prob.:0.9999839283501835
Sample #67|setosa prob.: 3.1265658836805586E-05|versicolor prob.: 0.999984056990181|virginica prob.:0.9999838340710064
Sample #68|setosa prob.: 3.1127368169401286E-05|versicolor prob.: 0.9999841668333488|virginica prob.:0.9999838748451998
Sample #69|setosa prob.: 3.1529931409537146E-05|versicolor prob.: 0.999983986517911|virginica prob.:0.9999836846730127
Sample #70|setosa prob.: 3.110734414616259E-05|versicolor prob.: 0.9999839061079475|virginica prob.:0.9999840711083402
Sample #71|setosa prob.: 3.120295404085746E-05|versicolor prob.: 0.9999839576121063|virginica prob.:0.9999839462216505
Sample #72|setosa prob.: 3.093960026959457E-05|versicolor prob.: 0.9999841834202434|virginica prob.:0.9999840010396632
Sample #73|setosa prob.: 3.098203624176893E-05|versicolor prob.: 0.9999841387915726|virginica prob.:0.9999839955693443
Sample #74|setosa prob.: 3.1001459072008906E-05|versicolor prob.: 0.9999840171537455|virginica prob.:0.9999840531101515
Sample #75|setosa prob.: 3.093669817066484E-05|versicolor prob.: 0.9999839949992684|virginica prob.:0.9999841130017506
Sample #76|setosa prob.: 3.080955504969225E-05|versicolor prob.: 0.9999841126797149|virginica prob.:0.9999841276106654
Sample #77|setosa prob.: 3.0842602581614035E-05|versicolor prob.: 0.9999840258898105|virginica prob.:0.9999841638555427
Sample #78|setosa prob.: 3.1120815774611166E-05|versicolor prob.: 0.9999839871515707|virginica prob.:0.9999839984483697
Sample #79|setosa prob.: 3.15908396288721E-05|versicolor prob.: 0.9999838917579372|virginica prob.:0.9999836880113885
Sample #80|setosa prob.: 3.168143866996938E-05|versicolor prob.: 0.9999839547204863|virginica prob.:0.9999835902253994
Sample #81|setosa prob.: 3.170851481730496E-05|versicolor prob.: 0.9999839523458423|virginica prob.:0.9999835647387344
Sample #82|setosa prob.: 3.13795475744295E-05|versicolor prob.: 0.9999839472187629|virginica prob.:0.9999838231154181
Sample #83|setosa prob.: 3.0993590050788224E-05|versicolor prob.: 0.9999841368108041|virginica prob.:0.9999840022013545
Sample #84|setosa prob.: 3.1386053341098134E-05|versicolor prob.: 0.999983908139489|virginica prob.:0.9999838743370196
Sample #85|setosa prob.: 3.1097249641702517E-05|versicolor prob.: 0.9999838642673294|virginica prob.:0.9999840959500668
Sample #86|setosa prob.: 3.086739054849756E-05|versicolor prob.: 0.9999840010065124|virginica prob.:0.9999841590596689
Sample #87|setosa prob.: 3.1061388516892506E-05|versicolor prob.: 0.9999841825981307|virginica prob.:0.9999839063159919
Sample #88|setosa prob.: 3.13759011138512E-05|versicolor prob.: 0.9999838870978172|virginica prob.:0.9999838761237685
Sample #89|setosa prob.: 3.1599496725385264E-05|versicolor prob.: 0.9999839382994543|virginica prob.:0.9999836752530307
Sample #90|setosa prob.: 3.138331238778514E-05|versicolor prob.: 0.9999840676136904|virginica prob.:0.999983757873018
Sample #91|setosa prob.: 3.1032005861788394E-05|versicolor prob.: 0.9999840160505495|virginica prob.:0.9999840407879541
Sample #92|setosa prob.: 3.136283231995716E-05|versicolor prob.: 0.9999839947775521|virginica prob.:0.9999838060234396
Sample #93|setosa prob.: 3.2530634140603644E-05|versicolor prob.: 0.9999836384119746|virginica prob.:0.9999831338943718
Sample #94|setosa prob.: 3.139941380499837E-05|versicolor prob.: 0.9999839729283881|virginica prob.:0.9999838039884996
Sample #95|setosa prob.: 3.1271622897890744E-05|versicolor prob.: 0.9999839497993526|virginica prob.:0.999983908758207
Sample #96|setosa prob.: 3.130676431961131E-05|versicolor prob.: 0.9999839441295457|virginica prob.:0.9999838890480425
Sample #97|setosa prob.: 3.106587766367448E-05|versicolor prob.: 0.9999840080899959|virginica prob.:0.9999840152499879
Sample #98|setosa prob.: 3.253451318165205E-05|versicolor prob.: 0.9999834937751525|virginica prob.:0.9999832253457825
Sample #99|setosa prob.: 3.136003757074117E-05|versicolor prob.: 0.9999839390883374|virginica prob.:0.9999838511783911
Sample #100|setosa prob.: 3.0875948476904125E-05|versicolor prob.: 0.9999839375695732|virginica prob.:0.9999842158608638
Sample #101|setosa prob.: 3.1128404353030663E-05|versicolor prob.: 0.9999840445863724|virginica prob.:0.9999839767336599
Sample #102|setosa prob.: 3.069553028318597E-05|versicolor prob.: 0.9999840603065995|virginica prob.:0.9999842400675573
Sample #103|setosa prob.: 3.0824485993056814E-05|versicolor prob.: 0.9999841304571845|virginica prob.:0.9999841222901562
Sample #104|setosa prob.: 3.081686358407345E-05|versicolor prob.: 0.9999840384635205|virginica prob.:0.9999841847505625
Sample #105|setosa prob.: 3.0553574515074725E-05|versicolor prob.: 0.9999841313081369|virginica prob.:0.9999842799764695
Sample #106|setosa prob.: 3.194037805802453E-05|versicolor prob.: 0.9999838473377535|virginica prob.:0.9999835344520687
Sample #107|setosa prob.: 3.0554139515346445E-05|versicolor prob.: 0.9999842062818319|virginica prob.:0.9999842374486494
Sample #108|setosa prob.: 3.069133746424591E-05|versicolor prob.: 0.9999842720523954|virginica prob.:0.9999841181180362
Sample #109|setosa prob.: 3.075395648651757E-05|versicolor prob.: 0.9999838780599692|virginica prob.:0.9999843123615314
Sample #110|setosa prob.: 3.0913059149715094E-05|versicolor prob.: 0.9999839319024058|virginica prob.:0.9999841807207754
Sample #111|setosa prob.: 3.08841696218072E-05|versicolor prob.: 0.9999841015125591|virginica prob.:0.9999840972116886
Sample #112|setosa prob.: 3.08009259310298E-05|versicolor prob.: 0.9999840112277415|virginica prob.:0.9999842046627314
Sample #113|setosa prob.: 3.125132119393897E-05|versicolor prob.: 0.9999840325522905|virginica prob.:0.9999839011295393
Sample #114|setosa prob.: 3.122004127787579E-05|versicolor prob.: 0.9999838917292875|virginica prob.:0.9999840176385427
Sample #115|setosa prob.: 3.0945741265050876E-05|versicolor prob.: 0.9999838982622922|virginica prob.:0.9999841854905228
Sample #116|setosa prob.: 3.0803135831183645E-05|versicolor prob.: 0.9999840851069086|virginica prob.:0.9999841600058089
Sample #117|setosa prob.: 3.063670873241688E-05|versicolor prob.: 0.9999839335158355|virginica prob.:0.9999843432549758
Sample #118|setosa prob.: 3.0493858217545797E-05|versicolor prob.: 0.9999842305394183|virginica prob.:0.9999842580892192
Sample #119|setosa prob.: 3.104894855619483E-05|versicolor prob.: 0.9999842850809119|virginica prob.:0.9999838667575506
Sample #120|setosa prob.: 3.079184686029321E-05|versicolor prob.: 0.9999839520181352|virginica prob.:0.9999842468899862
Sample #121|setosa prob.: 3.1285082017533433E-05|versicolor prob.: 0.9999839346375659|virginica prob.:0.9999839418300368
Sample #122|setosa prob.: 3.049267314000609E-05|versicolor prob.: 0.9999842182164159|virginica prob.:0.9999842645260371
Sample #123|setosa prob.: 3.098697830779323E-05|versicolor prob.: 0.9999840499436051|virginica prob.:0.999984056098015
Sample #124|setosa prob.: 3.0792995493812105E-05|versicolor prob.: 0.9999839748587684|virginica prob.:0.999984233931046
Sample #125|setosa prob.: 3.063627255803123E-05|versicolor prob.: 0.9999840874474598|virginica prob.:0.9999842578672298
Sample #126|setosa prob.: 3.103662253828979E-05|versicolor prob.: 0.9999840042090901|virginica prob.:0.999984051253906
Sample #127|setosa prob.: 3.103049028438085E-05|versicolor prob.: 0.999983975708543|virginica prob.:0.9999840767399844
Sample #128|setosa prob.: 3.085606658132352E-05|versicolor prob.: 0.9999840791532576|virginica prob.:0.999984134056219
Sample #129|setosa prob.: 3.061604706860001E-05|versicolor prob.: 0.9999841577448796|virginica prob.:0.9999842276254052
Sample #130|setosa prob.: 3.058566768267898E-05|versicolor prob.: 0.9999841737372113|virginica prob.:0.9999842374853458
Sample #131|setosa prob.: 3.063499393451603E-05|versicolor prob.: 0.9999839286471877|virginica prob.:0.9999843455941907
Sample #132|setosa prob.: 3.087436645479061E-05|versicolor prob.: 0.9999840543383691|virginica prob.:0.9999841380925762
Sample #133|setosa prob.: 3.0878427113132634E-05|versicolor prob.: 0.9999841428495096|virginica prob.:0.9999840706513355
Sample #134|setosa prob.: 3.080114214060831E-05|versicolor prob.: 0.9999843341702978|virginica prob.:0.9999840112943426
Sample #135|setosa prob.: 3.064823694887873E-05|versicolor prob.: 0.9999840185381874|virginica prob.:0.9999842898304229
Sample #136|setosa prob.: 3.0927921511239004E-05|versicolor prob.: 0.9999838822145884|virginica prob.:0.9999842124178919
Sample #137|setosa prob.: 3.0825171691773344E-05|versicolor prob.: 0.999984061278616|virginica prob.:0.9999841617441773
Sample #138|setosa prob.: 3.108797546232818E-05|versicolor prob.: 0.9999839520860313|virginica prob.:0.999984052777876
Sample #139|setosa prob.: 3.0804896439498694E-05|versicolor prob.: 0.9999839735524746|virginica prob.:0.9999842232991034
Sample #140|setosa prob.: 3.0850931370742944E-05|versicolor prob.: 0.9999839413922007|virginica prob.:0.9999842184641323
Sample #141|setosa prob.: 3.088600856647296E-05|versicolor prob.: 0.9999838927525158|virginica prob.:0.9999842192448019
Sample #142|setosa prob.: 3.1128404353030663E-05|versicolor prob.: 0.9999840445863724|virginica prob.:0.9999839767336599
Sample #143|setosa prob.: 3.0775046869738135E-05|versicolor prob.: 0.9999839803347252|virginica prob.:0.9999842426226223
Sample #144|setosa prob.: 3.085352716384888E-05|versicolor prob.: 0.9999838959738134|virginica prob.:0.9999842453710447
Sample #145|setosa prob.: 3.090510565264679E-05|versicolor prob.: 0.9999839250057413|virginica prob.:0.9999841900335513
Sample #146|setosa prob.: 3.0994117217910774E-05|versicolor prob.: 0.9999840916652067|virginica prob.:0.9999840270981568
Sample #147|setosa prob.: 3.089571389502032E-05|versicolor prob.: 0.9999839893015056|virginica prob.:0.9999841574765228
Sample #148|setosa prob.: 3.09695492924113E-05|versicolor prob.: 0.9999838719219928|virginica prob.:0.9999841913464175
Sample #149|setosa prob.: 3.104710497164226E-05|versicolor prob.: 0.9999840058945672|virginica prob.:0.9999840533677103
Weights:Layer#0
Neuron#0|-0.11501170549665181||0.8304050489642109||-0.15505724983948974||0.7272573089623161||0.711054787253966||0.7079451687671663||0.47169233531487925||-0.7586780535427529||-0.44397632814079646||0.39807916501099816|
Neuron#1|-0.4274764958363343||0.058472379510636954||-0.47858957892550397||0.31288025291229304||0.2811875635384725||0.3627022120092884||0.6255037384024893||0.02434953449328686||-0.5705573581636174||0.5462334564713752|
Neuron#2|0.009604950972237522||0.4231545509416572||0.3178854550955821||0.24079434352369414||0.5597326365358423||0.16391634508045042||0.27371232985415644||0.008889623734894405||0.18629153905123427||0.5700781486949381|
Neuron#3|-0.24424544546434737||0.07037860149862775||-0.45683721561013774||0.3710371670200214||-0.44244089090849126||0.3440673778080671||0.01724498176104136||0.12832696741111624||-0.31742388450405085||-0.42727999760400237|
Layer#1
Neuron#0|-0.02260417627576663||0.22852205309445411||-0.054250748459908175|
Neuron#1|-1.643681154074842||1.8929972563807662||2.0306533489069083|
Neuron#2|-0.08376649798253637||0.14656386626096093||-0.010242838594730623|
Neuron#3|-1.8044078054573895||2.261522744977798||1.821082421582321|
Neuron#4|-2.344107656938491||2.0439719946119053||1.5444947566435028|
Neuron#5|-1.5416860659723246||2.1448630923172733||2.1602447950478365|
Neuron#6|-1.4291182205486392||1.3504108536333028||2.103625180504575|
Neuron#7|0.27310299505227925||-0.13256196327046113||-0.0201837152235615|
Neuron#8|0.27885067174737205||0.17858540986136107||-0.2551983663129778|
Neuron#9|-1.6230270886969989||1.3159852654881696||1.4122707685275773|
Layer#2
Neuron#0
Neuron#1
Neuron#2</StdOut>
      </Output>
    </UnitTestResult>
    <UnitTestResult executionId="9bb2676e-500e-4af0-9eac-1147a5266b61" testId="f506b79a-2f44-5be9-d26c-b2a5166b61ba" testName="Test" computerName="madoX" startTime="2020-04-26T18:03:13.7866537+02:00" endTime="2020-04-26T18:03:13.7867620+02:00" testType="13cdc9d9-ddb5-4fa4-a97d-d965ccfc6d4b" outcome="NotExecuted" testListId="8c84fa94-04c1-424b-9868-57a2d4851a1d" relativeResultsDirectory="9bb2676e-500e-4af0-9eac-1147a5266b61">
      <Output></Output>
    </UnitTestResult>
    <UnitTestResult executionId="8f5db561-94c9-4051-aeb8-3676dcd13726" testId="0d712b84-ad40-a7e7-163a-6d1905e2c215" testName="FinalizeResult" computerName="madoX" startTime="2020-04-26T18:03:13.7889910+02:00" endTime="2020-04-26T18:03:13.7890361+02:00" testType="13cdc9d9-ddb5-4fa4-a97d-d965ccfc6d4b" outcome="NotExecuted" testListId="8c84fa94-04c1-424b-9868-57a2d4851a1d" relativeResultsDirectory="8f5db561-94c9-4051-aeb8-3676dcd13726">
      <Output></Output>
    </UnitTestResult>
    <UnitTestResult executionId="0d1669ec-6eca-4a68-b2ca-416fde703ddc" testId="2143b7c7-6299-6b01-b162-6d724aa767f8" testName="TestFindKeypoints" computerName="madoX" startTime="2020-04-26T18:03:13.7868422+02:00" endTime="2020-04-26T18:03:13.7868693+02:00" testType="13cdc9d9-ddb5-4fa4-a97d-d965ccfc6d4b" outcome="NotExecuted" testListId="8c84fa94-04c1-424b-9868-57a2d4851a1d" relativeResultsDirectory="0d1669ec-6eca-4a68-b2ca-416fde703ddc">
      <Output></Output>
    </UnitTestResult>
    <UnitTestResult executionId="67e08e3b-205b-4c23-a29b-d2f2140a12be" testId="ae8b806e-91cd-158d-cf84-39ff4ea33259" testName="TestDoGCreation" computerName="madoX" startTime="2020-04-26T18:03:13.7868078+02:00" endTime="2020-04-26T18:03:13.7868354+02:00" testType="13cdc9d9-ddb5-4fa4-a97d-d965ccfc6d4b" outcome="NotExecuted" testListId="8c84fa94-04c1-424b-9868-57a2d4851a1d" relativeResultsDirectory="67e08e3b-205b-4c23-a29b-d2f2140a12be">
      <Output></Output>
    </UnitTestResult>
  </Results>
  <TestDefinitions>
    <UnitTest name="Test" storage="/home/mado/documents/assignments/ssi/ml.lib.tests/bin/debug/netcoreapp3.1/ml.lib.tests.dll" id="f506b79a-2f44-5be9-d26c-b2a5166b61ba">
      <Execution id="9bb2676e-500e-4af0-9eac-1147a5266b61" />
      <TestMethod codeBase="/home/mado/Documents/assignments/ssi/ML.Lib.Tests/bin/Debug/netcoreapp3.1/ML.Lib.Tests.dll" adapterTypeName="executor://mstestadapter/v2" className="ML.Lib.Tests.SIFTTests" name="Test" />
    </UnitTest>
    <UnitTest name="TestPyramidBuilding" storage="/home/mado/documents/assignments/ssi/ml.lib.tests/bin/debug/netcoreapp3.1/ml.lib.tests.dll" id="3c619f47-cba9-8ea0-d4fa-a85ad4fd1539">
      <Execution id="06eeaff0-3b05-45a9-9c61-7d93c2bc166c" />
      <TestMethod codeBase="/home/mado/Documents/assignments/ssi/ML.Lib.Tests/bin/Debug/netcoreapp3.1/ML.Lib.Tests.dll" adapterTypeName="executor://mstestadapter/v2" className="ML.Lib.Tests.SIFTTests" name="TestPyramidBuilding" />
    </UnitTest>
    <UnitTest name="TestMassCalculate" storage="/home/mado/documents/assignments/ssi/ml.lib.tests/bin/debug/netcoreapp3.1/ml.lib.tests.dll" id="77b6b6a1-28ac-45e8-9314-cbdf61ad6c72">
      <Execution id="d27396c2-1d4f-4088-8b2c-0b0eebbd84dc" />
      <TestMethod codeBase="/home/mado/Documents/assignments/ssi/ML.Lib.Tests/bin/Debug/netcoreapp3.1/ML.Lib.Tests.dll" adapterTypeName="executor://mstestadapter/v2" className="ML.Lib.Neuron.NeuralTests" name="TestMassCalculate" />
    </UnitTest>
    <UnitTest name="TestAssignParameters" storage="/home/mado/documents/assignments/ssi/ml.lib.tests/bin/debug/netcoreapp3.1/ml.lib.tests.dll" id="6141bb7b-a41a-f909-b336-d09d324b86c1">
      <Execution id="b51de773-0858-4dbc-bc34-da483e3e6bf4" />
      <TestMethod codeBase="/home/mado/Documents/assignments/ssi/ML.Lib.Tests/bin/Debug/netcoreapp3.1/ML.Lib.Tests.dll" adapterTypeName="executor://mstestadapter/v2" className="ML.Lib.Tests.SIFTTests" name="TestAssignParameters" />
    </UnitTest>
    <UnitTest name="TestContrastTest" storage="/home/mado/documents/assignments/ssi/ml.lib.tests/bin/debug/netcoreapp3.1/ml.lib.tests.dll" id="cbe2e6f9-6de2-9e73-a532-7b5783051631">
      <Execution id="03af3822-1205-484c-be57-fdadf933e2b1" />
      <TestMethod codeBase="/home/mado/Documents/assignments/ssi/ML.Lib.Tests/bin/Debug/netcoreapp3.1/ML.Lib.Tests.dll" adapterTypeName="executor://mstestadapter/v2" className="ML.Lib.Tests.SIFTTests" name="TestContrastTest" />
    </UnitTest>
    <UnitTest name="TestTrain" storage="/home/mado/documents/assignments/ssi/ml.lib.tests/bin/debug/netcoreapp3.1/ml.lib.tests.dll" id="8d37b67b-c1cf-3819-ac1d-76bbe0d1bff9">
      <Execution id="844327f5-a7ec-4268-805f-787de0352065" />
      <TestMethod codeBase="/home/mado/Documents/assignments/ssi/ML.Lib.Tests/bin/Debug/netcoreapp3.1/ML.Lib.Tests.dll" adapterTypeName="executor://mstestadapter/v2" className="ML.Lib.Neuron.NeuralTests" name="TestTrain" />
    </UnitTest>
    <UnitTest name="SugenoTest" storage="/home/mado/documents/assignments/ssi/ml.lib.tests/bin/debug/netcoreapp3.1/ml.lib.tests.dll" id="b44e3f1d-d699-2be2-1c29-48f364c32676">
      <Execution id="168979c3-c556-4814-9edc-d8942f376132" />
      <TestMethod codeBase="/home/mado/Documents/assignments/ssi/ML.Lib.Tests/bin/Debug/netcoreapp3.1/ML.Lib.Tests.dll" adapterTypeName="executor://mstestadapter/v2" className="ML.Lib.Tests.SugenoTests" name="SugenoTest" />
    </UnitTest>
    <UnitTest name="TestEdgeTest" storage="/home/mado/documents/assignments/ssi/ml.lib.tests/bin/debug/netcoreapp3.1/ml.lib.tests.dll" id="c7a81c0f-39d1-56f8-0c4a-6ff95aac162d">
      <Execution id="e882e3cb-098e-40e1-a102-de3c9bc8d50b" />
      <TestMethod codeBase="/home/mado/Documents/assignments/ssi/ML.Lib.Tests/bin/Debug/netcoreapp3.1/ML.Lib.Tests.dll" adapterTypeName="executor://mstestadapter/v2" className="ML.Lib.Tests.SIFTTests" name="TestEdgeTest" />
    </UnitTest>
    <UnitTest name="GaussianFilterCtorTest" storage="/home/mado/documents/assignments/ssi/ml.lib.tests/bin/debug/netcoreapp3.1/ml.lib.tests.dll" id="a17d96d6-14da-4cdf-438f-09cf1bf34161">
      <Execution id="59e2fac8-79cc-491f-a387-13a074367309" />
      <TestMethod codeBase="/home/mado/Documents/assignments/ssi/ML.Lib.Tests/bin/Debug/netcoreapp3.1/ML.Lib.Tests.dll" adapterTypeName="executor://mstestadapter/v2" className="ML.Lib.Tests.FilterTests" name="GaussianFilterCtorTest" />
    </UnitTest>
    <UnitTest name="TestFindKeypoints" storage="/home/mado/documents/assignments/ssi/ml.lib.tests/bin/debug/netcoreapp3.1/ml.lib.tests.dll" id="2143b7c7-6299-6b01-b162-6d724aa767f8">
      <Execution id="0d1669ec-6eca-4a68-b2ca-416fde703ddc" />
      <TestMethod codeBase="/home/mado/Documents/assignments/ssi/ML.Lib.Tests/bin/Debug/netcoreapp3.1/ML.Lib.Tests.dll" adapterTypeName="executor://mstestadapter/v2" className="ML.Lib.Tests.SIFTTests" name="TestFindKeypoints" />
    </UnitTest>
    <UnitTest name="TestCalculate" storage="/home/mado/documents/assignments/ssi/ml.lib.tests/bin/debug/netcoreapp3.1/ml.lib.tests.dll" id="d258b85f-14b6-24a6-eaf0-9cb58f11778d">
      <Execution id="42d746cb-0ea4-4c71-b936-e6bff8eb42bf" />
      <TestMethod codeBase="/home/mado/Documents/assignments/ssi/ML.Lib.Tests/bin/Debug/netcoreapp3.1/ML.Lib.Tests.dll" adapterTypeName="executor://mstestadapter/v2" className="ML.Lib.Neuron.NeuralTests" name="TestCalculate" />
    </UnitTest>
    <UnitTest name="GaussianFilterTest" storage="/home/mado/documents/assignments/ssi/ml.lib.tests/bin/debug/netcoreapp3.1/ml.lib.tests.dll" id="66aaeb20-50ad-9b68-0121-0ae2de24b645">
      <Execution id="436451b8-54b9-4a2b-95f4-267ff78df871" />
      <TestMethod codeBase="/home/mado/Documents/assignments/ssi/ML.Lib.Tests/bin/Debug/netcoreapp3.1/ML.Lib.Tests.dll" adapterTypeName="executor://mstestadapter/v2" className="ML.Lib.Tests.FilterTests" name="GaussianFilterTest" />
    </UnitTest>
    <UnitTest name="FinalizeResult" storage="/home/mado/documents/assignments/ssi/ml.lib.tests/bin/debug/netcoreapp3.1/ml.lib.tests.dll" id="0d712b84-ad40-a7e7-163a-6d1905e2c215">
      <Execution id="8f5db561-94c9-4051-aeb8-3676dcd13726" />
      <TestMethod codeBase="/home/mado/Documents/assignments/ssi/ML.Lib.Tests/bin/Debug/netcoreapp3.1/ML.Lib.Tests.dll" adapterTypeName="executor://mstestadapter/v2" className="ML.Lib.Tests.SIFTTests" name="FinalizeResult" />
    </UnitTest>
    <UnitTest name="TestDoGCreation" storage="/home/mado/documents/assignments/ssi/ml.lib.tests/bin/debug/netcoreapp3.1/ml.lib.tests.dll" id="ae8b806e-91cd-158d-cf84-39ff4ea33259">
      <Execution id="67e08e3b-205b-4c23-a29b-d2f2140a12be" />
      <TestMethod codeBase="/home/mado/Documents/assignments/ssi/ML.Lib.Tests/bin/Debug/netcoreapp3.1/ML.Lib.Tests.dll" adapterTypeName="executor://mstestadapter/v2" className="ML.Lib.Tests.SIFTTests" name="TestDoGCreation" />
    </UnitTest>
    <UnitTest name="ConstructorTest" storage="/home/mado/documents/assignments/ssi/ml.lib.tests/bin/debug/netcoreapp3.1/ml.lib.tests.dll" id="a5f2be9a-ecf7-4511-2438-b89033095905">
      <Execution id="93ed306c-c6c1-4c1c-b545-f6ca9d0559ff" />
      <TestMethod codeBase="/home/mado/Documents/assignments/ssi/ML.Lib.Tests/bin/Debug/netcoreapp3.1/ML.Lib.Tests.dll" adapterTypeName="executor://mstestadapter/v2" className="ML.Lib.Neuron.NeuralTests" name="ConstructorTest" />
    </UnitTest>
  </TestDefinitions>
  <TestEntries>
    <TestEntry testId="6141bb7b-a41a-f909-b336-d09d324b86c1" executionId="b51de773-0858-4dbc-bc34-da483e3e6bf4" testListId="8c84fa94-04c1-424b-9868-57a2d4851a1d" />
    <TestEntry testId="c7a81c0f-39d1-56f8-0c4a-6ff95aac162d" executionId="e882e3cb-098e-40e1-a102-de3c9bc8d50b" testListId="8c84fa94-04c1-424b-9868-57a2d4851a1d" />
    <TestEntry testId="d258b85f-14b6-24a6-eaf0-9cb58f11778d" executionId="42d746cb-0ea4-4c71-b936-e6bff8eb42bf" testListId="8c84fa94-04c1-424b-9868-57a2d4851a1d" />
    <TestEntry testId="cbe2e6f9-6de2-9e73-a532-7b5783051631" executionId="03af3822-1205-484c-be57-fdadf933e2b1" testListId="8c84fa94-04c1-424b-9868-57a2d4851a1d" />
    <TestEntry testId="66aaeb20-50ad-9b68-0121-0ae2de24b645" executionId="436451b8-54b9-4a2b-95f4-267ff78df871" testListId="8c84fa94-04c1-424b-9868-57a2d4851a1d" />
    <TestEntry testId="b44e3f1d-d699-2be2-1c29-48f364c32676" executionId="168979c3-c556-4814-9edc-d8942f376132" testListId="8c84fa94-04c1-424b-9868-57a2d4851a1d" />
    <TestEntry testId="a17d96d6-14da-4cdf-438f-09cf1bf34161" executionId="59e2fac8-79cc-491f-a387-13a074367309" testListId="8c84fa94-04c1-424b-9868-57a2d4851a1d" />
    <TestEntry testId="77b6b6a1-28ac-45e8-9314-cbdf61ad6c72" executionId="d27396c2-1d4f-4088-8b2c-0b0eebbd84dc" testListId="8c84fa94-04c1-424b-9868-57a2d4851a1d" />
    <TestEntry testId="a5f2be9a-ecf7-4511-2438-b89033095905" executionId="93ed306c-c6c1-4c1c-b545-f6ca9d0559ff" testListId="8c84fa94-04c1-424b-9868-57a2d4851a1d" />
    <TestEntry testId="3c619f47-cba9-8ea0-d4fa-a85ad4fd1539" executionId="06eeaff0-3b05-45a9-9c61-7d93c2bc166c" testListId="8c84fa94-04c1-424b-9868-57a2d4851a1d" />
    <TestEntry testId="8d37b67b-c1cf-3819-ac1d-76bbe0d1bff9" executionId="844327f5-a7ec-4268-805f-787de0352065" testListId="8c84fa94-04c1-424b-9868-57a2d4851a1d" />
    <TestEntry testId="f506b79a-2f44-5be9-d26c-b2a5166b61ba" executionId="9bb2676e-500e-4af0-9eac-1147a5266b61" testListId="8c84fa94-04c1-424b-9868-57a2d4851a1d" />
    <TestEntry testId="0d712b84-ad40-a7e7-163a-6d1905e2c215" executionId="8f5db561-94c9-4051-aeb8-3676dcd13726" testListId="8c84fa94-04c1-424b-9868-57a2d4851a1d" />
    <TestEntry testId="2143b7c7-6299-6b01-b162-6d724aa767f8" executionId="0d1669ec-6eca-4a68-b2ca-416fde703ddc" testListId="8c84fa94-04c1-424b-9868-57a2d4851a1d" />
    <TestEntry testId="ae8b806e-91cd-158d-cf84-39ff4ea33259" executionId="67e08e3b-205b-4c23-a29b-d2f2140a12be" testListId="8c84fa94-04c1-424b-9868-57a2d4851a1d" />
  </TestEntries>
  <TestLists>
    <TestList name="Results Not in a List" id="8c84fa94-04c1-424b-9868-57a2d4851a1d" />
    <TestList name="All Loaded Results" id="19431567-8539-422a-85d7-44ee4e166bda" />
  </TestLists>
  <ResultSummary outcome="Failed">
    <Counters total="15" executed="5" passed="4" failed="1" error="0" timeout="0" aborted="0" inconclusive="0" passedButRunAborted="0" notRunnable="0" notExecuted="0" disconnected="0" warning="0" completed="0" inProgress="0" pending="0" />
    <Output>
      <StdOut>Test 'GaussianFilterCtorTest' was skipped in the test run.
Test 'GaussianFilterTest' was skipped in the test run.
Test 'Test' was skipped in the test run.
Test 'TestPyramidBuilding' was skipped in the test run.
Test 'TestDoGCreation' was skipped in the test run.
Test 'TestFindKeypoints' was skipped in the test run.
Test 'TestContrastTest' was skipped in the test run.
Test 'TestEdgeTest' was skipped in the test run.
Test 'TestAssignParameters' was skipped in the test run.
Test 'FinalizeResult' was skipped in the test run.
</StdOut>
    </Output>
  </ResultSummary>
</TestRun>