<?xml version="1.0" encoding="utf-8"?>
<TestRun id="db20b492-6173-4b45-90bf-4fdba0a066df" name="@madoX 2020-04-26 18:03:31" xmlns="http://microsoft.com/schemas/VisualStudio/TeamTest/2010">
  <Times creation="2020-04-26T18:03:31.5099956+02:00" queuing="2020-04-26T18:03:31.5099957+02:00" start="2020-04-26T18:03:29.5845858+02:00" finish="2020-04-26T18:03:31.8409229+02:00" />
  <TestSettings name="default" id="aa2af0cd-9938-4a65-859b-0f7a387ed8de">
    <Deployment runDeploymentRoot="_madoX_2020-04-26_18_03_31" />
  </TestSettings>
  <Results>
    <UnitTestResult executionId="02511f0b-1e1c-41aa-a933-7c5667b09ca1" testId="b44e3f1d-d699-2be2-1c29-48f364c32676" testName="SugenoTest" computerName="madoX" duration="00:00:00.0063596" startTime="2020-04-26T18:03:31.7849282+02:00" endTime="2020-04-26T18:03:31.7914301+02:00" testType="13cdc9d9-ddb5-4fa4-a97d-d965ccfc6d4b" outcome="Passed" testListId="8c84fa94-04c1-424b-9868-57a2d4851a1d" relativeResultsDirectory="02511f0b-1e1c-41aa-a933-7c5667b09ca1">
      <Output>
        <StdOut>Living standards for Warszawa are 0.5
Living standards for Kraków are NaN
Living standards for Gdańsk are 0.3
Living standards for Wrocław are 0.3
Living standards for Katowice are 0.8
Living standards for Poznań are 0.41111111111111104
Living standards for Gliwice are 0.8</StdOut>
      </Output>
    </UnitTestResult>
    <UnitTestResult executionId="3e755e66-889a-47c7-8404-553bd72d3792" testId="3c619f47-cba9-8ea0-d4fa-a85ad4fd1539" testName="TestPyramidBuilding" computerName="madoX" startTime="2020-04-26T18:03:31.7826542+02:00" endTime="2020-04-26T18:03:31.7826833+02:00" testType="13cdc9d9-ddb5-4fa4-a97d-d965ccfc6d4b" outcome="NotExecuted" testListId="8c84fa94-04c1-424b-9868-57a2d4851a1d" relativeResultsDirectory="3e755e66-889a-47c7-8404-553bd72d3792">
      <Output></Output>
    </UnitTestResult>
    <UnitTestResult executionId="172025b4-a79b-4e8a-a04f-511707dd4db2" testId="ae8b806e-91cd-158d-cf84-39ff4ea33259" testName="TestDoGCreation" computerName="madoX" startTime="2020-04-26T18:03:31.7826913+02:00" endTime="2020-04-26T18:03:31.7827190+02:00" testType="13cdc9d9-ddb5-4fa4-a97d-d965ccfc6d4b" outcome="NotExecuted" testListId="8c84fa94-04c1-424b-9868-57a2d4851a1d" relativeResultsDirectory="172025b4-a79b-4e8a-a04f-511707dd4db2">
      <Output></Output>
    </UnitTestResult>
    <UnitTestResult executionId="45dd96c3-4e34-46b4-a269-fd536da3575e" testId="8d37b67b-c1cf-3819-ac1d-76bbe0d1bff9" testName="TestTrain" computerName="madoX" duration="00:00:01.7502559" startTime="2020-04-26T18:03:30.0312392+02:00" endTime="2020-04-26T18:03:31.7816432+02:00" testType="13cdc9d9-ddb5-4fa4-a97d-d965ccfc6d4b" outcome="Passed" testListId="8c84fa94-04c1-424b-9868-57a2d4851a1d" relativeResultsDirectory="45dd96c3-4e34-46b4-a269-fd536da3575e">
      <Output>
        <StdOut>Sample #0|setosa prob.: 0.9922854773185125|versicolor prob.: 0.012495098537043156|virginica prob.:4.2735305907624805E-06
Sample #1|setosa prob.: 0.9910106404720548|versicolor prob.: 0.014738688921570448|virginica prob.:4.730124264684343E-06
Sample #2|setosa prob.: 0.9918470888786428|versicolor prob.: 0.013311824665874557|virginica prob.:4.53313318525139E-06
Sample #3|setosa prob.: 0.9903450556952078|versicolor prob.: 0.016093198070178158|virginica prob.:4.93872718258436E-06
Sample #4|setosa prob.: 0.9923812194341632|versicolor prob.: 0.012365295244108605|virginica prob.:4.247032518912282E-06
Sample #5|setosa prob.: 0.9920784554094271|versicolor prob.: 0.012793140048132253|virginica prob.:4.275217386575923E-06
Sample #6|setosa prob.: 0.9917013173843374|versicolor prob.: 0.013590843208860346|virginica prob.:4.58697286103477E-06
Sample #7|setosa prob.: 0.9917676537413994|versicolor prob.: 0.013384789365880301|virginica prob.:4.4601900308234724E-06
Sample #8|setosa prob.: 0.9898150091245129|versicolor prob.: 0.017175609962720516|virginica prob.:5.15820404064196E-06
Sample #9|setosa prob.: 0.9910336932637785|versicolor prob.: 0.01472972671189652|virginica prob.:4.686106120429353E-06
Sample #10|setosa prob.: 0.9924426084965752|versicolor prob.: 0.012200079862704327|virginica prob.:4.155253995328566E-06
Sample #11|setosa prob.: 0.9911493389486352|versicolor prob.: 0.014547507965393098|virginica prob.:4.657802168214436E-06
Sample #12|setosa prob.: 0.9911435850538529|versicolor prob.: 0.014540731532960269|virginica prob.:4.705455983175239E-06
Sample #13|setosa prob.: 0.9920355222949472|versicolor prob.: 0.013154527841582721|virginica prob.:4.6018002074847605E-06
Sample #14|setosa prob.: 0.9930066785000029|versicolor prob.: 0.011357741655002723|virginica prob.:3.8492459568751635E-06
Sample #15|setosa prob.: 0.9929120483152769|versicolor prob.: 0.01148222783212252|virginica prob.:3.8988282763236025E-06
Sample #16|setosa prob.: 0.9927725293705876|versicolor prob.: 0.011705787511341048|virginica prob.:4.023335450834156E-06
Sample #17|setosa prob.: 0.9921810712880064|versicolor prob.: 0.012656116470733612|virginica prob.:4.3200483175293846E-06
Sample #18|setosa prob.: 0.992183049671498|versicolor prob.: 0.012587361551595703|virginica prob.:4.201139363346823E-06
Sample #19|setosa prob.: 0.9923749383516187|versicolor prob.: 0.01235377591399175|virginica prob.:4.223853596198897E-06
Sample #20|setosa prob.: 0.9912512547452568|versicolor prob.: 0.014260809008805598|virginica prob.:4.503531393098649E-06
Sample #21|setosa prob.: 0.9921288579518305|versicolor prob.: 0.012742422143380958|virginica prob.:4.327696161163143E-06
Sample #22|setosa prob.: 0.9928951091752765|versicolor prob.: 0.01172989942668744|virginica prob.:4.101287202062706E-06
Sample #23|setosa prob.: 0.989350354484175|versicolor prob.: 0.017894561658546013|virginica prob.:5.001980992587398E-06
Sample #24|setosa prob.: 0.9884076481564528|versicolor prob.: 0.020060120730592546|virginica prob.:5.11306168427742E-06
Sample #25|setosa prob.: 0.9896192191920788|versicolor prob.: 0.017412973202863797|virginica prob.:4.959614658029431E-06
Sample #26|setosa prob.: 0.9908788724079189|versicolor prob.: 0.014966873864651188|virginica prob.:4.709675874848543E-06
Sample #27|setosa prob.: 0.9920818796962831|versicolor prob.: 0.01281315895429792|virginica prob.:4.321381212910906E-06
Sample #28|setosa prob.: 0.992181620408473|versicolor prob.: 0.012642242488955152|virginica prob.:4.301270104568372E-06
Sample #29|setosa prob.: 0.9901843417204839|versicolor prob.: 0.016392133686637028|virginica prob.:4.9169132039319844E-06
Sample #30|setosa prob.: 0.9898182324122867|versicolor prob.: 0.017073276496094338|virginica prob.:4.969865886437809E-06
Sample #31|setosa prob.: 0.9917351080662755|versicolor prob.: 0.013347110081113153|virginica prob.:4.423273156459202E-06
Sample #32|setosa prob.: 0.9928033597024948|versicolor prob.: 0.01170232497974327|virginica prob.:4.001819564878665E-06
Sample #33|setosa prob.: 0.9929388443949946|versicolor prob.: 0.011474874879491182|virginica prob.:3.904111591982693E-06
Sample #34|setosa prob.: 0.9910336932637785|versicolor prob.: 0.01472972671189652|virginica prob.:4.686106120429353E-06
Sample #35|setosa prob.: 0.9922801244445505|versicolor prob.: 0.012517850774993984|virginica prob.:4.327122941808925E-06
Sample #36|setosa prob.: 0.9925928924909754|versicolor prob.: 0.011950665131214153|virginica prob.:4.101936893074228E-06
Sample #37|setosa prob.: 0.9910336932637785|versicolor prob.: 0.01472972671189652|virginica prob.:4.686106120429353E-06
Sample #38|setosa prob.: 0.9910411686345751|versicolor prob.: 0.014842561722411|virginica prob.:4.87370929913882E-06
Sample #39|setosa prob.: 0.9918345745534515|versicolor prob.: 0.013248631406551232|virginica prob.:4.422037262696497E-06
Sample #40|setosa prob.: 0.9923693291207134|versicolor prob.: 0.012375210603462385|virginica prob.:4.2724991592339626E-06
Sample #41|setosa prob.: 0.9850830330658547|versicolor prob.: 0.026914753641009426|virginica prob.:6.003690325536418E-06
Sample #42|setosa prob.: 0.9916461243032283|versicolor prob.: 0.01376441482613309|virginica prob.:4.67364957237044E-06
Sample #43|setosa prob.: 0.9907149772559637|versicolor prob.: 0.015243003511641384|virginica prob.:4.773083505484832E-06
Sample #44|setosa prob.: 0.990644728752274|versicolor prob.: 0.015464909137363411|virginica prob.:4.671028411168379E-06
Sample #45|setosa prob.: 0.990611233260916|versicolor prob.: 0.015484661322054068|virginica prob.:4.868380049358891E-06
Sample #46|setosa prob.: 0.992252186364313|versicolor prob.: 0.01256070691956164|virginica prob.:4.254312400807696E-06
Sample #47|setosa prob.: 0.9913559113903777|versicolor prob.: 0.014207642635317293|virginica prob.:4.694652865841714E-06
Sample #48|setosa prob.: 0.9924091680520859|versicolor prob.: 0.01226809949662526|virginica prob.:4.180806301640767E-06
Sample #49|setosa prob.: 0.991900196477296|versicolor prob.: 0.013149158085073614|virginica prob.:4.436065764326812E-06
Sample #50|setosa prob.: 0.008893454931985003|versicolor prob.: 0.9992543292486644|virginica prob.:0.00013234761770519976
Sample #51|setosa prob.: 0.006817735590160721|versicolor prob.: 0.9988571195929035|virginica prob.:0.0002599347069930238
Sample #52|setosa prob.: 0.005133454534974272|versicolor prob.: 0.9985757837676582|virginica prob.:0.0004951142979874632
Sample #53|setosa prob.: 0.001839312331074729|versicolor prob.: 0.9390368067714681|virginica prob.:0.03912334436246741
Sample #54|setosa prob.: 0.0035644544454051705|versicolor prob.: 0.9960473334933588|virginica prob.:0.0019332404749784911
Sample #55|setosa prob.: 0.001768272405635985|versicolor prob.: 0.9523881173021896|virginica prob.:0.033419053124926074
Sample #56|setosa prob.: 0.003553759670197275|versicolor prob.: 0.9957531065706239|virginica prob.:0.0019225653048336375
Sample #57|setosa prob.: 0.011656191007308475|versicolor prob.: 0.9989085095561602|virginica prob.:0.00011535816832228561
Sample #58|setosa prob.: 0.0069302750320956305|versicolor prob.: 0.9990697322931007|virginica prob.:0.0002292147576428033
Sample #59|setosa prob.: 0.0024611348891905053|versicolor prob.: 0.9738815823043891|virginica prob.:0.013513531364456448
Sample #60|setosa prob.: 0.005169823536848539|versicolor prob.: 0.9972370828108034|virginica prob.:0.000831913013456841
Sample #61|setosa prob.: 0.005196478879599664|versicolor prob.: 0.9977680138760026|virginica prob.:0.0006494680242378465
Sample #62|setosa prob.: 0.007674827890988461|versicolor prob.: 0.9991248376224825|virginica prob.:0.00019251645157950884
Sample #63|setosa prob.: 0.001963405797065781|versicolor prob.: 0.9724480351731836|virginica prob.:0.01976139915622956
Sample #64|setosa prob.: 0.01351861060096712|versicolor prob.: 0.9990095035026689|virginica prob.:8.241058688869542E-05
Sample #65|setosa prob.: 0.009733191386519097|versicolor prob.: 0.9992266342462508|virginica prob.:0.00011610250080372051
Sample #66|setosa prob.: 0.0009204064624429699|versicolor prob.: 0.5390637334084446|virginica prob.:0.3946539062280418
Sample #67|setosa prob.: 0.009022084303271637|versicolor prob.: 0.9991653244250376|virginica prob.:0.00013997497954239743
Sample #68|setosa prob.: 0.0005163176922384462|versicolor prob.: 0.11130091634304322|virginica prob.:0.8778664941502592
Sample #69|setosa prob.: 0.007574029136474427|versicolor prob.: 0.9989120839100795|virginica prob.:0.00022089516762008283
Sample #70|setosa prob.: 0.00041252301311843736|versicolor prob.: 0.04959253331942203|virginica prob.:0.9455719187249535
Sample #71|setosa prob.: 0.009726877171917532|versicolor prob.: 0.9991372686708229|virginica prob.:0.0001251792702856049
Sample #72|setosa prob.: 0.00040319987080337865|versicolor prob.: 0.05871239806955993|virginica prob.:0.9428925775958888
Sample #73|setosa prob.: 0.003325217920063151|versicolor prob.: 0.9957270875972192|virginica prob.:0.002199134461872797
Sample #74|setosa prob.: 0.008779184917236551|versicolor prob.: 0.9991746532978155|virginica prob.:0.00014369898547851294
Sample #75|setosa prob.: 0.008601476739541848|versicolor prob.: 0.9991720695206177|virginica prob.:0.0001482880270346043
Sample #76|setosa prob.: 0.0045911258701660015|versicolor prob.: 0.9982504506506286|virginica prob.:0.0007056751109025849
Sample #77|setosa prob.: 0.0009837696527422036|versicolor prob.: 0.7061211711404582|virginica prob.:0.2803008225001672
Sample #78|setosa prob.: 0.0021023380390152425|versicolor prob.: 0.9741582341516956|virginica prob.:0.017283740158039313
Sample #79|setosa prob.: 0.015906997455431178|versicolor prob.: 0.9990416184427703|virginica prob.:6.36270568255703E-05
Sample #80|setosa prob.: 0.007293587129008827|versicolor prob.: 0.9988054518629427|virginica prob.:0.00025173148895841075
Sample #81|setosa prob.: 0.009656318627189263|versicolor prob.: 0.9991031543146466|virginica prob.:0.0001332621561089287
Sample #82|setosa prob.: 0.009385679795768232|versicolor prob.: 0.999086167335228|virginica prob.:0.00013818297226482655
Sample #83|setosa prob.: 0.00030006746089660327|versicolor prob.: 0.029195637109126985|virginica prob.:0.9772646135017266
Sample #84|setosa prob.: 0.0005775308370267508|versicolor prob.: 0.13684470506279547|virginica prob.:0.8304806887208859
Sample #85|setosa prob.: 0.004328500231043712|versicolor prob.: 0.9968817189654027|virginica prob.:0.0010754327335965887
Sample #86|setosa prob.: 0.005877976910809381|versicolor prob.: 0.9987584463773185|virginica prob.:0.0003571919431718525
Sample #87|setosa prob.: 0.0030764328144547745|versicolor prob.: 0.9935592028625179|virginica prob.:0.0036258351123852873
Sample #88|setosa prob.: 0.006803330816843681|versicolor prob.: 0.9985919540805195|virginica prob.:0.00029921337566707616
Sample #89|setosa prob.: 0.0031636327852132134|versicolor prob.: 0.9911901842333323|virginica prob.:0.004171573680858164
Sample #90|setosa prob.: 0.001345547131846282|versicolor prob.: 0.8587222189734119|virginica prob.:0.10527788985678922
Sample #91|setosa prob.: 0.0034350159561872015|versicolor prob.: 0.9954751744653306|virginica prob.:0.002161555343161678
Sample #92|setosa prob.: 0.007366773182689258|versicolor prob.: 0.9988963484856435|virginica prob.:0.00023181788278359996
Sample #93|setosa prob.: 0.011248857625129324|versicolor prob.: 0.998945960774958|virginica prob.:0.00011917904703982636
Sample #94|setosa prob.: 0.0032086134822356203|versicolor prob.: 0.9927368432910266|virginica prob.:0.0034608226240013832
Sample #95|setosa prob.: 0.007513163878306648|versicolor prob.: 0.998893675513597|virginica prob.:0.0002182213527576661
Sample #96|setosa prob.: 0.005451438241260595|versicolor prob.: 0.9981190154888183|virginica prob.:0.0005310349878349292
Sample #97|setosa prob.: 0.00768952390612782|versicolor prob.: 0.9990389990274473|virginica prob.:0.00019497183575432767
Sample #98|setosa prob.: 0.02231074590285314|versicolor prob.: 0.9985653434598748|virginica prob.:5.4369548175638976E-05
Sample #99|setosa prob.: 0.005848921334587959|versicolor prob.: 0.9983032910041432|virginica prob.:0.00044474721463788044
Sample #100|setosa prob.: 0.00024780008073648136|versicolor prob.: 0.027410151558472047|virginica prob.:0.9842842343396647
Sample #101|setosa prob.: 0.00027295565900806054|versicolor prob.: 0.026988842876037013|virginica prob.:0.9815900455453451
Sample #102|setosa prob.: 0.00026085514927020844|versicolor prob.: 0.027444000120347343|virginica prob.:0.982631745951093
Sample #103|setosa prob.: 0.00026703591367041054|versicolor prob.: 0.027354503415234276|virginica prob.:0.9820364780397696
Sample #104|setosa prob.: 0.00025381535085244536|versicolor prob.: 0.027259775088112337|virginica prob.:0.9835841319108726
Sample #105|setosa prob.: 0.0002439560685665329|versicolor prob.: 0.02759190588596051|virginica prob.:0.984522184607002
Sample #106|setosa prob.: 0.00029260159469010144|versicolor prob.: 0.026656227482031464|virginica prob.:0.9798603441142176
Sample #107|setosa prob.: 0.0002538040674882126|versicolor prob.: 0.0278101525394545|virginica prob.:0.9833671012175195
Sample #108|setosa prob.: 0.0002527687570151258|versicolor prob.: 0.027493887098722844|virginica prob.:0.9836428084969452
Sample #109|setosa prob.: 0.0002605441940710036|versicolor prob.: 0.027118113697830324|virginica prob.:0.9827041856871931
Sample #110|setosa prob.: 0.0003498550694926709|versicolor prob.: 0.03608085712989655|virginica prob.:0.9660272462162318
Sample #111|setosa prob.: 0.0002749882450883827|versicolor prob.: 0.02745703914048191|virginica prob.:0.9810488706552815
Sample #112|setosa prob.: 0.0002772500008318442|versicolor prob.: 0.027556940615411377|virginica prob.:0.9806346489275931
Sample #113|setosa prob.: 0.00026600840080440234|versicolor prob.: 0.027018561863536766|virginica prob.:0.982472169856889
Sample #114|setosa prob.: 0.0002621525772668442|versicolor prob.: 0.027030489466098786|virginica prob.:0.9828823353844965
Sample #115|setosa prob.: 0.00027965523843719747|versicolor prob.: 0.026833516050792625|virginica prob.:0.9806026396777365
Sample #116|setosa prob.: 0.0002864318548369436|versicolor prob.: 0.028498939664736263|virginica prob.:0.9791701023301531
Sample #117|setosa prob.: 0.00025819204032762473|versicolor prob.: 0.027642150967497173|virginica prob.:0.9828057508144014
Sample #118|setosa prob.: 0.00023392698047059688|versicolor prob.: 0.02781473114017156|virginica prob.:0.9856078089687117
Sample #119|setosa prob.: 0.0002825408093969059|versicolor prob.: 0.028295526935533662|virginica prob.:0.9800372521463521
Sample #120|setosa prob.: 0.0002669702060533192|versicolor prob.: 0.02713237676787351|virginica prob.:0.9819851569420278
Sample #121|setosa prob.: 0.0002815215660988553|versicolor prob.: 0.02674426210555507|virginica prob.:0.9807003764792461
Sample #122|setosa prob.: 0.00024101757635333564|versicolor prob.: 0.027675289804335198|virginica prob.:0.9848367323039672
Sample #123|setosa prob.: 0.000331813965314479|versicolor prob.: 0.032996612654486925|virginica prob.:0.9709143869605402
Sample #124|setosa prob.: 0.0002748451518068883|versicolor prob.: 0.027338536239658602|virginica prob.:0.980977268218239
Sample #125|setosa prob.: 0.0002881757493648826|versicolor prob.: 0.03098902012680712|virginica prob.:0.9778446942497382
Sample #126|setosa prob.: 0.0003655582926446308|versicolor prob.: 0.03900900363051966|virginica prob.:0.9620179220846446
Sample #127|setosa prob.: 0.0003583032824763833|versicolor prob.: 0.03686032464588445|virginica prob.:0.9642710081109204
Sample #128|setosa prob.: 0.00025675743599571136|versicolor prob.: 0.027223215415425224|virginica prob.:0.9832784922694078
Sample #129|setosa prob.: 0.0003631749179775455|versicolor prob.: 0.05713840033082601|virginica prob.:0.9521232642540356
Sample #130|setosa prob.: 0.00025822686846793945|versicolor prob.: 0.027930877968969082|virginica prob.:0.9828181420431054
Sample #131|setosa prob.: 0.0003537282287966808|versicolor prob.: 0.05884331126013001|virginica prob.:0.9532017963599001
Sample #132|setosa prob.: 0.0002546737525999932|versicolor prob.: 0.02724198225158932|virginica prob.:0.9835194873799975
Sample #133|setosa prob.: 0.00041067860164074665|versicolor prob.: 0.06534690616436427|virginica prob.:0.9361864274989952
Sample #134|setosa prob.: 0.0002675646593143917|versicolor prob.: 0.02790459132061195|virginica prob.:0.9818841943966852
Sample #135|setosa prob.: 0.0002565754744093505|versicolor prob.: 0.02753593642714586|virginica prob.:0.9830715772795194
Sample #136|setosa prob.: 0.0002654461037429891|versicolor prob.: 0.02691927442394738|virginica prob.:0.9823196518581284
Sample #137|setosa prob.: 0.00028850349368116996|versicolor prob.: 0.02841116914834741|virginica prob.:0.9789215285142578
Sample #138|setosa prob.: 0.00037331563357114866|versicolor prob.: 0.039093670674678324|virginica prob.:0.9603306990720384
Sample #139|setosa prob.: 0.0002994545643833057|versicolor prob.: 0.029304841304546702|virginica prob.:0.9770585115265453
Sample #140|setosa prob.: 0.000261862853210924|versicolor prob.: 0.02705614284593731|virginica prob.:0.9826517536679449
Sample #141|setosa prob.: 0.00031815571016236796|versicolor prob.: 0.02988505861757341|virginica prob.:0.9742047155251011
Sample #142|setosa prob.: 0.00027295565900806054|versicolor prob.: 0.026988842876037013|virginica prob.:0.9815900455453451
Sample #143|setosa prob.: 0.0002565865994838953|versicolor prob.: 0.027198562887944953|virginica prob.:0.9832183539864991
Sample #144|setosa prob.: 0.0002610949318669883|versicolor prob.: 0.027030655767256568|virginica prob.:0.9827402204079908
Sample #145|setosa prob.: 0.0002856477762606611|versicolor prob.: 0.027192487393247526|virginica prob.:0.9797085862225748
Sample #146|setosa prob.: 0.00028417861534998397|versicolor prob.: 0.027636309203904513|virginica prob.:0.9799122606184489
Sample #147|setosa prob.: 0.00030126161854655603|versicolor prob.: 0.028689871333646595|virginica prob.:0.9771353779070341
Sample #148|setosa prob.: 0.00027764453143375693|versicolor prob.: 0.02673457940375616|virginica prob.:0.9809089718307424
Sample #149|setosa prob.: 0.0002987120754723655|versicolor prob.: 0.027817020962703005|virginica prob.:0.9779618877040241
Weights:Layer#0
Neuron#0|3.8616286713671664||0.33008983633234523||0.5705337462098619||0.7779240281428041||-6.0899565736744306||0.4324578732180946||-2.7160987545038764||0.9997402574739628||-0.568534033392325||-0.47612202159582306|
Neuron#1|4.038103648993814||0.7927550335029533||0.5625682318262155||1.7590174935457394||-6.592215166488905||0.8344272687341224||-2.3666667593642456||0.09831330224066297||-0.0012686616643925199||-1.746567869220968|
Neuron#2|-5.353420724851014||-1.0683227841862182||0.37612763011979117||-3.19499003259944||8.66654404024383||-1.17244592773092||3.694015382860006||0.07702742277120098||-0.1611881007485572||2.830926991334453|
Neuron#3|-7.101800528739687||-0.5553710744328392||0.30049982592855523||-1.5105534169820851||10.105838808276081||-0.7224148674638301||4.580421726817215||-0.11964641519886421||0.15206042453512442||0.9607069636366583|
Layer#1
Neuron#0|0.3853377981783255||3.275985423416535||-4.555379335317143|
Neuron#1|1.0360083664644029||-0.3320193423021411||-1.8733135496819926|
Neuron#2|-1.142108625302985||0.05116545373142653||-1.3016798669256586|
Neuron#3|4.7776532568885095||-6.645072575650238||-1.2927651787554317|
Neuron#4|-1.0210818495111513||-5.770140930780487||4.648507256686918|
Neuron#5|1.27043714831915||-0.4171092456245564||-2.16165406264632|
Neuron#6|-1.6736046826470636||-2.0915497938945133||3.043321672469157|
Neuron#7|-1.3401575434727961||-0.4318879768219887||-1.3618629390977297|
Neuron#8|0.5077844877378||0.13811776473520532||-0.013696936893493829|
Neuron#9|-3.2226144486977404||4.698813584891655||-0.7391934703282937|
Layer#2
Neuron#0
Neuron#1
Neuron#2</StdOut>
      </Output>
    </UnitTestResult>
    <UnitTestResult executionId="8bc84d82-7c85-477e-9a7e-b724e5a8a81e" testId="0d712b84-ad40-a7e7-163a-6d1905e2c215" testName="FinalizeResult" computerName="madoX" startTime="2020-04-26T18:03:31.7848897+02:00" endTime="2020-04-26T18:03:31.7849198+02:00" testType="13cdc9d9-ddb5-4fa4-a97d-d965ccfc6d4b" outcome="NotExecuted" testListId="8c84fa94-04c1-424b-9868-57a2d4851a1d" relativeResultsDirectory="8bc84d82-7c85-477e-9a7e-b724e5a8a81e">
      <Output></Output>
    </UnitTestResult>
    <UnitTestResult executionId="d3323809-b7c1-4832-b4b4-0ecef57668c9" testId="d258b85f-14b6-24a6-eaf0-9cb58f11778d" testName="TestCalculate" computerName="madoX" duration="00:00:00.0130157" startTime="2020-04-26T18:03:30.0162779+02:00" endTime="2020-04-26T18:03:30.0296272+02:00" testType="13cdc9d9-ddb5-4fa4-a97d-d965ccfc6d4b" outcome="Failed" testListId="8c84fa94-04c1-424b-9868-57a2d4851a1d" relativeResultsDirectory="d3323809-b7c1-4832-b4b4-0ecef57668c9">
      <Output>
        <ErrorInfo>
          <Message>Assert.AreEqual failed. Expected a difference no greater than &lt;0.01&gt; between expected value &lt;0.675&gt; and actual value &lt;0.5568782814052239&gt;. </Message>
          <StackTrace>   at ML.Lib.Neuron.NeuralTests.TestCalculate() in /home/mado/Documents/assignments/ssi/ML.Lib.Tests/NeuralTests.cs:line 59
</StackTrace>
        </ErrorInfo>
      </Output>
    </UnitTestResult>
    <UnitTestResult executionId="6a9d870d-66f8-4c79-b3e9-879446db471a" testId="c7a81c0f-39d1-56f8-0c4a-6ff95aac162d" testName="TestEdgeTest" computerName="madoX" startTime="2020-04-26T18:03:31.7827943+02:00" endTime="2020-04-26T18:03:31.7828210+02:00" testType="13cdc9d9-ddb5-4fa4-a97d-d965ccfc6d4b" outcome="NotExecuted" testListId="8c84fa94-04c1-424b-9868-57a2d4851a1d" relativeResultsDirectory="6a9d870d-66f8-4c79-b3e9-879446db471a">
      <Output></Output>
    </UnitTestResult>
    <UnitTestResult executionId="46a47872-8b1c-4c42-b75f-9963f9be3a7b" testId="66aaeb20-50ad-9b68-0121-0ae2de24b645" testName="GaussianFilterTest" computerName="madoX" startTime="2020-04-26T18:03:31.7824858+02:00" endTime="2020-04-26T18:03:31.7825277+02:00" testType="13cdc9d9-ddb5-4fa4-a97d-d965ccfc6d4b" outcome="NotExecuted" testListId="8c84fa94-04c1-424b-9868-57a2d4851a1d" relativeResultsDirectory="46a47872-8b1c-4c42-b75f-9963f9be3a7b">
      <Output></Output>
    </UnitTestResult>
    <UnitTestResult executionId="eb540ace-8ad9-4460-bd3a-ca83c56edacf" testId="f506b79a-2f44-5be9-d26c-b2a5166b61ba" testName="Test" computerName="madoX" startTime="2020-04-26T18:03:31.7825369+02:00" endTime="2020-04-26T18:03:31.7826442+02:00" testType="13cdc9d9-ddb5-4fa4-a97d-d965ccfc6d4b" outcome="NotExecuted" testListId="8c84fa94-04c1-424b-9868-57a2d4851a1d" relativeResultsDirectory="eb540ace-8ad9-4460-bd3a-ca83c56edacf">
      <Output></Output>
    </UnitTestResult>
    <UnitTestResult executionId="b9cb7572-4ec5-49c6-b3d9-6a2b85229e80" testId="6141bb7b-a41a-f909-b336-d09d324b86c1" testName="TestAssignParameters" computerName="madoX" startTime="2020-04-26T18:03:31.7848334+02:00" endTime="2020-04-26T18:03:31.7848792+02:00" testType="13cdc9d9-ddb5-4fa4-a97d-d965ccfc6d4b" outcome="NotExecuted" testListId="8c84fa94-04c1-424b-9868-57a2d4851a1d" relativeResultsDirectory="b9cb7572-4ec5-49c6-b3d9-6a2b85229e80">
      <Output></Output>
    </UnitTestResult>
    <UnitTestResult executionId="0ca263f9-7555-4cdf-a793-697334f80b6f" testId="cbe2e6f9-6de2-9e73-a532-7b5783051631" testName="TestContrastTest" computerName="madoX" startTime="2020-04-26T18:03:31.7827605+02:00" endTime="2020-04-26T18:03:31.7827872+02:00" testType="13cdc9d9-ddb5-4fa4-a97d-d965ccfc6d4b" outcome="NotExecuted" testListId="8c84fa94-04c1-424b-9868-57a2d4851a1d" relativeResultsDirectory="0ca263f9-7555-4cdf-a793-697334f80b6f">
      <Output></Output>
    </UnitTestResult>
    <UnitTestResult executionId="8df5e01d-b73c-4313-af0b-df42e564d3df" testId="2143b7c7-6299-6b01-b162-6d724aa767f8" testName="TestFindKeypoints" computerName="madoX" startTime="2020-04-26T18:03:31.7827262+02:00" endTime="2020-04-26T18:03:31.7827533+02:00" testType="13cdc9d9-ddb5-4fa4-a97d-d965ccfc6d4b" outcome="NotExecuted" testListId="8c84fa94-04c1-424b-9868-57a2d4851a1d" relativeResultsDirectory="8df5e01d-b73c-4313-af0b-df42e564d3df">
      <Output></Output>
    </UnitTestResult>
    <UnitTestResult executionId="fcb4b419-1666-46fc-a0b5-330e4d7633a8" testId="a17d96d6-14da-4cdf-438f-09cf1bf34161" testName="GaussianFilterCtorTest" computerName="madoX" startTime="2020-04-26T18:03:31.7818657+02:00" endTime="2020-04-26T18:03:31.7824673+02:00" testType="13cdc9d9-ddb5-4fa4-a97d-d965ccfc6d4b" outcome="NotExecuted" testListId="8c84fa94-04c1-424b-9868-57a2d4851a1d" relativeResultsDirectory="fcb4b419-1666-46fc-a0b5-330e4d7633a8">
      <Output></Output>
    </UnitTestResult>
    <UnitTestResult executionId="ee1d4376-87c5-43c6-88bf-b0a1cd5ad135" testId="77b6b6a1-28ac-45e8-9314-cbdf61ad6c72" testName="TestMassCalculate" computerName="madoX" duration="00:00:00.0014925" startTime="2020-04-26T18:03:30.0296635+02:00" endTime="2020-04-26T18:03:30.0312269+02:00" testType="13cdc9d9-ddb5-4fa4-a97d-d965ccfc6d4b" outcome="Passed" testListId="8c84fa94-04c1-424b-9868-57a2d4851a1d" relativeResultsDirectory="ee1d4376-87c5-43c6-88bf-b0a1cd5ad135" />
    <UnitTestResult executionId="aef23118-d8bb-4e03-bd72-a4092b4e06df" testId="a5f2be9a-ecf7-4511-2438-b89033095905" testName="ConstructorTest" computerName="madoX" duration="00:00:00.0058111" startTime="2020-04-26T18:03:29.9865369+02:00" endTime="2020-04-26T18:03:30.0113864+02:00" testType="13cdc9d9-ddb5-4fa4-a97d-d965ccfc6d4b" outcome="Passed" testListId="8c84fa94-04c1-424b-9868-57a2d4851a1d" relativeResultsDirectory="aef23118-d8bb-4e03-bd72-a4092b4e06df" />
  </Results>
  <TestDefinitions>
    <UnitTest name="Test" storage="/home/mado/documents/assignments/ssi/ml.lib.tests/bin/debug/netcoreapp3.1/ml.lib.tests.dll" id="f506b79a-2f44-5be9-d26c-b2a5166b61ba">
      <Execution id="eb540ace-8ad9-4460-bd3a-ca83c56edacf" />
      <TestMethod codeBase="/home/mado/Documents/assignments/ssi/ML.Lib.Tests/bin/Debug/netcoreapp3.1/ML.Lib.Tests.dll" adapterTypeName="executor://mstestadapter/v2" className="ML.Lib.Tests.SIFTTests" name="Test" />
    </UnitTest>
    <UnitTest name="TestPyramidBuilding" storage="/home/mado/documents/assignments/ssi/ml.lib.tests/bin/debug/netcoreapp3.1/ml.lib.tests.dll" id="3c619f47-cba9-8ea0-d4fa-a85ad4fd1539">
      <Execution id="3e755e66-889a-47c7-8404-553bd72d3792" />
      <TestMethod codeBase="/home/mado/Documents/assignments/ssi/ML.Lib.Tests/bin/Debug/netcoreapp3.1/ML.Lib.Tests.dll" adapterTypeName="executor://mstestadapter/v2" className="ML.Lib.Tests.SIFTTests" name="TestPyramidBuilding" />
    </UnitTest>
    <UnitTest name="TestMassCalculate" storage="/home/mado/documents/assignments/ssi/ml.lib.tests/bin/debug/netcoreapp3.1/ml.lib.tests.dll" id="77b6b6a1-28ac-45e8-9314-cbdf61ad6c72">
      <Execution id="ee1d4376-87c5-43c6-88bf-b0a1cd5ad135" />
      <TestMethod codeBase="/home/mado/Documents/assignments/ssi/ML.Lib.Tests/bin/Debug/netcoreapp3.1/ML.Lib.Tests.dll" adapterTypeName="executor://mstestadapter/v2" className="ML.Lib.Neuron.NeuralTests" name="TestMassCalculate" />
    </UnitTest>
    <UnitTest name="TestAssignParameters" storage="/home/mado/documents/assignments/ssi/ml.lib.tests/bin/debug/netcoreapp3.1/ml.lib.tests.dll" id="6141bb7b-a41a-f909-b336-d09d324b86c1">
      <Execution id="b9cb7572-4ec5-49c6-b3d9-6a2b85229e80" />
      <TestMethod codeBase="/home/mado/Documents/assignments/ssi/ML.Lib.Tests/bin/Debug/netcoreapp3.1/ML.Lib.Tests.dll" adapterTypeName="executor://mstestadapter/v2" className="ML.Lib.Tests.SIFTTests" name="TestAssignParameters" />
    </UnitTest>
    <UnitTest name="TestContrastTest" storage="/home/mado/documents/assignments/ssi/ml.lib.tests/bin/debug/netcoreapp3.1/ml.lib.tests.dll" id="cbe2e6f9-6de2-9e73-a532-7b5783051631">
      <Execution id="0ca263f9-7555-4cdf-a793-697334f80b6f" />
      <TestMethod codeBase="/home/mado/Documents/assignments/ssi/ML.Lib.Tests/bin/Debug/netcoreapp3.1/ML.Lib.Tests.dll" adapterTypeName="executor://mstestadapter/v2" className="ML.Lib.Tests.SIFTTests" name="TestContrastTest" />
    </UnitTest>
    <UnitTest name="TestTrain" storage="/home/mado/documents/assignments/ssi/ml.lib.tests/bin/debug/netcoreapp3.1/ml.lib.tests.dll" id="8d37b67b-c1cf-3819-ac1d-76bbe0d1bff9">
      <Execution id="45dd96c3-4e34-46b4-a269-fd536da3575e" />
      <TestMethod codeBase="/home/mado/Documents/assignments/ssi/ML.Lib.Tests/bin/Debug/netcoreapp3.1/ML.Lib.Tests.dll" adapterTypeName="executor://mstestadapter/v2" className="ML.Lib.Neuron.NeuralTests" name="TestTrain" />
    </UnitTest>
    <UnitTest name="SugenoTest" storage="/home/mado/documents/assignments/ssi/ml.lib.tests/bin/debug/netcoreapp3.1/ml.lib.tests.dll" id="b44e3f1d-d699-2be2-1c29-48f364c32676">
      <Execution id="02511f0b-1e1c-41aa-a933-7c5667b09ca1" />
      <TestMethod codeBase="/home/mado/Documents/assignments/ssi/ML.Lib.Tests/bin/Debug/netcoreapp3.1/ML.Lib.Tests.dll" adapterTypeName="executor://mstestadapter/v2" className="ML.Lib.Tests.SugenoTests" name="SugenoTest" />
    </UnitTest>
    <UnitTest name="TestEdgeTest" storage="/home/mado/documents/assignments/ssi/ml.lib.tests/bin/debug/netcoreapp3.1/ml.lib.tests.dll" id="c7a81c0f-39d1-56f8-0c4a-6ff95aac162d">
      <Execution id="6a9d870d-66f8-4c79-b3e9-879446db471a" />
      <TestMethod codeBase="/home/mado/Documents/assignments/ssi/ML.Lib.Tests/bin/Debug/netcoreapp3.1/ML.Lib.Tests.dll" adapterTypeName="executor://mstestadapter/v2" className="ML.Lib.Tests.SIFTTests" name="TestEdgeTest" />
    </UnitTest>
    <UnitTest name="GaussianFilterCtorTest" storage="/home/mado/documents/assignments/ssi/ml.lib.tests/bin/debug/netcoreapp3.1/ml.lib.tests.dll" id="a17d96d6-14da-4cdf-438f-09cf1bf34161">
      <Execution id="fcb4b419-1666-46fc-a0b5-330e4d7633a8" />
      <TestMethod codeBase="/home/mado/Documents/assignments/ssi/ML.Lib.Tests/bin/Debug/netcoreapp3.1/ML.Lib.Tests.dll" adapterTypeName="executor://mstestadapter/v2" className="ML.Lib.Tests.FilterTests" name="GaussianFilterCtorTest" />
    </UnitTest>
    <UnitTest name="TestFindKeypoints" storage="/home/mado/documents/assignments/ssi/ml.lib.tests/bin/debug/netcoreapp3.1/ml.lib.tests.dll" id="2143b7c7-6299-6b01-b162-6d724aa767f8">
      <Execution id="8df5e01d-b73c-4313-af0b-df42e564d3df" />
      <TestMethod codeBase="/home/mado/Documents/assignments/ssi/ML.Lib.Tests/bin/Debug/netcoreapp3.1/ML.Lib.Tests.dll" adapterTypeName="executor://mstestadapter/v2" className="ML.Lib.Tests.SIFTTests" name="TestFindKeypoints" />
    </UnitTest>
    <UnitTest name="TestCalculate" storage="/home/mado/documents/assignments/ssi/ml.lib.tests/bin/debug/netcoreapp3.1/ml.lib.tests.dll" id="d258b85f-14b6-24a6-eaf0-9cb58f11778d">
      <Execution id="d3323809-b7c1-4832-b4b4-0ecef57668c9" />
      <TestMethod codeBase="/home/mado/Documents/assignments/ssi/ML.Lib.Tests/bin/Debug/netcoreapp3.1/ML.Lib.Tests.dll" adapterTypeName="executor://mstestadapter/v2" className="ML.Lib.Neuron.NeuralTests" name="TestCalculate" />
    </UnitTest>
    <UnitTest name="GaussianFilterTest" storage="/home/mado/documents/assignments/ssi/ml.lib.tests/bin/debug/netcoreapp3.1/ml.lib.tests.dll" id="66aaeb20-50ad-9b68-0121-0ae2de24b645">
      <Execution id="46a47872-8b1c-4c42-b75f-9963f9be3a7b" />
      <TestMethod codeBase="/home/mado/Documents/assignments/ssi/ML.Lib.Tests/bin/Debug/netcoreapp3.1/ML.Lib.Tests.dll" adapterTypeName="executor://mstestadapter/v2" className="ML.Lib.Tests.FilterTests" name="GaussianFilterTest" />
    </UnitTest>
    <UnitTest name="FinalizeResult" storage="/home/mado/documents/assignments/ssi/ml.lib.tests/bin/debug/netcoreapp3.1/ml.lib.tests.dll" id="0d712b84-ad40-a7e7-163a-6d1905e2c215">
      <Execution id="8bc84d82-7c85-477e-9a7e-b724e5a8a81e" />
      <TestMethod codeBase="/home/mado/Documents/assignments/ssi/ML.Lib.Tests/bin/Debug/netcoreapp3.1/ML.Lib.Tests.dll" adapterTypeName="executor://mstestadapter/v2" className="ML.Lib.Tests.SIFTTests" name="FinalizeResult" />
    </UnitTest>
    <UnitTest name="TestDoGCreation" storage="/home/mado/documents/assignments/ssi/ml.lib.tests/bin/debug/netcoreapp3.1/ml.lib.tests.dll" id="ae8b806e-91cd-158d-cf84-39ff4ea33259">
      <Execution id="172025b4-a79b-4e8a-a04f-511707dd4db2" />
      <TestMethod codeBase="/home/mado/Documents/assignments/ssi/ML.Lib.Tests/bin/Debug/netcoreapp3.1/ML.Lib.Tests.dll" adapterTypeName="executor://mstestadapter/v2" className="ML.Lib.Tests.SIFTTests" name="TestDoGCreation" />
    </UnitTest>
    <UnitTest name="ConstructorTest" storage="/home/mado/documents/assignments/ssi/ml.lib.tests/bin/debug/netcoreapp3.1/ml.lib.tests.dll" id="a5f2be9a-ecf7-4511-2438-b89033095905">
      <Execution id="aef23118-d8bb-4e03-bd72-a4092b4e06df" />
      <TestMethod codeBase="/home/mado/Documents/assignments/ssi/ML.Lib.Tests/bin/Debug/netcoreapp3.1/ML.Lib.Tests.dll" adapterTypeName="executor://mstestadapter/v2" className="ML.Lib.Neuron.NeuralTests" name="ConstructorTest" />
    </UnitTest>
  </TestDefinitions>
  <TestEntries>
    <TestEntry testId="b44e3f1d-d699-2be2-1c29-48f364c32676" executionId="02511f0b-1e1c-41aa-a933-7c5667b09ca1" testListId="8c84fa94-04c1-424b-9868-57a2d4851a1d" />
    <TestEntry testId="3c619f47-cba9-8ea0-d4fa-a85ad4fd1539" executionId="3e755e66-889a-47c7-8404-553bd72d3792" testListId="8c84fa94-04c1-424b-9868-57a2d4851a1d" />
    <TestEntry testId="ae8b806e-91cd-158d-cf84-39ff4ea33259" executionId="172025b4-a79b-4e8a-a04f-511707dd4db2" testListId="8c84fa94-04c1-424b-9868-57a2d4851a1d" />
    <TestEntry testId="8d37b67b-c1cf-3819-ac1d-76bbe0d1bff9" executionId="45dd96c3-4e34-46b4-a269-fd536da3575e" testListId="8c84fa94-04c1-424b-9868-57a2d4851a1d" />
    <TestEntry testId="0d712b84-ad40-a7e7-163a-6d1905e2c215" executionId="8bc84d82-7c85-477e-9a7e-b724e5a8a81e" testListId="8c84fa94-04c1-424b-9868-57a2d4851a1d" />
    <TestEntry testId="d258b85f-14b6-24a6-eaf0-9cb58f11778d" executionId="d3323809-b7c1-4832-b4b4-0ecef57668c9" testListId="8c84fa94-04c1-424b-9868-57a2d4851a1d" />
    <TestEntry testId="c7a81c0f-39d1-56f8-0c4a-6ff95aac162d" executionId="6a9d870d-66f8-4c79-b3e9-879446db471a" testListId="8c84fa94-04c1-424b-9868-57a2d4851a1d" />
    <TestEntry testId="66aaeb20-50ad-9b68-0121-0ae2de24b645" executionId="46a47872-8b1c-4c42-b75f-9963f9be3a7b" testListId="8c84fa94-04c1-424b-9868-57a2d4851a1d" />
    <TestEntry testId="f506b79a-2f44-5be9-d26c-b2a5166b61ba" executionId="eb540ace-8ad9-4460-bd3a-ca83c56edacf" testListId="8c84fa94-04c1-424b-9868-57a2d4851a1d" />
    <TestEntry testId="6141bb7b-a41a-f909-b336-d09d324b86c1" executionId="b9cb7572-4ec5-49c6-b3d9-6a2b85229e80" testListId="8c84fa94-04c1-424b-9868-57a2d4851a1d" />
    <TestEntry testId="cbe2e6f9-6de2-9e73-a532-7b5783051631" executionId="0ca263f9-7555-4cdf-a793-697334f80b6f" testListId="8c84fa94-04c1-424b-9868-57a2d4851a1d" />
    <TestEntry testId="2143b7c7-6299-6b01-b162-6d724aa767f8" executionId="8df5e01d-b73c-4313-af0b-df42e564d3df" testListId="8c84fa94-04c1-424b-9868-57a2d4851a1d" />
    <TestEntry testId="a17d96d6-14da-4cdf-438f-09cf1bf34161" executionId="fcb4b419-1666-46fc-a0b5-330e4d7633a8" testListId="8c84fa94-04c1-424b-9868-57a2d4851a1d" />
    <TestEntry testId="77b6b6a1-28ac-45e8-9314-cbdf61ad6c72" executionId="ee1d4376-87c5-43c6-88bf-b0a1cd5ad135" testListId="8c84fa94-04c1-424b-9868-57a2d4851a1d" />
    <TestEntry testId="a5f2be9a-ecf7-4511-2438-b89033095905" executionId="aef23118-d8bb-4e03-bd72-a4092b4e06df" testListId="8c84fa94-04c1-424b-9868-57a2d4851a1d" />
  </TestEntries>
  <TestLists>
    <TestList name="Results Not in a List" id="8c84fa94-04c1-424b-9868-57a2d4851a1d" />
    <TestList name="All Loaded Results" id="19431567-8539-422a-85d7-44ee4e166bda" />
  </TestLists>
  <ResultSummary outcome="Failed">
    <Counters total="15" executed="5" passed="4" failed="1" error="0" timeout="0" aborted="0" inconclusive="0" passedButRunAborted="0" notRunnable="0" notExecuted="0" disconnected="0" warning="0" completed="0" inProgress="0" pending="0" />
    <Output>
      <StdOut>Test 'GaussianFilterCtorTest' was skipped in the test run.
Test 'GaussianFilterTest' was skipped in the test run.
Test 'Test' was skipped in the test run.
Test 'TestPyramidBuilding' was skipped in the test run.
Test 'TestDoGCreation' was skipped in the test run.
Test 'TestFindKeypoints' was skipped in the test run.
Test 'TestContrastTest' was skipped in the test run.
Test 'TestEdgeTest' was skipped in the test run.
Test 'TestAssignParameters' was skipped in the test run.
Test 'FinalizeResult' was skipped in the test run.
</StdOut>
    </Output>
  </ResultSummary>
</TestRun>