<?xml version="1.0" encoding="utf-8"?>
<TestRun id="10047456-20f5-4e4f-a989-6464b311f0a2" name="@madoX 2020-04-25 19:42:05" xmlns="http://microsoft.com/schemas/VisualStudio/TeamTest/2010">
  <Times creation="2020-04-25T19:42:05.5132955+02:00" queuing="2020-04-25T19:42:05.5132956+02:00" start="2020-04-25T19:42:04.1975258+02:00" finish="2020-04-25T19:42:05.5633691+02:00" />
  <TestSettings name="default" id="7942155d-2e16-442b-bbd2-0ad36515f4de">
    <Deployment runDeploymentRoot="_madoX_2020-04-25_19_42_05" />
  </TestSettings>
  <Results>
    <UnitTestResult executionId="bbcaac25-45fe-48ca-9635-cfcd6cc3cfc4" testId="ae8b806e-91cd-158d-cf84-39ff4ea33259" testName="TestDoGCreation" computerName="madoX" startTime="2020-04-25T19:42:05.3603668+02:00" endTime="2020-04-25T19:42:05.3604087+02:00" testType="13cdc9d9-ddb5-4fa4-a97d-d965ccfc6d4b" outcome="NotExecuted" testListId="8c84fa94-04c1-424b-9868-57a2d4851a1d" relativeResultsDirectory="bbcaac25-45fe-48ca-9635-cfcd6cc3cfc4">
      <Output></Output>
    </UnitTestResult>
    <UnitTestResult executionId="78ac572a-56b7-4fd4-b7f6-f3ac19146275" testId="a5f2be9a-ecf7-4511-2438-b89033095905" testName="ConstructorTest" computerName="madoX" duration="00:00:00.0074085" startTime="2020-04-25T19:42:04.7751729+02:00" endTime="2020-04-25T19:42:04.8133116+02:00" testType="13cdc9d9-ddb5-4fa4-a97d-d965ccfc6d4b" outcome="Passed" testListId="8c84fa94-04c1-424b-9868-57a2d4851a1d" relativeResultsDirectory="78ac572a-56b7-4fd4-b7f6-f3ac19146275" />
    <UnitTestResult executionId="b45311e0-68aa-4e72-be8e-8c93f4f04a7f" testId="77b6b6a1-28ac-45e8-9314-cbdf61ad6c72" testName="TestMassCalculate" computerName="madoX" duration="00:00:00.0023633" startTime="2020-04-25T19:42:04.8248140+02:00" endTime="2020-04-25T19:42:04.8272855+02:00" testType="13cdc9d9-ddb5-4fa4-a97d-d965ccfc6d4b" outcome="Passed" testListId="8c84fa94-04c1-424b-9868-57a2d4851a1d" relativeResultsDirectory="b45311e0-68aa-4e72-be8e-8c93f4f04a7f" />
    <UnitTestResult executionId="559042f8-9925-41c1-bc23-2e4771856e47" testId="b44e3f1d-d699-2be2-1c29-48f364c32676" testName="SugenoTest" computerName="madoX" duration="00:00:00.0169831" startTime="2020-04-25T19:42:05.4329410+02:00" endTime="2020-04-25T19:42:05.4503690+02:00" testType="13cdc9d9-ddb5-4fa4-a97d-d965ccfc6d4b" outcome="Passed" testListId="8c84fa94-04c1-424b-9868-57a2d4851a1d" relativeResultsDirectory="559042f8-9925-41c1-bc23-2e4771856e47">
      <Output>
        <StdOut>Living standards for Warszawa are 0.5
Living standards for Kraków are NaN
Living standards for Gdańsk are 0.3
Living standards for Wrocław are 0.3
Living standards for Katowice are 0.8
Living standards for Poznań are 0.41111111111111104
Living standards for Gliwice are 0.8</StdOut>
      </Output>
    </UnitTestResult>
    <UnitTestResult executionId="b392bd4e-29d3-4cdc-b803-9d9941d42ace" testId="f506b79a-2f44-5be9-d26c-b2a5166b61ba" testName="Test" computerName="madoX" startTime="2020-04-25T19:42:05.3601066+02:00" endTime="2020-04-25T19:42:05.3602940+02:00" testType="13cdc9d9-ddb5-4fa4-a97d-d965ccfc6d4b" outcome="NotExecuted" testListId="8c84fa94-04c1-424b-9868-57a2d4851a1d" relativeResultsDirectory="b392bd4e-29d3-4cdc-b803-9d9941d42ace">
      <Output></Output>
    </UnitTestResult>
    <UnitTestResult executionId="d3da5d07-502d-46f9-bfd1-d5ebfda8e70a" testId="66aaeb20-50ad-9b68-0121-0ae2de24b645" testName="GaussianFilterTest" computerName="madoX" startTime="2020-04-25T19:42:05.3599974+02:00" endTime="2020-04-25T19:42:05.3600905+02:00" testType="13cdc9d9-ddb5-4fa4-a97d-d965ccfc6d4b" outcome="NotExecuted" testListId="8c84fa94-04c1-424b-9868-57a2d4851a1d" relativeResultsDirectory="d3da5d07-502d-46f9-bfd1-d5ebfda8e70a">
      <Output></Output>
    </UnitTestResult>
    <UnitTestResult executionId="643e660a-b290-401b-98f9-87773fb67cad" testId="6141bb7b-a41a-f909-b336-d09d324b86c1" testName="TestAssignParameters" computerName="madoX" startTime="2020-04-25T19:42:05.4323480+02:00" endTime="2020-04-25T19:42:05.4328173+02:00" testType="13cdc9d9-ddb5-4fa4-a97d-d965ccfc6d4b" outcome="NotExecuted" testListId="8c84fa94-04c1-424b-9868-57a2d4851a1d" relativeResultsDirectory="643e660a-b290-401b-98f9-87773fb67cad">
      <Output></Output>
    </UnitTestResult>
    <UnitTestResult executionId="5ada4a0f-eb9c-4f2d-8d01-2ffadcfd8a01" testId="c7a81c0f-39d1-56f8-0c4a-6ff95aac162d" testName="TestEdgeTest" computerName="madoX" startTime="2020-04-25T19:42:05.4322521+02:00" endTime="2020-04-25T19:42:05.4323280+02:00" testType="13cdc9d9-ddb5-4fa4-a97d-d965ccfc6d4b" outcome="NotExecuted" testListId="8c84fa94-04c1-424b-9868-57a2d4851a1d" relativeResultsDirectory="5ada4a0f-eb9c-4f2d-8d01-2ffadcfd8a01">
      <Output></Output>
    </UnitTestResult>
    <UnitTestResult executionId="d08c2669-243c-4fd9-820c-3cfc6bc73f59" testId="a17d96d6-14da-4cdf-438f-09cf1bf34161" testName="GaussianFilterCtorTest" computerName="madoX" startTime="2020-04-25T19:42:05.3587125+02:00" endTime="2020-04-25T19:42:05.3599637+02:00" testType="13cdc9d9-ddb5-4fa4-a97d-d965ccfc6d4b" outcome="NotExecuted" testListId="8c84fa94-04c1-424b-9868-57a2d4851a1d" relativeResultsDirectory="d08c2669-243c-4fd9-820c-3cfc6bc73f59">
      <Output></Output>
    </UnitTestResult>
    <UnitTestResult executionId="be8f7fc1-1958-4bdb-9cc8-e3dc5a24ff0c" testId="8d37b67b-c1cf-3819-ac1d-76bbe0d1bff9" testName="TestTrain" computerName="madoX" duration="00:00:00.5308001" startTime="2020-04-25T19:42:04.8273055+02:00" endTime="2020-04-25T19:42:05.3583415+02:00" testType="13cdc9d9-ddb5-4fa4-a97d-d965ccfc6d4b" outcome="Passed" testListId="8c84fa94-04c1-424b-9868-57a2d4851a1d" relativeResultsDirectory="be8f7fc1-1958-4bdb-9cc8-e3dc5a24ff0c">
      <Output>
        <StdOut>Sample #0|setosa prob.: 1.7063521433410524E-05|versicolor prob.: 0.999991508980327|virginica prob.:0.9999915128287976
Sample #1|setosa prob.: 1.7064053709351543E-05|versicolor prob.: 0.9999915086951533|virginica prob.:0.9999915125440302
Sample #2|setosa prob.: 1.7064164916412633E-05|versicolor prob.: 0.9999915086355726|virginica prob.:0.9999915124845343
Sample #3|setosa prob.: 1.7064164916412633E-05|versicolor prob.: 0.9999915086355726|virginica prob.:0.9999915124845343
Sample #4|setosa prob.: 1.7063521433410524E-05|versicolor prob.: 0.999991508980327|virginica prob.:0.9999915128287976
Sample #5|setosa prob.: 1.7063154552330724E-05|versicolor prob.: 0.999991509176888|virginica prob.:0.9999915130250784
Sample #6|setosa prob.: 1.7063862041749858E-05|versicolor prob.: 0.9999915087978418|virginica prob.:0.9999915126465723
Sample #7|setosa prob.: 1.7063576651500712E-05|versicolor prob.: 0.9999915089507432|virginica prob.:0.9999915127992559
Sample #8|setosa prob.: 1.706492307327578E-05|versicolor prob.: 0.9999915082293793|virginica prob.:0.9999915120789199
Sample #9|setosa prob.: 1.7063953087005577E-05|versicolor prob.: 0.9999915087490631|virginica prob.:0.9999915125978631
Sample #10|setosa prob.: 1.7063284551489538E-05|versicolor prob.: 0.9999915091072393|virginica prob.:0.9999915129555289
Sample #11|setosa prob.: 1.7063637677581907E-05|versicolor prob.: 0.9999915089180477|virginica prob.:0.999991512766607
Sample #12|setosa prob.: 1.706428782187358E-05|versicolor prob.: 0.9999915085697244|virginica prob.:0.99999151241878
Sample #13|setosa prob.: 1.706587089521337E-05|versicolor prob.: 0.9999915077215691|virginica prob.:0.9999915115718333
Sample #14|setosa prob.: 1.7063189561772562E-05|versicolor prob.: 0.9999915091581313|virginica prob.:0.9999915130063484
Sample #15|setosa prob.: 1.7063083208603682E-05|versicolor prob.: 0.9999915092151112|virginica prob.:0.9999915130632472
Sample #16|setosa prob.: 1.706323232270792E-05|versicolor prob.: 0.9999915091352216|virginica prob.:0.9999915129834714
Sample #17|setosa prob.: 1.7063471470500647E-05|versicolor prob.: 0.9999915090070953|virginica prob.:0.9999915128555276
Sample #18|setosa prob.: 1.7063139504760705E-05|versicolor prob.: 0.9999915091849498|virginica prob.:0.9999915130331289
Sample #19|setosa prob.: 1.7063314854427245E-05|versicolor prob.: 0.9999915090910043|virginica prob.:0.9999915129393171
Sample #20|setosa prob.: 1.7063314854427245E-05|versicolor prob.: 0.9999915090910043|virginica prob.:0.9999915129393171
Sample #21|setosa prob.: 1.7063314854427245E-05|versicolor prob.: 0.9999915090910043|virginica prob.:0.9999915129393171
Sample #22|setosa prob.: 1.7064164916412633E-05|versicolor prob.: 0.9999915086355726|virginica prob.:0.9999915124845343
Sample #23|setosa prob.: 1.7063348344549606E-05|versicolor prob.: 0.9999915090730614|virginica prob.:0.9999915129214
Sample #24|setosa prob.: 1.7063471470500647E-05|versicolor prob.: 0.9999915090070953|virginica prob.:0.9999915128555276
Sample #25|setosa prob.: 1.7063779661912267E-05|versicolor prob.: 0.9999915088419777|virginica prob.:0.9999915126906456
Sample #26|setosa prob.: 1.7063426262586818E-05|versicolor prob.: 0.999991509031316|virginica prob.:0.9999915128797138
Sample #27|setosa prob.: 1.7063426262586818E-05|versicolor prob.: 0.999991509031316|virginica prob.:0.9999915128797138
Sample #28|setosa prob.: 1.7063521433410524E-05|versicolor prob.: 0.999991508980327|virginica prob.:0.9999915128287976
Sample #29|setosa prob.: 1.7063862041749858E-05|versicolor prob.: 0.9999915087978418|virginica prob.:0.9999915126465723
Sample #30|setosa prob.: 1.7063862041749858E-05|versicolor prob.: 0.9999915087978418|virginica prob.:0.9999915126465723
Sample #31|setosa prob.: 1.7063314854427245E-05|versicolor prob.: 0.9999915090910043|virginica prob.:0.9999915129393171
Sample #32|setosa prob.: 1.70632571324035E-05|versicolor prob.: 0.9999915091219296|virginica prob.:0.9999915129701983
Sample #33|setosa prob.: 1.706317118251606E-05|versicolor prob.: 0.9999915091679782|virginica prob.:0.9999915130161812
Sample #34|setosa prob.: 1.7063953087005577E-05|versicolor prob.: 0.9999915087490631|virginica prob.:0.9999915125978631
Sample #35|setosa prob.: 1.7063953087005577E-05|versicolor prob.: 0.9999915087490631|virginica prob.:0.9999915125978631
Sample #36|setosa prob.: 1.706338535709942E-05|versicolor prob.: 0.9999915090532316|virginica prob.:0.9999915129015982
Sample #37|setosa prob.: 1.7063953087005577E-05|versicolor prob.: 0.9999915087490631|virginica prob.:0.9999915125978631
Sample #38|setosa prob.: 1.706492307327578E-05|versicolor prob.: 0.9999915082293793|virginica prob.:0.9999915120789199
Sample #39|setosa prob.: 1.7063521433410524E-05|versicolor prob.: 0.999991508980327|virginica prob.:0.9999915128287976
Sample #40|setosa prob.: 1.7063576651500712E-05|versicolor prob.: 0.9999915089507432|virginica prob.:0.9999915127992559
Sample #41|setosa prob.: 1.7066173293890413E-05|versicolor prob.: 0.9999915075595539|virginica prob.:0.999991511410049
Sample #42|setosa prob.: 1.7064573781255928E-05|versicolor prob.: 0.9999915084165176|virginica prob.:0.9999915122657915
Sample #43|setosa prob.: 1.7063314854427245E-05|versicolor prob.: 0.9999915090910043|virginica prob.:0.9999915129393171
Sample #44|setosa prob.: 1.7063189561772562E-05|versicolor prob.: 0.9999915091581313|virginica prob.:0.9999915130063484
Sample #45|setosa prob.: 1.7064053709351543E-05|versicolor prob.: 0.9999915086951533|virginica prob.:0.9999915125440302
Sample #46|setosa prob.: 1.7063314854427245E-05|versicolor prob.: 0.9999915090910043|virginica prob.:0.9999915129393171
Sample #47|setosa prob.: 1.7064164916412633E-05|versicolor prob.: 0.9999915086355726|virginica prob.:0.9999915124845343
Sample #48|setosa prob.: 1.7063314854427245E-05|versicolor prob.: 0.9999915090910043|virginica prob.:0.9999915129393171
Sample #49|setosa prob.: 1.7063705122630605E-05|versicolor prob.: 0.9999915088819131|virginica prob.:0.9999915127305239
Sample #50|setosa prob.: 1.7062997607012522E-05|versicolor prob.: 0.9999915092609732|virginica prob.:0.9999915131090438
Sample #51|setosa prob.: 1.7062998800663352E-05|versicolor prob.: 0.9999915092603338|virginica prob.:0.9999915131084052
Sample #52|setosa prob.: 1.706299749496259E-05|versicolor prob.: 0.9999915092610334|virginica prob.:0.9999915131091037
Sample #53|setosa prob.: 1.706302531563695E-05|versicolor prob.: 0.9999915092461281|virginica prob.:0.9999915130942199
Sample #54|setosa prob.: 1.7062999325633346E-05|versicolor prob.: 0.9999915092600525|virginica prob.:0.9999915131081243
Sample #55|setosa prob.: 1.7063005129859603E-05|versicolor prob.: 0.9999915092569428|virginica prob.:0.9999915131050191
Sample #56|setosa prob.: 1.706299818611517E-05|versicolor prob.: 0.999991509260663|virginica prob.:0.999991513108734
Sample #57|setosa prob.: 1.706312588919224E-05|versicolor prob.: 0.9999915091922446|virginica prob.:0.9999915130404131
Sample #58|setosa prob.: 1.7062999325633346E-05|versicolor prob.: 0.9999915092600525|virginica prob.:0.9999915131081243
Sample #59|setosa prob.: 1.706302256675618E-05|versicolor prob.: 0.9999915092476008|virginica prob.:0.9999915130956905
Sample #60|setosa prob.: 1.7063139504760705E-05|versicolor prob.: 0.9999915091849498|virginica prob.:0.9999915130331289
Sample #61|setosa prob.: 1.7063002874897903E-05|versicolor prob.: 0.999991509258151|virginica prob.:0.9999915131062256
Sample #62|setosa prob.: 1.706302256675618E-05|versicolor prob.: 0.9999915092476008|virginica prob.:0.9999915130956905
Sample #63|setosa prob.: 1.70630003388522E-05|versicolor prob.: 0.9999915092595099|virginica prob.:0.9999915131075823
Sample #64|setosa prob.: 1.7063017828876083E-05|versicolor prob.: 0.9999915092501392|virginica prob.:0.9999915130982253
Sample #65|setosa prob.: 1.7062998800663352E-05|versicolor prob.: 0.9999915092603338|virginica prob.:0.9999915131084052
Sample #66|setosa prob.: 1.7063002874897903E-05|versicolor prob.: 0.999991509258151|virginica prob.:0.9999915131062256
Sample #67|setosa prob.: 1.7063013949831012E-05|versicolor prob.: 0.9999915092522176|virginica prob.:0.9999915131003004
Sample #68|setosa prob.: 1.706300430191557E-05|versicolor prob.: 0.9999915092573864|virginica prob.:0.999991513105462
Sample #69|setosa prob.: 1.706302531563695E-05|versicolor prob.: 0.9999915092461281|virginica prob.:0.9999915130942199
Sample #70|setosa prob.: 1.7062998575022476E-05|versicolor prob.: 0.9999915092604545|virginica prob.:0.999991513108526
Sample #71|setosa prob.: 1.7063006044879392E-05|versicolor prob.: 0.9999915092564525|virginica prob.:0.9999915131045297
Sample #72|setosa prob.: 1.7062999966833286E-05|versicolor prob.: 0.999991509259709|virginica prob.:0.9999915131077812
Sample #73|setosa prob.: 1.7063001706554886E-05|versicolor prob.: 0.9999915092587769|virginica prob.:0.9999915131068506
Sample #74|setosa prob.: 1.7063001204381744E-05|versicolor prob.: 0.999991509259046|virginica prob.:0.9999915131071193
Sample #75|setosa prob.: 1.7062999325633346E-05|versicolor prob.: 0.9999915092600525|virginica prob.:0.9999915131081243
Sample #76|setosa prob.: 1.7062998370854274E-05|versicolor prob.: 0.999991509260564|virginica prob.:0.9999915131086352
Sample #77|setosa prob.: 1.706299749496259E-05|versicolor prob.: 0.9999915092610334|virginica prob.:0.9999915131091037
Sample #78|setosa prob.: 1.7063001204381744E-05|versicolor prob.: 0.999991509259046|virginica prob.:0.9999915131071193
Sample #79|setosa prob.: 1.706303542172337E-05|versicolor prob.: 0.9999915092407136|virginica prob.:0.999991513088813
Sample #80|setosa prob.: 1.706303542172337E-05|versicolor prob.: 0.9999915092407136|virginica prob.:0.999991513088813
Sample #81|setosa prob.: 1.7063044054734835E-05|versicolor prob.: 0.9999915092360885|virginica prob.:0.9999915130841945
Sample #82|setosa prob.: 1.7063013949831012E-05|versicolor prob.: 0.9999915092522176|virginica prob.:0.9999915131003004
Sample #83|setosa prob.: 1.7062999325633346E-05|versicolor prob.: 0.9999915092600525|virginica prob.:0.9999915131081243
Sample #84|setosa prob.: 1.706300430191557E-05|versicolor prob.: 0.9999915092573864|virginica prob.:0.999991513105462
Sample #85|setosa prob.: 1.706299905003502E-05|versicolor prob.: 0.9999915092602001|virginica prob.:0.9999915131082717
Sample #86|setosa prob.: 1.7062998018956394E-05|versicolor prob.: 0.9999915092607525|virginica prob.:0.9999915131088235
Sample #87|setosa prob.: 1.7063005129859603E-05|versicolor prob.: 0.9999915092569428|virginica prob.:0.9999915131050191
Sample #88|setosa prob.: 1.7063008173741007E-05|versicolor prob.: 0.9999915092553121|virginica prob.:0.9999915131033906
Sample #89|setosa prob.: 1.7063020079467222E-05|versicolor prob.: 0.9999915092489333|virginica prob.:0.9999915130970212
Sample #90|setosa prob.: 1.7063012282553913E-05|versicolor prob.: 0.9999915092531109|virginica prob.:0.9999915131011924
Sample #91|setosa prob.: 1.70630003388522E-05|versicolor prob.: 0.9999915092595099|virginica prob.:0.9999915131075823
Sample #92|setosa prob.: 1.7063013949831012E-05|versicolor prob.: 0.9999915092522176|virginica prob.:0.9999915131003004
Sample #93|setosa prob.: 1.706312588919224E-05|versicolor prob.: 0.9999915091922446|virginica prob.:0.9999915130404131
Sample #94|setosa prob.: 1.7063010773939614E-05|versicolor prob.: 0.999991509253919|virginica prob.:0.9999915131019995
Sample #95|setosa prob.: 1.7063007056132926E-05|versicolor prob.: 0.9999915092559107|virginica prob.:0.9999915131039886
Sample #96|setosa prob.: 1.7063007056132926E-05|versicolor prob.: 0.9999915092559107|virginica prob.:0.9999915131039886
Sample #97|setosa prob.: 1.706300226154207E-05|versicolor prob.: 0.9999915092584796|virginica prob.:0.9999915131065535
Sample #98|setosa prob.: 1.7063113569345882E-05|versicolor prob.: 0.9999915091988452|virginica prob.:0.9999915130470042
Sample #99|setosa prob.: 1.706300940888934E-05|versicolor prob.: 0.9999915092546502|virginica prob.:0.9999915131027298
Sample #100|setosa prob.: 1.7062996624187515E-05|versicolor prob.: 0.9999915092614999|virginica prob.:0.9999915131095696
Sample #101|setosa prob.: 1.706299905003502E-05|versicolor prob.: 0.9999915092602001|virginica prob.:0.9999915131082717
Sample #102|setosa prob.: 1.7062996624187515E-05|versicolor prob.: 0.9999915092614999|virginica prob.:0.9999915131095696
Sample #103|setosa prob.: 1.7062997301836983E-05|versicolor prob.: 0.9999915092611369|virginica prob.:0.9999915131092072
Sample #104|setosa prob.: 1.7062996784198486E-05|versicolor prob.: 0.9999915092614142|virginica prob.:0.9999915131094841
Sample #105|setosa prob.: 1.7062996488177297E-05|versicolor prob.: 0.9999915092615728|virginica prob.:0.9999915131096424
Sample #106|setosa prob.: 1.7063013949831012E-05|versicolor prob.: 0.9999915092522176|virginica prob.:0.9999915131003004
Sample #107|setosa prob.: 1.706299658890664E-05|versicolor prob.: 0.9999915092615188|virginica prob.:0.9999915131095884
Sample #108|setosa prob.: 1.7062997143719107E-05|versicolor prob.: 0.9999915092612215|virginica prob.:0.9999915131092918
Sample #109|setosa prob.: 1.706299648259866E-05|versicolor prob.: 0.9999915092615757|virginica prob.:0.9999915131096455
Sample #110|setosa prob.: 1.7062997143719107E-05|versicolor prob.: 0.9999915092612215|virginica prob.:0.9999915131092918
Sample #111|setosa prob.: 1.7062997607012522E-05|versicolor prob.: 0.9999915092609732|virginica prob.:0.9999915131090438
Sample #112|setosa prob.: 1.7062996821496603E-05|versicolor prob.: 0.9999915092613942|virginica prob.:0.9999915131094641
Sample #113|setosa prob.: 1.7062999966833286E-05|versicolor prob.: 0.999991509259709|virginica prob.:0.9999915131077812
Sample #114|setosa prob.: 1.7062997867704818E-05|versicolor prob.: 0.9999915092608336|virginica prob.:0.9999915131089043
Sample #115|setosa prob.: 1.7062996908273536E-05|versicolor prob.: 0.9999915092613476|virginica prob.:0.9999915131094177
Sample #116|setosa prob.: 1.7062997143719107E-05|versicolor prob.: 0.9999915092612215|virginica prob.:0.9999915131092918
Sample #117|setosa prob.: 1.7062996449068766E-05|versicolor prob.: 0.9999915092615936|virginica prob.:0.9999915131096633
Sample #118|setosa prob.: 1.7062996477550923E-05|versicolor prob.: 0.9999915092615783|virginica prob.:0.9999915131096482
Sample #119|setosa prob.: 1.706300226154207E-05|versicolor prob.: 0.9999915092584796|virginica prob.:0.9999915131065535
Sample #120|setosa prob.: 1.7062996624187515E-05|versicolor prob.: 0.9999915092614999|virginica prob.:0.9999915131095696
Sample #121|setosa prob.: 1.7062999630216673E-05|versicolor prob.: 0.9999915092598893|virginica prob.:0.9999915131079615
Sample #122|setosa prob.: 1.7062996494342633E-05|versicolor prob.: 0.9999915092615694|virginica prob.:0.9999915131096391
Sample #123|setosa prob.: 1.7062998575022476E-05|versicolor prob.: 0.9999915092604545|virginica prob.:0.999991513108526
Sample #124|setosa prob.: 1.7062996692281368E-05|versicolor prob.: 0.9999915092614633|virginica prob.:0.9999915131095332
Sample #125|setosa prob.: 1.70629966056658E-05|versicolor prob.: 0.9999915092615097|virginica prob.:0.9999915131095796
Sample #126|setosa prob.: 1.7062998800663352E-05|versicolor prob.: 0.9999915092603338|virginica prob.:0.9999915131084052
Sample #127|setosa prob.: 1.7062998370854274E-05|versicolor prob.: 0.999991509260564|virginica prob.:0.9999915131086352
Sample #128|setosa prob.: 1.706299707575743E-05|versicolor prob.: 0.9999915092612579|virginica prob.:0.999991513109328
Sample #129|setosa prob.: 1.7062996750449695E-05|versicolor prob.: 0.9999915092614322|virginica prob.:0.9999915131095021
Sample #130|setosa prob.: 1.70629966056658E-05|versicolor prob.: 0.9999915092615097|virginica prob.:0.9999915131095796
Sample #131|setosa prob.: 1.7062996455895756E-05|versicolor prob.: 0.9999915092615901|virginica prob.:0.9999915131096597
Sample #132|setosa prob.: 1.7062997014263124E-05|versicolor prob.: 0.9999915092612908|virginica prob.:0.9999915131093611
Sample #133|setosa prob.: 1.7062998575022476E-05|versicolor prob.: 0.9999915092604545|virginica prob.:0.999991513108526
Sample #134|setosa prob.: 1.7062998575022476E-05|versicolor prob.: 0.9999915092604545|virginica prob.:0.999991513108526
Sample #135|setosa prob.: 1.706299650115638E-05|versicolor prob.: 0.9999915092615657|virginica prob.:0.9999915131096355
Sample #136|setosa prob.: 1.7062996719912497E-05|versicolor prob.: 0.9999915092614486|virginica prob.:0.9999915131095185
Sample #137|setosa prob.: 1.7062997143719107E-05|versicolor prob.: 0.9999915092612215|virginica prob.:0.9999915131092918
Sample #138|setosa prob.: 1.7062998800663352E-05|versicolor prob.: 0.9999915092603338|virginica prob.:0.9999915131084052
Sample #139|setosa prob.: 1.7062996784198486E-05|versicolor prob.: 0.9999915092614142|virginica prob.:0.9999915131094841
Sample #140|setosa prob.: 1.7062996692281368E-05|versicolor prob.: 0.9999915092614633|virginica prob.:0.9999915131095332
Sample #141|setosa prob.: 1.7062996821496603E-05|versicolor prob.: 0.9999915092613942|virginica prob.:0.9999915131094641
Sample #142|setosa prob.: 1.706299905003502E-05|versicolor prob.: 0.9999915092602001|virginica prob.:0.9999915131082717
Sample #143|setosa prob.: 1.70629966056658E-05|versicolor prob.: 0.9999915092615097|virginica prob.:0.9999915131095796
Sample #144|setosa prob.: 1.70629966056658E-05|versicolor prob.: 0.9999915092615097|virginica prob.:0.9999915131095796
Sample #145|setosa prob.: 1.7062996908273536E-05|versicolor prob.: 0.9999915092613476|virginica prob.:0.9999915131094177
Sample #146|setosa prob.: 1.7062998575022476E-05|versicolor prob.: 0.9999915092604545|virginica prob.:0.999991513108526
Sample #147|setosa prob.: 1.706299721882839E-05|versicolor prob.: 0.9999915092611813|virginica prob.:0.9999915131092516
Sample #148|setosa prob.: 1.706299686271749E-05|versicolor prob.: 0.999991509261372|virginica prob.:0.9999915131094421
Sample #149|setosa prob.: 1.7062998370854274E-05|versicolor prob.: 0.999991509260564|virginica prob.:0.9999915131086352</StdOut>
      </Output>
    </UnitTestResult>
    <UnitTestResult executionId="674c5eae-be91-417f-bcb5-574bf1705580" testId="3c619f47-cba9-8ea0-d4fa-a85ad4fd1539" testName="TestPyramidBuilding" computerName="madoX" startTime="2020-04-25T19:42:05.3603090+02:00" endTime="2020-04-25T19:42:05.3603549+02:00" testType="13cdc9d9-ddb5-4fa4-a97d-d965ccfc6d4b" outcome="NotExecuted" testListId="8c84fa94-04c1-424b-9868-57a2d4851a1d" relativeResultsDirectory="674c5eae-be91-417f-bcb5-574bf1705580">
      <Output></Output>
    </UnitTestResult>
    <UnitTestResult executionId="2c2000eb-7b0c-432f-9b74-3d46ffcb4731" testId="0d712b84-ad40-a7e7-163a-6d1905e2c215" testName="FinalizeResult" computerName="madoX" startTime="2020-04-25T19:42:05.4328388+02:00" endTime="2020-04-25T19:42:05.4329204+02:00" testType="13cdc9d9-ddb5-4fa4-a97d-d965ccfc6d4b" outcome="NotExecuted" testListId="8c84fa94-04c1-424b-9868-57a2d4851a1d" relativeResultsDirectory="2c2000eb-7b0c-432f-9b74-3d46ffcb4731">
      <Output></Output>
    </UnitTestResult>
    <UnitTestResult executionId="f07f8546-2965-48a4-9a6d-9acf9cb0ad5c" testId="d258b85f-14b6-24a6-eaf0-9cb58f11778d" testName="TestCalculate" computerName="madoX" duration="00:00:00.0032925" startTime="2020-04-25T19:42:04.8213106+02:00" endTime="2020-04-25T19:42:04.8247747+02:00" testType="13cdc9d9-ddb5-4fa4-a97d-d965ccfc6d4b" outcome="Passed" testListId="8c84fa94-04c1-424b-9868-57a2d4851a1d" relativeResultsDirectory="f07f8546-2965-48a4-9a6d-9acf9cb0ad5c" />
    <UnitTestResult executionId="20d71bc9-6332-45e4-874f-a8cedb706d44" testId="2143b7c7-6299-6b01-b162-6d724aa767f8" testName="TestFindKeypoints" computerName="madoX" startTime="2020-04-25T19:42:05.4319340+02:00" endTime="2020-04-25T19:42:05.4321121+02:00" testType="13cdc9d9-ddb5-4fa4-a97d-d965ccfc6d4b" outcome="NotExecuted" testListId="8c84fa94-04c1-424b-9868-57a2d4851a1d" relativeResultsDirectory="20d71bc9-6332-45e4-874f-a8cedb706d44">
      <Output></Output>
    </UnitTestResult>
    <UnitTestResult executionId="6db43536-4764-4c7e-b9c1-f02abb5ce6f0" testId="cbe2e6f9-6de2-9e73-a532-7b5783051631" testName="TestContrastTest" computerName="madoX" startTime="2020-04-25T19:42:05.4321488+02:00" endTime="2020-04-25T19:42:05.4322314+02:00" testType="13cdc9d9-ddb5-4fa4-a97d-d965ccfc6d4b" outcome="NotExecuted" testListId="8c84fa94-04c1-424b-9868-57a2d4851a1d" relativeResultsDirectory="6db43536-4764-4c7e-b9c1-f02abb5ce6f0">
      <Output></Output>
    </UnitTestResult>
  </Results>
  <TestDefinitions>
    <UnitTest name="Test" storage="/home/mado/documents/assignments/ssi/ml.lib.tests/bin/debug/netcoreapp3.1/ml.lib.tests.dll" id="f506b79a-2f44-5be9-d26c-b2a5166b61ba">
      <Execution id="b392bd4e-29d3-4cdc-b803-9d9941d42ace" />
      <TestMethod codeBase="/home/mado/Documents/assignments/ssi/ML.Lib.Tests/bin/Debug/netcoreapp3.1/ML.Lib.Tests.dll" adapterTypeName="executor://mstestadapter/v2" className="ML.Lib.Tests.SIFTTests" name="Test" />
    </UnitTest>
    <UnitTest name="TestPyramidBuilding" storage="/home/mado/documents/assignments/ssi/ml.lib.tests/bin/debug/netcoreapp3.1/ml.lib.tests.dll" id="3c619f47-cba9-8ea0-d4fa-a85ad4fd1539">
      <Execution id="674c5eae-be91-417f-bcb5-574bf1705580" />
      <TestMethod codeBase="/home/mado/Documents/assignments/ssi/ML.Lib.Tests/bin/Debug/netcoreapp3.1/ML.Lib.Tests.dll" adapterTypeName="executor://mstestadapter/v2" className="ML.Lib.Tests.SIFTTests" name="TestPyramidBuilding" />
    </UnitTest>
    <UnitTest name="TestMassCalculate" storage="/home/mado/documents/assignments/ssi/ml.lib.tests/bin/debug/netcoreapp3.1/ml.lib.tests.dll" id="77b6b6a1-28ac-45e8-9314-cbdf61ad6c72">
      <Execution id="b45311e0-68aa-4e72-be8e-8c93f4f04a7f" />
      <TestMethod codeBase="/home/mado/Documents/assignments/ssi/ML.Lib.Tests/bin/Debug/netcoreapp3.1/ML.Lib.Tests.dll" adapterTypeName="executor://mstestadapter/v2" className="ML.Lib.Neuron.NeuralTests" name="TestMassCalculate" />
    </UnitTest>
    <UnitTest name="TestAssignParameters" storage="/home/mado/documents/assignments/ssi/ml.lib.tests/bin/debug/netcoreapp3.1/ml.lib.tests.dll" id="6141bb7b-a41a-f909-b336-d09d324b86c1">
      <Execution id="643e660a-b290-401b-98f9-87773fb67cad" />
      <TestMethod codeBase="/home/mado/Documents/assignments/ssi/ML.Lib.Tests/bin/Debug/netcoreapp3.1/ML.Lib.Tests.dll" adapterTypeName="executor://mstestadapter/v2" className="ML.Lib.Tests.SIFTTests" name="TestAssignParameters" />
    </UnitTest>
    <UnitTest name="TestContrastTest" storage="/home/mado/documents/assignments/ssi/ml.lib.tests/bin/debug/netcoreapp3.1/ml.lib.tests.dll" id="cbe2e6f9-6de2-9e73-a532-7b5783051631">
      <Execution id="6db43536-4764-4c7e-b9c1-f02abb5ce6f0" />
      <TestMethod codeBase="/home/mado/Documents/assignments/ssi/ML.Lib.Tests/bin/Debug/netcoreapp3.1/ML.Lib.Tests.dll" adapterTypeName="executor://mstestadapter/v2" className="ML.Lib.Tests.SIFTTests" name="TestContrastTest" />
    </UnitTest>
    <UnitTest name="TestTrain" storage="/home/mado/documents/assignments/ssi/ml.lib.tests/bin/debug/netcoreapp3.1/ml.lib.tests.dll" id="8d37b67b-c1cf-3819-ac1d-76bbe0d1bff9">
      <Execution id="be8f7fc1-1958-4bdb-9cc8-e3dc5a24ff0c" />
      <TestMethod codeBase="/home/mado/Documents/assignments/ssi/ML.Lib.Tests/bin/Debug/netcoreapp3.1/ML.Lib.Tests.dll" adapterTypeName="executor://mstestadapter/v2" className="ML.Lib.Neuron.NeuralTests" name="TestTrain" />
    </UnitTest>
    <UnitTest name="SugenoTest" storage="/home/mado/documents/assignments/ssi/ml.lib.tests/bin/debug/netcoreapp3.1/ml.lib.tests.dll" id="b44e3f1d-d699-2be2-1c29-48f364c32676">
      <Execution id="559042f8-9925-41c1-bc23-2e4771856e47" />
      <TestMethod codeBase="/home/mado/Documents/assignments/ssi/ML.Lib.Tests/bin/Debug/netcoreapp3.1/ML.Lib.Tests.dll" adapterTypeName="executor://mstestadapter/v2" className="ML.Lib.Tests.SugenoTests" name="SugenoTest" />
    </UnitTest>
    <UnitTest name="TestEdgeTest" storage="/home/mado/documents/assignments/ssi/ml.lib.tests/bin/debug/netcoreapp3.1/ml.lib.tests.dll" id="c7a81c0f-39d1-56f8-0c4a-6ff95aac162d">
      <Execution id="5ada4a0f-eb9c-4f2d-8d01-2ffadcfd8a01" />
      <TestMethod codeBase="/home/mado/Documents/assignments/ssi/ML.Lib.Tests/bin/Debug/netcoreapp3.1/ML.Lib.Tests.dll" adapterTypeName="executor://mstestadapter/v2" className="ML.Lib.Tests.SIFTTests" name="TestEdgeTest" />
    </UnitTest>
    <UnitTest name="GaussianFilterCtorTest" storage="/home/mado/documents/assignments/ssi/ml.lib.tests/bin/debug/netcoreapp3.1/ml.lib.tests.dll" id="a17d96d6-14da-4cdf-438f-09cf1bf34161">
      <Execution id="d08c2669-243c-4fd9-820c-3cfc6bc73f59" />
      <TestMethod codeBase="/home/mado/Documents/assignments/ssi/ML.Lib.Tests/bin/Debug/netcoreapp3.1/ML.Lib.Tests.dll" adapterTypeName="executor://mstestadapter/v2" className="ML.Lib.Tests.FilterTests" name="GaussianFilterCtorTest" />
    </UnitTest>
    <UnitTest name="TestFindKeypoints" storage="/home/mado/documents/assignments/ssi/ml.lib.tests/bin/debug/netcoreapp3.1/ml.lib.tests.dll" id="2143b7c7-6299-6b01-b162-6d724aa767f8">
      <Execution id="20d71bc9-6332-45e4-874f-a8cedb706d44" />
      <TestMethod codeBase="/home/mado/Documents/assignments/ssi/ML.Lib.Tests/bin/Debug/netcoreapp3.1/ML.Lib.Tests.dll" adapterTypeName="executor://mstestadapter/v2" className="ML.Lib.Tests.SIFTTests" name="TestFindKeypoints" />
    </UnitTest>
    <UnitTest name="TestCalculate" storage="/home/mado/documents/assignments/ssi/ml.lib.tests/bin/debug/netcoreapp3.1/ml.lib.tests.dll" id="d258b85f-14b6-24a6-eaf0-9cb58f11778d">
      <Execution id="f07f8546-2965-48a4-9a6d-9acf9cb0ad5c" />
      <TestMethod codeBase="/home/mado/Documents/assignments/ssi/ML.Lib.Tests/bin/Debug/netcoreapp3.1/ML.Lib.Tests.dll" adapterTypeName="executor://mstestadapter/v2" className="ML.Lib.Neuron.NeuralTests" name="TestCalculate" />
    </UnitTest>
    <UnitTest name="GaussianFilterTest" storage="/home/mado/documents/assignments/ssi/ml.lib.tests/bin/debug/netcoreapp3.1/ml.lib.tests.dll" id="66aaeb20-50ad-9b68-0121-0ae2de24b645">
      <Execution id="d3da5d07-502d-46f9-bfd1-d5ebfda8e70a" />
      <TestMethod codeBase="/home/mado/Documents/assignments/ssi/ML.Lib.Tests/bin/Debug/netcoreapp3.1/ML.Lib.Tests.dll" adapterTypeName="executor://mstestadapter/v2" className="ML.Lib.Tests.FilterTests" name="GaussianFilterTest" />
    </UnitTest>
    <UnitTest name="FinalizeResult" storage="/home/mado/documents/assignments/ssi/ml.lib.tests/bin/debug/netcoreapp3.1/ml.lib.tests.dll" id="0d712b84-ad40-a7e7-163a-6d1905e2c215">
      <Execution id="2c2000eb-7b0c-432f-9b74-3d46ffcb4731" />
      <TestMethod codeBase="/home/mado/Documents/assignments/ssi/ML.Lib.Tests/bin/Debug/netcoreapp3.1/ML.Lib.Tests.dll" adapterTypeName="executor://mstestadapter/v2" className="ML.Lib.Tests.SIFTTests" name="FinalizeResult" />
    </UnitTest>
    <UnitTest name="TestDoGCreation" storage="/home/mado/documents/assignments/ssi/ml.lib.tests/bin/debug/netcoreapp3.1/ml.lib.tests.dll" id="ae8b806e-91cd-158d-cf84-39ff4ea33259">
      <Execution id="bbcaac25-45fe-48ca-9635-cfcd6cc3cfc4" />
      <TestMethod codeBase="/home/mado/Documents/assignments/ssi/ML.Lib.Tests/bin/Debug/netcoreapp3.1/ML.Lib.Tests.dll" adapterTypeName="executor://mstestadapter/v2" className="ML.Lib.Tests.SIFTTests" name="TestDoGCreation" />
    </UnitTest>
    <UnitTest name="ConstructorTest" storage="/home/mado/documents/assignments/ssi/ml.lib.tests/bin/debug/netcoreapp3.1/ml.lib.tests.dll" id="a5f2be9a-ecf7-4511-2438-b89033095905">
      <Execution id="78ac572a-56b7-4fd4-b7f6-f3ac19146275" />
      <TestMethod codeBase="/home/mado/Documents/assignments/ssi/ML.Lib.Tests/bin/Debug/netcoreapp3.1/ML.Lib.Tests.dll" adapterTypeName="executor://mstestadapter/v2" className="ML.Lib.Neuron.NeuralTests" name="ConstructorTest" />
    </UnitTest>
  </TestDefinitions>
  <TestEntries>
    <TestEntry testId="ae8b806e-91cd-158d-cf84-39ff4ea33259" executionId="bbcaac25-45fe-48ca-9635-cfcd6cc3cfc4" testListId="8c84fa94-04c1-424b-9868-57a2d4851a1d" />
    <TestEntry testId="a5f2be9a-ecf7-4511-2438-b89033095905" executionId="78ac572a-56b7-4fd4-b7f6-f3ac19146275" testListId="8c84fa94-04c1-424b-9868-57a2d4851a1d" />
    <TestEntry testId="77b6b6a1-28ac-45e8-9314-cbdf61ad6c72" executionId="b45311e0-68aa-4e72-be8e-8c93f4f04a7f" testListId="8c84fa94-04c1-424b-9868-57a2d4851a1d" />
    <TestEntry testId="b44e3f1d-d699-2be2-1c29-48f364c32676" executionId="559042f8-9925-41c1-bc23-2e4771856e47" testListId="8c84fa94-04c1-424b-9868-57a2d4851a1d" />
    <TestEntry testId="f506b79a-2f44-5be9-d26c-b2a5166b61ba" executionId="b392bd4e-29d3-4cdc-b803-9d9941d42ace" testListId="8c84fa94-04c1-424b-9868-57a2d4851a1d" />
    <TestEntry testId="66aaeb20-50ad-9b68-0121-0ae2de24b645" executionId="d3da5d07-502d-46f9-bfd1-d5ebfda8e70a" testListId="8c84fa94-04c1-424b-9868-57a2d4851a1d" />
    <TestEntry testId="6141bb7b-a41a-f909-b336-d09d324b86c1" executionId="643e660a-b290-401b-98f9-87773fb67cad" testListId="8c84fa94-04c1-424b-9868-57a2d4851a1d" />
    <TestEntry testId="c7a81c0f-39d1-56f8-0c4a-6ff95aac162d" executionId="5ada4a0f-eb9c-4f2d-8d01-2ffadcfd8a01" testListId="8c84fa94-04c1-424b-9868-57a2d4851a1d" />
    <TestEntry testId="a17d96d6-14da-4cdf-438f-09cf1bf34161" executionId="d08c2669-243c-4fd9-820c-3cfc6bc73f59" testListId="8c84fa94-04c1-424b-9868-57a2d4851a1d" />
    <TestEntry testId="8d37b67b-c1cf-3819-ac1d-76bbe0d1bff9" executionId="be8f7fc1-1958-4bdb-9cc8-e3dc5a24ff0c" testListId="8c84fa94-04c1-424b-9868-57a2d4851a1d" />
    <TestEntry testId="3c619f47-cba9-8ea0-d4fa-a85ad4fd1539" executionId="674c5eae-be91-417f-bcb5-574bf1705580" testListId="8c84fa94-04c1-424b-9868-57a2d4851a1d" />
    <TestEntry testId="0d712b84-ad40-a7e7-163a-6d1905e2c215" executionId="2c2000eb-7b0c-432f-9b74-3d46ffcb4731" testListId="8c84fa94-04c1-424b-9868-57a2d4851a1d" />
    <TestEntry testId="d258b85f-14b6-24a6-eaf0-9cb58f11778d" executionId="f07f8546-2965-48a4-9a6d-9acf9cb0ad5c" testListId="8c84fa94-04c1-424b-9868-57a2d4851a1d" />
    <TestEntry testId="2143b7c7-6299-6b01-b162-6d724aa767f8" executionId="20d71bc9-6332-45e4-874f-a8cedb706d44" testListId="8c84fa94-04c1-424b-9868-57a2d4851a1d" />
    <TestEntry testId="cbe2e6f9-6de2-9e73-a532-7b5783051631" executionId="6db43536-4764-4c7e-b9c1-f02abb5ce6f0" testListId="8c84fa94-04c1-424b-9868-57a2d4851a1d" />
  </TestEntries>
  <TestLists>
    <TestList name="Results Not in a List" id="8c84fa94-04c1-424b-9868-57a2d4851a1d" />
    <TestList name="All Loaded Results" id="19431567-8539-422a-85d7-44ee4e166bda" />
  </TestLists>
  <ResultSummary outcome="Completed">
    <Counters total="15" executed="5" passed="5" failed="0" error="0" timeout="0" aborted="0" inconclusive="0" passedButRunAborted="0" notRunnable="0" notExecuted="0" disconnected="0" warning="0" completed="0" inProgress="0" pending="0" />
    <Output>
      <StdOut>Test 'GaussianFilterCtorTest' was skipped in the test run.
Test 'GaussianFilterTest' was skipped in the test run.
Test 'Test' was skipped in the test run.
Test 'TestPyramidBuilding' was skipped in the test run.
Test 'TestDoGCreation' was skipped in the test run.
Test 'TestFindKeypoints' was skipped in the test run.
Test 'TestContrastTest' was skipped in the test run.
Test 'TestEdgeTest' was skipped in the test run.
Test 'TestAssignParameters' was skipped in the test run.
Test 'FinalizeResult' was skipped in the test run.
</StdOut>
    </Output>
  </ResultSummary>
</TestRun>