<?xml version="1.0" encoding="utf-8"?>
<TestRun id="f35d2d5a-67c6-4c28-916a-e4c97b95605e" name="@madoX 2020-04-26 17:57:35" xmlns="http://microsoft.com/schemas/VisualStudio/TeamTest/2010">
  <Times creation="2020-04-26T17:57:35.2118163+02:00" queuing="2020-04-26T17:57:35.2118163+02:00" start="2020-04-26T17:57:33.3591290+02:00" finish="2020-04-26T17:57:35.2452699+02:00" />
  <TestSettings name="default" id="54dc85e9-8478-4723-af75-40a96d90f8a1">
    <Deployment runDeploymentRoot="_madoX_2020-04-26_17_57_35" />
  </TestSettings>
  <Results>
    <UnitTestResult executionId="5de62233-8e36-4370-8143-1075f69039ad" testId="c7a81c0f-39d1-56f8-0c4a-6ff95aac162d" testName="TestEdgeTest" computerName="madoX" startTime="2020-04-26T17:57:35.1662467+02:00" endTime="2020-04-26T17:57:35.1662733+02:00" testType="13cdc9d9-ddb5-4fa4-a97d-d965ccfc6d4b" outcome="NotExecuted" testListId="8c84fa94-04c1-424b-9868-57a2d4851a1d" relativeResultsDirectory="5de62233-8e36-4370-8143-1075f69039ad">
      <Output></Output>
    </UnitTestResult>
    <UnitTestResult executionId="61ad2596-fa2a-443b-a1a8-32221604204b" testId="0d712b84-ad40-a7e7-163a-6d1905e2c215" testName="FinalizeResult" computerName="madoX" startTime="2020-04-26T17:57:35.1663136+02:00" endTime="2020-04-26T17:57:35.1663399+02:00" testType="13cdc9d9-ddb5-4fa4-a97d-d965ccfc6d4b" outcome="NotExecuted" testListId="8c84fa94-04c1-424b-9868-57a2d4851a1d" relativeResultsDirectory="61ad2596-fa2a-443b-a1a8-32221604204b">
      <Output></Output>
    </UnitTestResult>
    <UnitTestResult executionId="7376291e-4610-4af4-92dd-8c457f631315" testId="77b6b6a1-28ac-45e8-9314-cbdf61ad6c72" testName="TestMassCalculate" computerName="madoX" duration="00:00:00.0015249" startTime="2020-04-26T17:57:33.7919456+02:00" endTime="2020-04-26T17:57:33.7935535+02:00" testType="13cdc9d9-ddb5-4fa4-a97d-d965ccfc6d4b" outcome="Passed" testListId="8c84fa94-04c1-424b-9868-57a2d4851a1d" relativeResultsDirectory="7376291e-4610-4af4-92dd-8c457f631315" />
    <UnitTestResult executionId="b5bab551-4448-4abc-95c6-d840b3681e1f" testId="2143b7c7-6299-6b01-b162-6d724aa767f8" testName="TestFindKeypoints" computerName="madoX" startTime="2020-04-26T17:57:35.1661333+02:00" endTime="2020-04-26T17:57:35.1661942+02:00" testType="13cdc9d9-ddb5-4fa4-a97d-d965ccfc6d4b" outcome="NotExecuted" testListId="8c84fa94-04c1-424b-9868-57a2d4851a1d" relativeResultsDirectory="b5bab551-4448-4abc-95c6-d840b3681e1f">
      <Output></Output>
    </UnitTestResult>
    <UnitTestResult executionId="280519f0-bb1a-42e2-b8b4-3cf20b1fdbf5" testId="f506b79a-2f44-5be9-d26c-b2a5166b61ba" testName="Test" computerName="madoX" startTime="2020-04-26T17:57:35.1298249+02:00" endTime="2020-04-26T17:57:35.1299784+02:00" testType="13cdc9d9-ddb5-4fa4-a97d-d965ccfc6d4b" outcome="NotExecuted" testListId="8c84fa94-04c1-424b-9868-57a2d4851a1d" relativeResultsDirectory="280519f0-bb1a-42e2-b8b4-3cf20b1fdbf5">
      <Output></Output>
    </UnitTestResult>
    <UnitTestResult executionId="43bd3f54-619b-4265-bd62-93004a58c55c" testId="3c619f47-cba9-8ea0-d4fa-a85ad4fd1539" testName="TestPyramidBuilding" computerName="madoX" startTime="2020-04-26T17:57:35.1299877+02:00" endTime="2020-04-26T17:57:35.1300159+02:00" testType="13cdc9d9-ddb5-4fa4-a97d-d965ccfc6d4b" outcome="NotExecuted" testListId="8c84fa94-04c1-424b-9868-57a2d4851a1d" relativeResultsDirectory="43bd3f54-619b-4265-bd62-93004a58c55c">
      <Output></Output>
    </UnitTestResult>
    <UnitTestResult executionId="fcba5b84-3ec1-417e-8669-b0c85fbe342c" testId="ae8b806e-91cd-158d-cf84-39ff4ea33259" testName="TestDoGCreation" computerName="madoX" startTime="2020-04-26T17:57:35.1300232+02:00" endTime="2020-04-26T17:57:35.1300495+02:00" testType="13cdc9d9-ddb5-4fa4-a97d-d965ccfc6d4b" outcome="NotExecuted" testListId="8c84fa94-04c1-424b-9868-57a2d4851a1d" relativeResultsDirectory="fcba5b84-3ec1-417e-8669-b0c85fbe342c">
      <Output></Output>
    </UnitTestResult>
    <UnitTestResult executionId="916baaea-338b-4b65-9d39-a537c7a7c10c" testId="8d37b67b-c1cf-3819-ac1d-76bbe0d1bff9" testName="TestTrain" computerName="madoX" duration="00:00:01.3352347" startTime="2020-04-26T17:57:33.7935668+02:00" endTime="2020-04-26T17:57:35.1289529+02:00" testType="13cdc9d9-ddb5-4fa4-a97d-d965ccfc6d4b" outcome="Passed" testListId="8c84fa94-04c1-424b-9868-57a2d4851a1d" relativeResultsDirectory="916baaea-338b-4b65-9d39-a537c7a7c10c">
      <Output>
        <StdOut>Sample #0|setosa prob.: 4.350772934582607E-06|versicolor prob.: 0.9999980657253413|virginica prob.:0.9999980618619696
Sample #1|setosa prob.: 5.296571679530461E-06|versicolor prob.: 0.9999976682511834|virginica prob.:0.9999976262806243
Sample #2|setosa prob.: 5.073628487678801E-06|versicolor prob.: 0.9999977058241653|virginica prob.:0.9999977232905795
Sample #3|setosa prob.: 5.285459539939433E-06|versicolor prob.: 0.999997650401038|virginica prob.:0.9999976583829593
Sample #4|setosa prob.: 4.249205592959337E-06|versicolor prob.: 0.9999980942222535|virginica prob.:0.9999981120965805
Sample #5|setosa prob.: 3.699081425196558E-06|versicolor prob.: 0.9999984327751988|virginica prob.:0.9999984294917112
Sample #6|setosa prob.: 4.7998029957979475E-06|versicolor prob.: 0.9999978521931122|virginica prob.:0.9999979010648614
Sample #7|setosa prob.: 4.526482762128167E-06|versicolor prob.: 0.9999980035334088|virginica prob.:0.9999979947912471
Sample #8|setosa prob.: 5.890244804295017E-06|versicolor prob.: 0.9999973488044351|virginica prob.:0.999997370525085
Sample #9|setosa prob.: 5.048517231573373E-06|versicolor prob.: 0.9999977571043619|virginica prob.:0.9999977217368039
Sample #10|setosa prob.: 3.95132610426058E-06|versicolor prob.: 0.999998266884944|virginica prob.:0.9999982500800761
Sample #11|setosa prob.: 4.607194032971368E-06|versicolor prob.: 0.9999979664591335|virginica prob.:0.9999979763803027
Sample #12|setosa prob.: 5.314825850794359E-06|versicolor prob.: 0.9999976148241855|virginica prob.:0.9999975845663761
Sample #13|setosa prob.: 5.805337239296747E-06|versicolor prob.: 0.9999972392102382|virginica prob.:0.9999973146197826
Sample #14|setosa prob.: 3.564481922874773E-06|versicolor prob.: 0.9999984050400718|virginica prob.:0.9999983962235858
Sample #15|setosa prob.: 3.1183671172805463E-06|versicolor prob.: 0.9999986456749191|virginica prob.:0.9999986672723173
Sample #16|setosa prob.: 3.761692310987905E-06|versicolor prob.: 0.999998354540166|virginica prob.:0.9999983671010628
Sample #17|setosa prob.: 4.373564103934539E-06|versicolor prob.: 0.9999980824877035|virginica prob.:0.9999980797411073
Sample #18|setosa prob.: 3.7396854105951543E-06|versicolor prob.: 0.9999984177157507|virginica prob.:0.9999983799642678
Sample #19|setosa prob.: 3.933134904065337E-06|versicolor prob.: 0.9999982693420622|virginica prob.:0.9999982916089585
Sample #20|setosa prob.: 4.342202518809999E-06|versicolor prob.: 0.9999981471438701|virginica prob.:0.9999980884583695
Sample #21|setosa prob.: 4.088097046871843E-06|versicolor prob.: 0.9999982329303015|virginica prob.:0.9999982468546766
Sample #22|setosa prob.: 4.5855814598732295E-06|versicolor prob.: 0.9999978177224748|virginica prob.:0.9999979135842845
Sample #23|setosa prob.: 4.739158373909057E-06|versicolor prob.: 0.9999980415771161|virginica prob.:0.9999980073812055
Sample #24|setosa prob.: 4.5654894998147575E-06|versicolor prob.: 0.9999980364181215|virginica prob.:0.9999980312170657
Sample #25|setosa prob.: 5.2075225049263246E-06|versicolor prob.: 0.9999977567237949|virginica prob.:0.9999976922088409
Sample #26|setosa prob.: 4.578215750914486E-06|versicolor prob.: 0.9999980521858475|virginica prob.:0.9999980419779422
Sample #27|setosa prob.: 4.291760754445011E-06|versicolor prob.: 0.9999981165274742|virginica prob.:0.9999980974094432
Sample #28|setosa prob.: 4.458979621731519E-06|versicolor prob.: 0.9999980342823593|virginica prob.:0.9999980081224403
Sample #29|setosa prob.: 5.0107069517789845E-06|versicolor prob.: 0.9999977950816643|virginica prob.:0.9999977952062343
Sample #30|setosa prob.: 5.134896341643986E-06|versicolor prob.: 0.9999977598435016|virginica prob.:0.9999977342404285
Sample #31|setosa prob.: 4.423358966170144E-06|versicolor prob.: 0.9999981323106659|virginica prob.:0.9999980852738914
Sample #32|setosa prob.: 3.531146459882034E-06|versicolor prob.: 0.9999983892434734|virginica prob.:0.9999984276790912
Sample #33|setosa prob.: 3.3727892342701157E-06|versicolor prob.: 0.9999984840769579|virginica prob.:0.9999985089832593
Sample #34|setosa prob.: 5.048517231573373E-06|versicolor prob.: 0.9999977571043619|virginica prob.:0.9999977217368039
Sample #35|setosa prob.: 4.918479933585361E-06|versicolor prob.: 0.9999977901619765|virginica prob.:0.9999977724515543
Sample #36|setosa prob.: 4.2277396884652855E-06|versicolor prob.: 0.9999981373973431|virginica prob.:0.9999980971877054
Sample #37|setosa prob.: 5.048517231573373E-06|versicolor prob.: 0.9999977571043619|virginica prob.:0.9999977217368039
Sample #38|setosa prob.: 5.696587236592556E-06|versicolor prob.: 0.999997401154188|virginica prob.:0.999997442654026
Sample #39|setosa prob.: 4.481978531506648E-06|versicolor prob.: 0.9999980320947659|virginica prob.:0.9999980121571501
Sample #40|setosa prob.: 4.439121134544046E-06|versicolor prob.: 0.9999980278010907|virginica prob.:0.9999980411920537
Sample #41|setosa prob.: 7.486448779262998E-06|versicolor prob.: 0.9999967355185867|virginica prob.:0.99999665416297
Sample #42|setosa prob.: 5.2949544294952135E-06|versicolor prob.: 0.9999975648266376|virginica prob.:0.9999976297242816
Sample #43|setosa prob.: 4.492677405545999E-06|versicolor prob.: 0.9999981320819206|virginica prob.:0.9999981362254604
Sample #44|setosa prob.: 3.899652058123233E-06|versicolor prob.: 0.9999983618474227|virginica prob.:0.9999983677974378
Sample #45|setosa prob.: 5.41357493509402E-06|versicolor prob.: 0.9999976389313487|virginica prob.:0.9999976129771471
Sample #46|setosa prob.: 3.899174049931899E-06|versicolor prob.: 0.9999982749607169|virginica prob.:0.9999982919986488
Sample #47|setosa prob.: 5.117131848071746E-06|versicolor prob.: 0.9999976951171193|virginica prob.:0.9999977211623584
Sample #48|setosa prob.: 3.981320868921652E-06|versicolor prob.: 0.9999982464276259|virginica prob.:0.9999982388948616
Sample #49|setosa prob.: 4.706392994743132E-06|versicolor prob.: 0.9999979142906829|virginica prob.:0.9999978987646779
Sample #50|setosa prob.: 6.146578970896848E-06|versicolor prob.: 0.9999981114728603|virginica prob.:0.9999978288187126
Sample #51|setosa prob.: 6.496897092978407E-06|versicolor prob.: 0.9999980074799077|virginica prob.:0.9999977828008227
Sample #52|setosa prob.: 6.783053833238841E-06|versicolor prob.: 0.9999979584049755|virginica prob.:0.9999976592577794
Sample #53|setosa prob.: 9.92276635529557E-06|versicolor prob.: 0.9999968797789955|virginica prob.:0.9999966054239005
Sample #54|setosa prob.: 7.724218932077209E-06|versicolor prob.: 0.9999976623358162|virginica prob.:0.9999973598294066
Sample #55|setosa prob.: 8.123795737145237E-06|versicolor prob.: 0.9999974857060724|virginica prob.:0.9999972482224545
Sample #56|setosa prob.: 6.653517561557244E-06|versicolor prob.: 0.9999979924627539|virginica prob.:0.9999977855040189
Sample #57|setosa prob.: 8.772911771088892E-06|versicolor prob.: 0.9999970163753034|virginica prob.:0.9999968462166656
Sample #58|setosa prob.: 6.96977448639341E-06|versicolor prob.: 0.9999978467300435|virginica prob.:0.9999975411043366
Sample #59|setosa prob.: 8.770882642740349E-06|versicolor prob.: 0.999997224839375|virginica prob.:0.9999970718523348
Sample #60|setosa prob.: 1.0783795019274658E-05|versicolor prob.: 0.9999964141638354|virginica prob.:0.999996145028848
Sample #61|setosa prob.: 7.260024348768732E-06|versicolor prob.: 0.9999977513983127|virginica prob.:0.9999975551072778
Sample #62|setosa prob.: 8.717264090816765E-06|versicolor prob.: 0.9999971895610482|virginica prob.:0.9999968104129803
Sample #63|setosa prob.: 7.744467886228485E-06|versicolor prob.: 0.9999976430766251|virginica prob.:0.9999973789349587
Sample #64|setosa prob.: 6.933759014878973E-06|versicolor prob.: 0.9999977430865212|virginica prob.:0.9999975745590423
Sample #65|setosa prob.: 6.318629175939945E-06|versicolor prob.: 0.9999980383912538|virginica prob.:0.99999777654476
Sample #66|setosa prob.: 7.976591433244018E-06|versicolor prob.: 0.9999975652197091|virginica prob.:0.9999973859044279
Sample #67|setosa prob.: 7.287649311006617E-06|versicolor prob.: 0.9999976357041028|virginica prob.:0.9999973709879472
Sample #68|setosa prob.: 1.0450814883993404E-05|versicolor prob.: 0.999996860393347|virginica prob.:0.9999964758305642
Sample #69|setosa prob.: 8.218288554646579E-06|versicolor prob.: 0.9999973413863791|virginica prob.:0.999997078433198
Sample #70|setosa prob.: 7.958070910815377E-06|versicolor prob.: 0.9999976592938|virginica prob.:0.9999974857122447
Sample #71|setosa prob.: 7.125886203781966E-06|versicolor prob.: 0.9999977393683966|virginica prob.:0.9999974899386982
Sample #72|setosa prob.: 9.54097634134015E-06|versicolor prob.: 0.9999971706856808|virginica prob.:0.9999968107119874
Sample #73|setosa prob.: 7.673950848191776E-06|versicolor prob.: 0.9999976262304162|virginica prob.:0.9999973304330608
Sample #74|setosa prob.: 6.844183305607391E-06|versicolor prob.: 0.9999978561017235|virginica prob.:0.9999975830280772
Sample #75|setosa prob.: 6.65265904549309E-06|versicolor prob.: 0.9999979398573615|virginica prob.:0.9999976688888974
Sample #76|setosa prob.: 7.462645506003638E-06|versicolor prob.: 0.999997739118999|virginica prob.:0.9999973944076387
Sample #77|setosa prob.: 7.72444715444823E-06|versicolor prob.: 0.999997732745244|virginica prob.:0.9999974382540093
Sample #78|setosa prob.: 7.83654721908308E-06|versicolor prob.: 0.999997614108321|virginica prob.:0.9999973781284233
Sample #79|setosa prob.: 7.176510929212646E-06|versicolor prob.: 0.9999975984689082|virginica prob.:0.9999973561676326
Sample #80|setosa prob.: 8.641044224948162E-06|versicolor prob.: 0.9999971937907126|virginica prob.:0.9999969287676975
Sample #81|setosa prob.: 8.290845938997256E-06|versicolor prob.: 0.999997265274602|virginica prob.:0.9999969969552323
Sample #82|setosa prob.: 7.472152629406341E-06|versicolor prob.: 0.9999975976238169|virginica prob.:0.9999973570716632
Sample #83|setosa prob.: 9.812801535230385E-06|versicolor prob.: 0.9999971335938851|virginica prob.:0.9999968393804137
Sample #84|setosa prob.: 8.259288855122925E-06|versicolor prob.: 0.9999974777156256|virginica prob.:0.9999973222089383
Sample #85|setosa prob.: 6.410635576083575E-06|versicolor prob.: 0.9999980429570599|virginica prob.:0.9999978836603793
Sample #86|setosa prob.: 6.736786291197675E-06|versicolor prob.: 0.9999979559443477|virginica prob.:0.9999976827396297
Sample #87|setosa prob.: 9.111397244288672E-06|versicolor prob.: 0.9999971948794394|virginica prob.:0.9999968092009575
Sample #88|setosa prob.: 7.074380169203455E-06|versicolor prob.: 0.999997753220707|virginica prob.:0.9999975768033998
Sample #89|setosa prob.: 8.997658549923031E-06|versicolor prob.: 0.9999971590598894|virginica prob.:0.9999969205655249
Sample #90|setosa prob.: 8.8277022559362E-06|versicolor prob.: 0.9999972389273487|virginica prob.:0.9999969870486989
Sample #91|setosa prob.: 7.291506364628104E-06|versicolor prob.: 0.9999977651673289|virginica prob.:0.999997522943537
Sample #92|setosa prob.: 7.925429214275691E-06|versicolor prob.: 0.9999974710386578|virginica prob.:0.9999972078610896
Sample #93|setosa prob.: 9.046476167566375E-06|versicolor prob.: 0.9999969350933534|virginica prob.:0.9999967327515539
Sample #94|setosa prob.: 8.270496953957742E-06|versicolor prob.: 0.9999974057918259|virginica prob.:0.9999971788014106
Sample #95|setosa prob.: 6.886608656348168E-06|versicolor prob.: 0.9999978039327838|virginica prob.:0.999997606071409
Sample #96|setosa prob.: 7.409139875438344E-06|versicolor prob.: 0.9999976658478338|virginica prob.:0.9999974597670354
Sample #97|setosa prob.: 7.014202413198192E-06|versicolor prob.: 0.9999978030534598|virginica prob.:0.9999975459458282
Sample #98|setosa prob.: 8.02315432538192E-06|versicolor prob.: 0.9999972505248057|virginica prob.:0.9999970896774478
Sample #99|setosa prob.: 7.651027042849256E-06|versicolor prob.: 0.9999975827785427|virginica prob.:0.9999973660948503
Sample #100|setosa prob.: 1.1311829992932282E-05|versicolor prob.: 0.9999970037241752|virginica prob.:0.9999968207717354
Sample #101|setosa prob.: 1.136680682349676E-05|versicolor prob.: 0.9999967643867311|virginica prob.:0.9999965341874435
Sample #102|setosa prob.: 9.456298268211112E-06|versicolor prob.: 0.9999974055920656|virginica prob.:0.9999970525233844
Sample #103|setosa prob.: 9.870982125966107E-06|versicolor prob.: 0.9999972126465455|virginica prob.:0.9999969085675255
Sample #104|setosa prob.: 1.0763217869118019E-05|versicolor prob.: 0.999997072017365|virginica prob.:0.999996795402723
Sample #105|setosa prob.: 9.857056858957601E-06|versicolor prob.: 0.9999973533155037|virginica prob.:0.9999969075131288
Sample #106|setosa prob.: 1.2946236383322843E-05|versicolor prob.: 0.9999961507975863|virginica prob.:0.9999960520396363
Sample #107|setosa prob.: 9.42531171685749E-06|versicolor prob.: 0.999997391843973|virginica prob.:0.9999969462670594
Sample #108|setosa prob.: 1.1371914714419511E-05|versicolor prob.: 0.9999968294729981|virginica prob.:0.9999963960940691
Sample #109|setosa prob.: 8.395047510642258E-06|versicolor prob.: 0.9999977575318655|virginica prob.:0.9999975068847247
Sample #110|setosa prob.: 8.067379162949023E-06|versicolor prob.: 0.9999976945517133|virginica prob.:0.9999974644188504
Sample #111|setosa prob.: 1.0384827995207871E-05|versicolor prob.: 0.999997063061488|virginica prob.:0.9999967451192467
Sample #112|setosa prob.: 9.275623327686565E-06|versicolor prob.: 0.999997420151013|virginica prob.:0.9999971196028219
Sample #113|setosa prob.: 1.3167300743722658E-05|versicolor prob.: 0.9999962783315788|virginica prob.:0.9999960593244629
Sample #114|setosa prob.: 1.3180647596564982E-05|versicolor prob.: 0.9999963859072795|virginica prob.:0.9999962549818548
Sample #115|setosa prob.: 9.383757998623873E-06|versicolor prob.: 0.9999974062572463|virginica prob.:0.999997204887386
Sample #116|setosa prob.: 8.929390240882813E-06|versicolor prob.: 0.9999974597000157|virginica prob.:0.999997158512037
Sample #117|setosa prob.: 7.423209831487368E-06|versicolor prob.: 0.9999979975066603|virginica prob.:0.9999976771598936
Sample #118|setosa prob.: 1.2761146155507814E-05|versicolor prob.: 0.999996677778747|virginica prob.:0.9999961444974506
Sample #119|setosa prob.: 1.184205060741378E-05|versicolor prob.: 0.9999965263615086|virginica prob.:0.9999961311412252
Sample #120|setosa prob.: 9.197514716764657E-06|versicolor prob.: 0.9999974911696077|virginica prob.:0.9999972183580517
Sample #121|setosa prob.: 1.1301306234246871E-05|versicolor prob.: 0.9999967748030538|virginica prob.:0.9999966125341256
Sample #122|setosa prob.: 1.0395634533803291E-05|versicolor prob.: 0.9999972033296133|virginica prob.:0.9999966931322667
Sample #123|setosa prob.: 9.546312037374499E-06|versicolor prob.: 0.9999972308050479|virginica prob.:0.9999969369239832
Sample #124|setosa prob.: 8.569864131328244E-06|versicolor prob.: 0.9999976239098859|virginica prob.:0.9999973644669493
Sample #125|setosa prob.: 8.044400952440126E-06|versicolor prob.: 0.9999977369504618|virginica prob.:0.9999973779103122
Sample #126|setosa prob.: 9.123544080737273E-06|versicolor prob.: 0.9999973373218289|virginica prob.:0.9999970757402482
Sample #127|setosa prob.: 8.603077868706348E-06|versicolor prob.: 0.9999974912758601|virginica prob.:0.9999972647999291
Sample #128|setosa prob.: 1.1226292944974368E-05|versicolor prob.: 0.9999969094605057|virginica prob.:0.9999966141460547
Sample #129|setosa prob.: 8.021266404033834E-06|versicolor prob.: 0.999997695860187|virginica prob.:0.9999973017890811
Sample #130|setosa prob.: 9.567696375609094E-06|versicolor prob.: 0.9999973552929354|virginica prob.:0.999996909034764
Sample #131|setosa prob.: 6.597107056082148E-06|versicolor prob.: 0.9999981674734124|virginica prob.:0.9999978446516301
Sample #132|setosa prob.: 1.1637010214639133E-05|versicolor prob.: 0.9999968211048212|virginica prob.:0.9999965397477032
Sample #133|setosa prob.: 8.620751716094454E-06|versicolor prob.: 0.9999974517920774|virginica prob.:0.9999971349523691
Sample #134|setosa prob.: 1.0357492123430578E-05|versicolor prob.: 0.9999969951304031|virginica prob.:0.999996615430739
Sample #135|setosa prob.: 9.344823391975698E-06|versicolor prob.: 0.999997480446556|virginica prob.:0.9999970866098542
Sample #136|setosa prob.: 9.550580061094906E-06|versicolor prob.: 0.9999974044812051|virginica prob.:0.9999972347275503
Sample #137|setosa prob.: 8.682258088880973E-06|versicolor prob.: 0.9999975264319129|virginica prob.:0.99999725062984
Sample #138|setosa prob.: 8.606472956004391E-06|versicolor prob.: 0.9999974792615384|virginica prob.:0.9999972685681398
Sample #139|setosa prob.: 8.567474860258067E-06|versicolor prob.: 0.9999976012439504|virginica prob.:0.9999973134620284
Sample #140|setosa prob.: 1.0149668517213692E-05|versicolor prob.: 0.9999972504083069|virginica prob.:0.9999970004348278
Sample #141|setosa prob.: 8.622431247687738E-06|versicolor prob.: 0.9999975946819002|virginica prob.:0.9999973417381645
Sample #142|setosa prob.: 1.136680682349676E-05|versicolor prob.: 0.9999967643867311|virginica prob.:0.9999965341874435
Sample #143|setosa prob.: 9.73844821302429E-06|versicolor prob.: 0.9999973665817443|virginica prob.:0.9999970915015642
Sample #144|setosa prob.: 9.755728284444997E-06|versicolor prob.: 0.99999737822816|virginica prob.:0.9999971592789985
Sample #145|setosa prob.: 9.534657583721605E-06|versicolor prob.: 0.9999973589316022|virginica prob.:0.9999971055195761
Sample #146|setosa prob.: 1.1034448019186813E-05|versicolor prob.: 0.9999968505738732|virginica prob.:0.9999965282491362
Sample #147|setosa prob.: 8.994258516196596E-06|versicolor prob.: 0.9999974508673979|virginica prob.:0.9999971866463209
Sample #148|setosa prob.: 9.036728115113728E-06|versicolor prob.: 0.9999975051846086|virginica prob.:0.999997344178925
Sample #149|setosa prob.: 9.251624929249445E-06|versicolor prob.: 0.999997328121198|virginica prob.:0.9999971135775648
Weights:Layer#0
Neuron#0|-0.3150277486140969||0.49680019728690394||0.31072278544806076||0.06844907233884978||0.3693972373704413||-0.08295797211255784||-0.08241963693053445||0.06509727591886061||-0.27987130907358193||-0.0459878111937958|
Neuron#1|0.4970973860458925||-0.26898613188834214||0.3963428125234054||-0.054700223521655544||0.338651324081538||0.00792258163351689||0.043107554103763546||0.07573203257086314||-0.19914883826819663||0.29360325438603907|
Neuron#2|-0.15488308419235192||0.3524419208301427||-0.005807378099210281||0.39471954102382045||-0.22366526989436952||0.1126970772690592||-0.07140194977233277||-0.10434891963580106||-0.28711286177258605||-0.20430477741374858|
Neuron#3|-0.2768836318407597||0.39922732668892824||-0.49041543295160656||0.14726853354241165||-0.48418187023335224||0.3714487687085982||0.4291022373033232||-0.2992427064102342||-0.4764108681010133||-0.18352100657463122|
Layer#1
Neuron#0|-1.151908436487165||1.020215443692948||1.248219165073225|
Neuron#1|-2.1921429414531595||2.9559167286722876||2.5194142320488875|
Neuron#2|-2.632794819842671||3.036686423428061||2.9910608918087616|
Neuron#3|-2.1397206192577483||2.266174073891211||2.529899792359864|
Neuron#4|-2.6978294521531323||2.5085176364266903||1.982911308007384|
Neuron#5|-1.3062988008069891||1.8236764323359884||1.8913671331125717|
Neuron#6|-1.2676439120414424||1.2939229125689484||1.7466471572478781|
Neuron#7|-1.9168976010805283||1.5606005075265112||1.91209833215307|
Neuron#8|-0.4423555624927542||-0.2391012526911048||-0.1363457019285902|
Neuron#9|-1.7285615718575438||1.5753944391101529||1.8957258302711508|
Layer#2
Neuron#0
Neuron#1
Neuron#2</StdOut>
      </Output>
    </UnitTestResult>
    <UnitTestResult executionId="21019237-5aff-4ded-8bce-ea5063cfe09a" testId="66aaeb20-50ad-9b68-0121-0ae2de24b645" testName="GaussianFilterTest" computerName="madoX" startTime="2020-04-26T17:57:35.1297760+02:00" endTime="2020-04-26T17:57:35.1298164+02:00" testType="13cdc9d9-ddb5-4fa4-a97d-d965ccfc6d4b" outcome="NotExecuted" testListId="8c84fa94-04c1-424b-9868-57a2d4851a1d" relativeResultsDirectory="21019237-5aff-4ded-8bce-ea5063cfe09a">
      <Output></Output>
    </UnitTestResult>
    <UnitTestResult executionId="5b72f7a0-46b8-4784-a650-b6acec23e92d" testId="a17d96d6-14da-4cdf-438f-09cf1bf34161" testName="GaussianFilterCtorTest" computerName="madoX" startTime="2020-04-26T17:57:35.1291691+02:00" endTime="2020-04-26T17:57:35.1297606+02:00" testType="13cdc9d9-ddb5-4fa4-a97d-d965ccfc6d4b" outcome="NotExecuted" testListId="8c84fa94-04c1-424b-9868-57a2d4851a1d" relativeResultsDirectory="5b72f7a0-46b8-4784-a650-b6acec23e92d">
      <Output></Output>
    </UnitTestResult>
    <UnitTestResult executionId="89450395-f4f7-4872-87fc-a34f8d497ee4" testId="6141bb7b-a41a-f909-b336-d09d324b86c1" testName="TestAssignParameters" computerName="madoX" startTime="2020-04-26T17:57:35.1662806+02:00" endTime="2020-04-26T17:57:35.1663065+02:00" testType="13cdc9d9-ddb5-4fa4-a97d-d965ccfc6d4b" outcome="NotExecuted" testListId="8c84fa94-04c1-424b-9868-57a2d4851a1d" relativeResultsDirectory="89450395-f4f7-4872-87fc-a34f8d497ee4">
      <Output></Output>
    </UnitTestResult>
    <UnitTestResult executionId="7faff10a-337f-4655-950a-31e1a834f146" testId="a5f2be9a-ecf7-4511-2438-b89033095905" testName="ConstructorTest" computerName="madoX" duration="00:00:00.0058962" startTime="2020-04-26T17:57:33.7465406+02:00" endTime="2020-04-26T17:57:33.7730174+02:00" testType="13cdc9d9-ddb5-4fa4-a97d-d965ccfc6d4b" outcome="Passed" testListId="8c84fa94-04c1-424b-9868-57a2d4851a1d" relativeResultsDirectory="7faff10a-337f-4655-950a-31e1a834f146" />
    <UnitTestResult executionId="fdbfb0a4-4734-4b1f-b481-a260a9439f1a" testId="cbe2e6f9-6de2-9e73-a532-7b5783051631" testName="TestContrastTest" computerName="madoX" startTime="2020-04-26T17:57:35.1662084+02:00" endTime="2020-04-26T17:57:35.1662383+02:00" testType="13cdc9d9-ddb5-4fa4-a97d-d965ccfc6d4b" outcome="NotExecuted" testListId="8c84fa94-04c1-424b-9868-57a2d4851a1d" relativeResultsDirectory="fdbfb0a4-4734-4b1f-b481-a260a9439f1a">
      <Output></Output>
    </UnitTestResult>
    <UnitTestResult executionId="42a931f0-f40b-4f77-b86e-f920d21fde19" testId="b44e3f1d-d699-2be2-1c29-48f364c32676" testName="SugenoTest" computerName="madoX" duration="00:00:00.0068137" startTime="2020-04-26T17:57:35.1663474+02:00" endTime="2020-04-26T17:57:35.1733290+02:00" testType="13cdc9d9-ddb5-4fa4-a97d-d965ccfc6d4b" outcome="Passed" testListId="8c84fa94-04c1-424b-9868-57a2d4851a1d" relativeResultsDirectory="42a931f0-f40b-4f77-b86e-f920d21fde19">
      <Output>
        <StdOut>Living standards for Warszawa are 0.5
Living standards for Kraków are NaN
Living standards for Gdańsk are 0.3
Living standards for Wrocław are 0.3
Living standards for Katowice are 0.8
Living standards for Poznań are 0.41111111111111104
Living standards for Gliwice are 0.8</StdOut>
      </Output>
    </UnitTestResult>
    <UnitTestResult executionId="ecd30421-35ae-4f12-bedf-983a9859a568" testId="d258b85f-14b6-24a6-eaf0-9cb58f11778d" testName="TestCalculate" computerName="madoX" duration="00:00:00.0134160" startTime="2020-04-26T17:57:33.7781365+02:00" endTime="2020-04-26T17:57:33.7919018+02:00" testType="13cdc9d9-ddb5-4fa4-a97d-d965ccfc6d4b" outcome="Failed" testListId="8c84fa94-04c1-424b-9868-57a2d4851a1d" relativeResultsDirectory="ecd30421-35ae-4f12-bedf-983a9859a568">
      <Output>
        <ErrorInfo>
          <Message>Assert.AreEqual failed. Expected a difference no greater than &lt;0.01&gt; between expected value &lt;0.675&gt; and actual value &lt;0.456636097165054&gt;. </Message>
          <StackTrace>   at ML.Lib.Neuron.NeuralTests.TestCalculate() in /home/mado/Documents/assignments/ssi/ML.Lib.Tests/NeuralTests.cs:line 59
</StackTrace>
        </ErrorInfo>
      </Output>
    </UnitTestResult>
  </Results>
  <TestDefinitions>
    <UnitTest name="Test" storage="/home/mado/documents/assignments/ssi/ml.lib.tests/bin/debug/netcoreapp3.1/ml.lib.tests.dll" id="f506b79a-2f44-5be9-d26c-b2a5166b61ba">
      <Execution id="280519f0-bb1a-42e2-b8b4-3cf20b1fdbf5" />
      <TestMethod codeBase="/home/mado/Documents/assignments/ssi/ML.Lib.Tests/bin/Debug/netcoreapp3.1/ML.Lib.Tests.dll" adapterTypeName="executor://mstestadapter/v2" className="ML.Lib.Tests.SIFTTests" name="Test" />
    </UnitTest>
    <UnitTest name="TestPyramidBuilding" storage="/home/mado/documents/assignments/ssi/ml.lib.tests/bin/debug/netcoreapp3.1/ml.lib.tests.dll" id="3c619f47-cba9-8ea0-d4fa-a85ad4fd1539">
      <Execution id="43bd3f54-619b-4265-bd62-93004a58c55c" />
      <TestMethod codeBase="/home/mado/Documents/assignments/ssi/ML.Lib.Tests/bin/Debug/netcoreapp3.1/ML.Lib.Tests.dll" adapterTypeName="executor://mstestadapter/v2" className="ML.Lib.Tests.SIFTTests" name="TestPyramidBuilding" />
    </UnitTest>
    <UnitTest name="TestMassCalculate" storage="/home/mado/documents/assignments/ssi/ml.lib.tests/bin/debug/netcoreapp3.1/ml.lib.tests.dll" id="77b6b6a1-28ac-45e8-9314-cbdf61ad6c72">
      <Execution id="7376291e-4610-4af4-92dd-8c457f631315" />
      <TestMethod codeBase="/home/mado/Documents/assignments/ssi/ML.Lib.Tests/bin/Debug/netcoreapp3.1/ML.Lib.Tests.dll" adapterTypeName="executor://mstestadapter/v2" className="ML.Lib.Neuron.NeuralTests" name="TestMassCalculate" />
    </UnitTest>
    <UnitTest name="TestAssignParameters" storage="/home/mado/documents/assignments/ssi/ml.lib.tests/bin/debug/netcoreapp3.1/ml.lib.tests.dll" id="6141bb7b-a41a-f909-b336-d09d324b86c1">
      <Execution id="89450395-f4f7-4872-87fc-a34f8d497ee4" />
      <TestMethod codeBase="/home/mado/Documents/assignments/ssi/ML.Lib.Tests/bin/Debug/netcoreapp3.1/ML.Lib.Tests.dll" adapterTypeName="executor://mstestadapter/v2" className="ML.Lib.Tests.SIFTTests" name="TestAssignParameters" />
    </UnitTest>
    <UnitTest name="TestContrastTest" storage="/home/mado/documents/assignments/ssi/ml.lib.tests/bin/debug/netcoreapp3.1/ml.lib.tests.dll" id="cbe2e6f9-6de2-9e73-a532-7b5783051631">
      <Execution id="fdbfb0a4-4734-4b1f-b481-a260a9439f1a" />
      <TestMethod codeBase="/home/mado/Documents/assignments/ssi/ML.Lib.Tests/bin/Debug/netcoreapp3.1/ML.Lib.Tests.dll" adapterTypeName="executor://mstestadapter/v2" className="ML.Lib.Tests.SIFTTests" name="TestContrastTest" />
    </UnitTest>
    <UnitTest name="TestTrain" storage="/home/mado/documents/assignments/ssi/ml.lib.tests/bin/debug/netcoreapp3.1/ml.lib.tests.dll" id="8d37b67b-c1cf-3819-ac1d-76bbe0d1bff9">
      <Execution id="916baaea-338b-4b65-9d39-a537c7a7c10c" />
      <TestMethod codeBase="/home/mado/Documents/assignments/ssi/ML.Lib.Tests/bin/Debug/netcoreapp3.1/ML.Lib.Tests.dll" adapterTypeName="executor://mstestadapter/v2" className="ML.Lib.Neuron.NeuralTests" name="TestTrain" />
    </UnitTest>
    <UnitTest name="SugenoTest" storage="/home/mado/documents/assignments/ssi/ml.lib.tests/bin/debug/netcoreapp3.1/ml.lib.tests.dll" id="b44e3f1d-d699-2be2-1c29-48f364c32676">
      <Execution id="42a931f0-f40b-4f77-b86e-f920d21fde19" />
      <TestMethod codeBase="/home/mado/Documents/assignments/ssi/ML.Lib.Tests/bin/Debug/netcoreapp3.1/ML.Lib.Tests.dll" adapterTypeName="executor://mstestadapter/v2" className="ML.Lib.Tests.SugenoTests" name="SugenoTest" />
    </UnitTest>
    <UnitTest name="TestEdgeTest" storage="/home/mado/documents/assignments/ssi/ml.lib.tests/bin/debug/netcoreapp3.1/ml.lib.tests.dll" id="c7a81c0f-39d1-56f8-0c4a-6ff95aac162d">
      <Execution id="5de62233-8e36-4370-8143-1075f69039ad" />
      <TestMethod codeBase="/home/mado/Documents/assignments/ssi/ML.Lib.Tests/bin/Debug/netcoreapp3.1/ML.Lib.Tests.dll" adapterTypeName="executor://mstestadapter/v2" className="ML.Lib.Tests.SIFTTests" name="TestEdgeTest" />
    </UnitTest>
    <UnitTest name="GaussianFilterCtorTest" storage="/home/mado/documents/assignments/ssi/ml.lib.tests/bin/debug/netcoreapp3.1/ml.lib.tests.dll" id="a17d96d6-14da-4cdf-438f-09cf1bf34161">
      <Execution id="5b72f7a0-46b8-4784-a650-b6acec23e92d" />
      <TestMethod codeBase="/home/mado/Documents/assignments/ssi/ML.Lib.Tests/bin/Debug/netcoreapp3.1/ML.Lib.Tests.dll" adapterTypeName="executor://mstestadapter/v2" className="ML.Lib.Tests.FilterTests" name="GaussianFilterCtorTest" />
    </UnitTest>
    <UnitTest name="TestFindKeypoints" storage="/home/mado/documents/assignments/ssi/ml.lib.tests/bin/debug/netcoreapp3.1/ml.lib.tests.dll" id="2143b7c7-6299-6b01-b162-6d724aa767f8">
      <Execution id="b5bab551-4448-4abc-95c6-d840b3681e1f" />
      <TestMethod codeBase="/home/mado/Documents/assignments/ssi/ML.Lib.Tests/bin/Debug/netcoreapp3.1/ML.Lib.Tests.dll" adapterTypeName="executor://mstestadapter/v2" className="ML.Lib.Tests.SIFTTests" name="TestFindKeypoints" />
    </UnitTest>
    <UnitTest name="TestCalculate" storage="/home/mado/documents/assignments/ssi/ml.lib.tests/bin/debug/netcoreapp3.1/ml.lib.tests.dll" id="d258b85f-14b6-24a6-eaf0-9cb58f11778d">
      <Execution id="ecd30421-35ae-4f12-bedf-983a9859a568" />
      <TestMethod codeBase="/home/mado/Documents/assignments/ssi/ML.Lib.Tests/bin/Debug/netcoreapp3.1/ML.Lib.Tests.dll" adapterTypeName="executor://mstestadapter/v2" className="ML.Lib.Neuron.NeuralTests" name="TestCalculate" />
    </UnitTest>
    <UnitTest name="GaussianFilterTest" storage="/home/mado/documents/assignments/ssi/ml.lib.tests/bin/debug/netcoreapp3.1/ml.lib.tests.dll" id="66aaeb20-50ad-9b68-0121-0ae2de24b645">
      <Execution id="21019237-5aff-4ded-8bce-ea5063cfe09a" />
      <TestMethod codeBase="/home/mado/Documents/assignments/ssi/ML.Lib.Tests/bin/Debug/netcoreapp3.1/ML.Lib.Tests.dll" adapterTypeName="executor://mstestadapter/v2" className="ML.Lib.Tests.FilterTests" name="GaussianFilterTest" />
    </UnitTest>
    <UnitTest name="FinalizeResult" storage="/home/mado/documents/assignments/ssi/ml.lib.tests/bin/debug/netcoreapp3.1/ml.lib.tests.dll" id="0d712b84-ad40-a7e7-163a-6d1905e2c215">
      <Execution id="61ad2596-fa2a-443b-a1a8-32221604204b" />
      <TestMethod codeBase="/home/mado/Documents/assignments/ssi/ML.Lib.Tests/bin/Debug/netcoreapp3.1/ML.Lib.Tests.dll" adapterTypeName="executor://mstestadapter/v2" className="ML.Lib.Tests.SIFTTests" name="FinalizeResult" />
    </UnitTest>
    <UnitTest name="TestDoGCreation" storage="/home/mado/documents/assignments/ssi/ml.lib.tests/bin/debug/netcoreapp3.1/ml.lib.tests.dll" id="ae8b806e-91cd-158d-cf84-39ff4ea33259">
      <Execution id="fcba5b84-3ec1-417e-8669-b0c85fbe342c" />
      <TestMethod codeBase="/home/mado/Documents/assignments/ssi/ML.Lib.Tests/bin/Debug/netcoreapp3.1/ML.Lib.Tests.dll" adapterTypeName="executor://mstestadapter/v2" className="ML.Lib.Tests.SIFTTests" name="TestDoGCreation" />
    </UnitTest>
    <UnitTest name="ConstructorTest" storage="/home/mado/documents/assignments/ssi/ml.lib.tests/bin/debug/netcoreapp3.1/ml.lib.tests.dll" id="a5f2be9a-ecf7-4511-2438-b89033095905">
      <Execution id="7faff10a-337f-4655-950a-31e1a834f146" />
      <TestMethod codeBase="/home/mado/Documents/assignments/ssi/ML.Lib.Tests/bin/Debug/netcoreapp3.1/ML.Lib.Tests.dll" adapterTypeName="executor://mstestadapter/v2" className="ML.Lib.Neuron.NeuralTests" name="ConstructorTest" />
    </UnitTest>
  </TestDefinitions>
  <TestEntries>
    <TestEntry testId="c7a81c0f-39d1-56f8-0c4a-6ff95aac162d" executionId="5de62233-8e36-4370-8143-1075f69039ad" testListId="8c84fa94-04c1-424b-9868-57a2d4851a1d" />
    <TestEntry testId="0d712b84-ad40-a7e7-163a-6d1905e2c215" executionId="61ad2596-fa2a-443b-a1a8-32221604204b" testListId="8c84fa94-04c1-424b-9868-57a2d4851a1d" />
    <TestEntry testId="77b6b6a1-28ac-45e8-9314-cbdf61ad6c72" executionId="7376291e-4610-4af4-92dd-8c457f631315" testListId="8c84fa94-04c1-424b-9868-57a2d4851a1d" />
    <TestEntry testId="2143b7c7-6299-6b01-b162-6d724aa767f8" executionId="b5bab551-4448-4abc-95c6-d840b3681e1f" testListId="8c84fa94-04c1-424b-9868-57a2d4851a1d" />
    <TestEntry testId="f506b79a-2f44-5be9-d26c-b2a5166b61ba" executionId="280519f0-bb1a-42e2-b8b4-3cf20b1fdbf5" testListId="8c84fa94-04c1-424b-9868-57a2d4851a1d" />
    <TestEntry testId="3c619f47-cba9-8ea0-d4fa-a85ad4fd1539" executionId="43bd3f54-619b-4265-bd62-93004a58c55c" testListId="8c84fa94-04c1-424b-9868-57a2d4851a1d" />
    <TestEntry testId="ae8b806e-91cd-158d-cf84-39ff4ea33259" executionId="fcba5b84-3ec1-417e-8669-b0c85fbe342c" testListId="8c84fa94-04c1-424b-9868-57a2d4851a1d" />
    <TestEntry testId="8d37b67b-c1cf-3819-ac1d-76bbe0d1bff9" executionId="916baaea-338b-4b65-9d39-a537c7a7c10c" testListId="8c84fa94-04c1-424b-9868-57a2d4851a1d" />
    <TestEntry testId="66aaeb20-50ad-9b68-0121-0ae2de24b645" executionId="21019237-5aff-4ded-8bce-ea5063cfe09a" testListId="8c84fa94-04c1-424b-9868-57a2d4851a1d" />
    <TestEntry testId="a17d96d6-14da-4cdf-438f-09cf1bf34161" executionId="5b72f7a0-46b8-4784-a650-b6acec23e92d" testListId="8c84fa94-04c1-424b-9868-57a2d4851a1d" />
    <TestEntry testId="6141bb7b-a41a-f909-b336-d09d324b86c1" executionId="89450395-f4f7-4872-87fc-a34f8d497ee4" testListId="8c84fa94-04c1-424b-9868-57a2d4851a1d" />
    <TestEntry testId="a5f2be9a-ecf7-4511-2438-b89033095905" executionId="7faff10a-337f-4655-950a-31e1a834f146" testListId="8c84fa94-04c1-424b-9868-57a2d4851a1d" />
    <TestEntry testId="cbe2e6f9-6de2-9e73-a532-7b5783051631" executionId="fdbfb0a4-4734-4b1f-b481-a260a9439f1a" testListId="8c84fa94-04c1-424b-9868-57a2d4851a1d" />
    <TestEntry testId="b44e3f1d-d699-2be2-1c29-48f364c32676" executionId="42a931f0-f40b-4f77-b86e-f920d21fde19" testListId="8c84fa94-04c1-424b-9868-57a2d4851a1d" />
    <TestEntry testId="d258b85f-14b6-24a6-eaf0-9cb58f11778d" executionId="ecd30421-35ae-4f12-bedf-983a9859a568" testListId="8c84fa94-04c1-424b-9868-57a2d4851a1d" />
  </TestEntries>
  <TestLists>
    <TestList name="Results Not in a List" id="8c84fa94-04c1-424b-9868-57a2d4851a1d" />
    <TestList name="All Loaded Results" id="19431567-8539-422a-85d7-44ee4e166bda" />
  </TestLists>
  <ResultSummary outcome="Failed">
    <Counters total="15" executed="5" passed="4" failed="1" error="0" timeout="0" aborted="0" inconclusive="0" passedButRunAborted="0" notRunnable="0" notExecuted="0" disconnected="0" warning="0" completed="0" inProgress="0" pending="0" />
    <Output>
      <StdOut>Test 'GaussianFilterCtorTest' was skipped in the test run.
Test 'GaussianFilterTest' was skipped in the test run.
Test 'Test' was skipped in the test run.
Test 'TestPyramidBuilding' was skipped in the test run.
Test 'TestDoGCreation' was skipped in the test run.
Test 'TestFindKeypoints' was skipped in the test run.
Test 'TestContrastTest' was skipped in the test run.
Test 'TestEdgeTest' was skipped in the test run.
Test 'TestAssignParameters' was skipped in the test run.
Test 'FinalizeResult' was skipped in the test run.
</StdOut>
    </Output>
  </ResultSummary>
</TestRun>