<?xml version="1.0" encoding="utf-8"?>
<TestRun id="41767699-4bdc-4b3d-a1a1-d079c2220765" name="@madoX 2020-04-25 21:37:25" xmlns="http://microsoft.com/schemas/VisualStudio/TeamTest/2010">
  <Times creation="2020-04-25T21:37:25.1029822+02:00" queuing="2020-04-25T21:37:25.1029823+02:00" start="2020-04-25T21:37:23.1628663+02:00" finish="2020-04-25T21:37:27.6710509+02:00" />
  <TestSettings name="default" id="acbfeecf-2c08-402b-96d4-122603946224">
    <Deployment runDeploymentRoot="_madoX_2020-04-25_21_37_25" />
  </TestSettings>
  <Results>
    <UnitTestResult executionId="6a250a29-38af-4184-8b6e-386893155093" testId="b44e3f1d-d699-2be2-1c29-48f364c32676" testName="SugenoTest" computerName="madoX" duration="00:00:00.0062970" startTime="2020-04-25T21:37:27.6173273+02:00" endTime="2020-04-25T21:37:27.6238159+02:00" testType="13cdc9d9-ddb5-4fa4-a97d-d965ccfc6d4b" outcome="Passed" testListId="8c84fa94-04c1-424b-9868-57a2d4851a1d" relativeResultsDirectory="6a250a29-38af-4184-8b6e-386893155093">
      <Output>
        <StdOut>Living standards for Warszawa are 0.5
Living standards for Kraków are NaN
Living standards for Gdańsk are 0.3
Living standards for Wrocław are 0.3
Living standards for Katowice are 0.8
Living standards for Poznań are 0.41111111111111104
Living standards for Gliwice are 0.8</StdOut>
      </Output>
    </UnitTestResult>
    <UnitTestResult executionId="8ead42ff-a3c5-4fb4-b209-ef06dfa49ec3" testId="0d712b84-ad40-a7e7-163a-6d1905e2c215" testName="FinalizeResult" computerName="madoX" startTime="2020-04-25T21:37:27.6172755+02:00" endTime="2020-04-25T21:37:27.6173177+02:00" testType="13cdc9d9-ddb5-4fa4-a97d-d965ccfc6d4b" outcome="NotExecuted" testListId="8c84fa94-04c1-424b-9868-57a2d4851a1d" relativeResultsDirectory="8ead42ff-a3c5-4fb4-b209-ef06dfa49ec3">
      <Output></Output>
    </UnitTestResult>
    <UnitTestResult executionId="d0a87ccd-6f10-4deb-8428-1e388b8bc007" testId="77b6b6a1-28ac-45e8-9314-cbdf61ad6c72" testName="TestMassCalculate" computerName="madoX" duration="00:00:00.0021053" startTime="2020-04-25T21:37:23.6176034+02:00" endTime="2020-04-25T21:37:23.6197838+02:00" testType="13cdc9d9-ddb5-4fa4-a97d-d965ccfc6d4b" outcome="Passed" testListId="8c84fa94-04c1-424b-9868-57a2d4851a1d" relativeResultsDirectory="d0a87ccd-6f10-4deb-8428-1e388b8bc007">
      <Output>
        <StdOut>Sample #0|setosa prob.: 0.9489185655236656|versicolor prob.: 0.9057448735941453|virginica prob.:0.9337514846866192
Sample #1|setosa prob.: 0.9489171492260149|versicolor prob.: 0.905742969961012|virginica prob.:0.9337498658650787
Sample #2|setosa prob.: 0.9489168533374275|versicolor prob.: 0.9057425722613229|virginica prob.:0.9337495276662776
Sample #3|setosa prob.: 0.9489168533374275|versicolor prob.: 0.9057425722613229|virginica prob.:0.9337495276662776
Sample #4|setosa prob.: 0.9489185655236656|versicolor prob.: 0.9057448735941453|virginica prob.:0.9337514846866192
Sample #5|setosa prob.: 0.9489194486384968|versicolor prob.: 0.9057460605871509|virginica prob.:0.9337524940845527
Sample #6|setosa prob.: 0.9489174169562881|versicolor prob.: 0.9057433298139661|virginica prob.:0.9337501718792403
Sample #7|setosa prob.: 0.9489184185920418|versicolor prob.: 0.9057446761040832|virginica prob.:0.9337513167442965
Sample #8|setosa prob.: 0.948914836246815|versicolor prob.: 0.9057398611323956|virginica prob.:0.9337472221485815
Sample #9|setosa prob.: 0.9489176592080085|versicolor prob.: 0.905743655421888|virginica prob.:0.9337504487716746
Sample #10|setosa prob.: 0.9489191958649182|versicolor prob.: 0.9057457208341684|virginica prob.:0.9337522051648715
Sample #11|setosa prob.: 0.9489182562072207|versicolor prob.: 0.9057444578436082|virginica prob.:0.9337511311390697
Sample #12|setosa prob.: 0.9489168533374275|versicolor prob.: 0.9057425722613229|virginica prob.:0.9337495276662776
Sample #13|setosa prob.: 0.9489130426864162|versicolor prob.: 0.9057374504665093|virginica prob.:0.9337451721302528
Sample #14|setosa prob.: 0.9489194486384968|versicolor prob.: 0.9057460605871509|virginica prob.:0.9337524940845527
Sample #15|setosa prob.: 0.9489196805264185|versicolor prob.: 0.9057463722680629|virginica prob.:0.933752759132073
Sample #16|setosa prob.: 0.9489191958649182|versicolor prob.: 0.9057457208341684|virginica prob.:0.9337522051648715
Sample #17|setosa prob.: 0.9489185655236656|versicolor prob.: 0.9057448735941453|virginica prob.:0.9337514846866192
Sample #18|setosa prob.: 0.9489195418017584|versicolor prob.: 0.9057461858079947|virginica prob.:0.9337526005699985
Sample #19|setosa prob.: 0.9489190261097025|versicolor prob.: 0.9057454926663906|virginica prob.:0.9337520111350736
Sample #20|setosa prob.: 0.9489191152276955|versicolor prob.: 0.9057456124497539|virginica prob.:0.9337521129967159
Sample #21|setosa prob.: 0.9489189276189914|versicolor prob.: 0.9057453602852266|virginica prob.:0.9337518985604546
Sample #22|setosa prob.: 0.9489168533374275|versicolor prob.: 0.9057425722613229|virginica prob.:0.9337495276662776
Sample #23|setosa prob.: 0.948918698472701|versicolor prob.: 0.9057450522903937|virginica prob.:0.9337516366469273
Sample #24|setosa prob.: 0.948918698472701|versicolor prob.: 0.9057450522903937|virginica prob.:0.9337516366469273
Sample #25|setosa prob.: 0.9489178784058985|versicolor prob.: 0.9057439500437133|virginica prob.:0.933750699313795
Sample #26|setosa prob.: 0.9489185655236656|versicolor prob.: 0.9057448735941453|virginica prob.:0.9337514846866192
Sample #27|setosa prob.: 0.9489188187698032|versicolor prob.: 0.9057452139813236|virginica prob.:0.9337517741461447
Sample #28|setosa prob.: 0.9489185655236656|versicolor prob.: 0.9057448735941453|virginica prob.:0.9337514846866192
Sample #29|setosa prob.: 0.9489176592080085|versicolor prob.: 0.905743655421888|virginica prob.:0.9337504487716746
Sample #30|setosa prob.: 0.9489176592080085|versicolor prob.: 0.905743655421888|virginica prob.:0.9337504487716746
Sample #31|setosa prob.: 0.9489189276189914|versicolor prob.: 0.9057453602852266|virginica prob.:0.9337518985604546
Sample #32|setosa prob.: 0.9489193348485083|versicolor prob.: 0.9057459076419724|virginica prob.:0.9337523640228151
Sample #33|setosa prob.: 0.9489194975472814|versicolor prob.: 0.9057461263254966|virginica prob.:0.9337525499872066
Sample #34|setosa prob.: 0.9489176592080085|versicolor prob.: 0.905743655421888|virginica prob.:0.9337504487716746
Sample #35|setosa prob.: 0.9489174169562881|versicolor prob.: 0.9057433298139661|virginica prob.:0.9337501718792403
Sample #36|setosa prob.: 0.9489189276189914|versicolor prob.: 0.9057453602852266|virginica prob.:0.9337518985604546
Sample #37|setosa prob.: 0.9489176592080085|versicolor prob.: 0.905743655421888|virginica prob.:0.9337504487716746
Sample #38|setosa prob.: 0.948914836246815|versicolor prob.: 0.9057398611323956|virginica prob.:0.9337472221485815
Sample #39|setosa prob.: 0.9489185655236656|versicolor prob.: 0.9057448735941453|virginica prob.:0.9337514846866192
Sample #40|setosa prob.: 0.9489182562072207|versicolor prob.: 0.9057444578436082|virginica prob.:0.9337511311390697
Sample #41|setosa prob.: 0.9489106215796023|versicolor prob.: 0.9057341963670564|virginica prob.:0.9337424048430527
Sample #42|setosa prob.: 0.9489157655151123|versicolor prob.: 0.9057411101392281|virginica prob.:0.9337482842935538
Sample #43|setosa prob.: 0.948918698472701|versicolor prob.: 0.9057450522903937|virginica prob.:0.9337516366469273
Sample #44|setosa prob.: 0.9489193348485083|versicolor prob.: 0.9057459076419724|virginica prob.:0.9337523640228151
Sample #45|setosa prob.: 0.9489168533374275|versicolor prob.: 0.9057425722613229|virginica prob.:0.9337495276662776
Sample #46|setosa prob.: 0.9489191152276955|versicolor prob.: 0.9057456124497539|virginica prob.:0.9337521129967159
Sample #47|setosa prob.: 0.9489168533374275|versicolor prob.: 0.9057425722613229|virginica prob.:0.9337495276662776
Sample #48|setosa prob.: 0.9489191152276955|versicolor prob.: 0.9057456124497539|virginica prob.:0.9337521129967159
Sample #49|setosa prob.: 0.9489180767439167|versicolor prob.: 0.9057442166282325|virginica prob.:0.9337509260132582
Sample #50|setosa prob.: 0.9489199521837139|versicolor prob.: 0.9057467374034677|virginica prob.:0.9337530696360473
Sample #51|setosa prob.: 0.9489199394340764|versicolor prob.: 0.9057467202666307|virginica prob.:0.9337530550632234
Sample #52|setosa prob.: 0.9489199521837139|versicolor prob.: 0.9057467374034677|virginica prob.:0.9337530696360473
Sample #53|setosa prob.: 0.9489197316553873|versicolor prob.: 0.9057464409906325|virginica prob.:0.9337528175724148
Sample #54|setosa prob.: 0.9489199343079576|versicolor prob.: 0.9057467133765948|virginica prob.:0.9337530492040744
Sample #55|setosa prob.: 0.9489198930317843|versicolor prob.: 0.9057466578971392|virginica prob.:0.9337530020254488
Sample #56|setosa prob.: 0.9489199436309873|versicolor prob.: 0.9057467259077147|virginica prob.:0.9337530598602887
Sample #57|setosa prob.: 0.9489191958649182|versicolor prob.: 0.9057457208341684|virginica prob.:0.9337522051648715
Sample #58|setosa prob.: 0.9489199394340764|versicolor prob.: 0.9057467202666307|virginica prob.:0.9337530550632234
Sample #59|setosa prob.: 0.9489197316553873|versicolor prob.: 0.9057464409906325|virginica prob.:0.9337528175724148
Sample #60|setosa prob.: 0.9489191152276955|versicolor prob.: 0.9057456124497539|virginica prob.:0.9337521129967159
Sample #61|setosa prob.: 0.9489198996508391|versicolor prob.: 0.9057466667938342|virginica prob.:0.9337530095910218
Sample #62|setosa prob.: 0.9489198077889681|versicolor prob.: 0.9057465433219906|virginica prob.:0.9337529045930032
Sample #63|setosa prob.: 0.9489199280469014|versicolor prob.: 0.9057467049610857|virginica prob.:0.9337530420476932
Sample #64|setosa prob.: 0.9489197915087038|versicolor prob.: 0.9057465214396391|virginica prob.:0.9337528859846804
Sample #65|setosa prob.: 0.9489199416373674|versicolor prob.: 0.9057467232280825|virginica prob.:0.9337530575815829
Sample #66|setosa prob.: 0.9489198996508391|versicolor prob.: 0.9057466667938342|virginica prob.:0.9337530095910218
Sample #67|setosa prob.: 0.9489198588227994|versicolor prob.: 0.9057466119167252|virginica prob.:0.9337529629246151
Sample #68|setosa prob.: 0.9489198857165968|versicolor prob.: 0.9057466480647701|virginica prob.:0.9337529936641971
Sample #69|setosa prob.: 0.9489197735162258|versicolor prob.: 0.905746497255898|virginica prob.:0.9337528654193001
Sample #70|setosa prob.: 0.9489199343079576|versicolor prob.: 0.9057467133765948|virginica prob.:0.9337530492040744
Sample #71|setosa prob.: 0.9489198857165968|versicolor prob.: 0.9057466480647701|virginica prob.:0.9337529936641971
Sample #72|setosa prob.: 0.9489199280469014|versicolor prob.: 0.9057467049610857|virginica prob.:0.9337530420476932
Sample #73|setosa prob.: 0.9489199244142883|versicolor prob.: 0.9057467000784768|virginica prob.:0.9337530378956199
Sample #74|setosa prob.: 0.9489199244142883|versicolor prob.: 0.9057467000784768|virginica prob.:0.9337530378956199
Sample #75|setosa prob.: 0.9489199369990633|versicolor prob.: 0.9057467169937203|virginica prob.:0.9337530522800058
Sample #76|setosa prob.: 0.9489199454348892|versicolor prob.: 0.9057467283323463|virginica prob.:0.9337530619221471
Sample #77|setosa prob.: 0.9489199498804006|versicolor prob.: 0.9057467343075752|virginica prob.:0.9337530670033624
Sample #78|setosa prob.: 0.9489199159627456|versicolor prob.: 0.905746688718727|virginica prob.:0.9337530282355148
Sample #79|setosa prob.: 0.9489197316553873|versicolor prob.: 0.9057464409906325|virginica prob.:0.9337528175724148
Sample #80|setosa prob.: 0.9489197073680663|versicolor prob.: 0.9057464083459843|virginica prob.:0.9337527898120395
Sample #81|setosa prob.: 0.9489196805264185|versicolor prob.: 0.9057463722680629|virginica prob.:0.933752759132073
Sample #82|setosa prob.: 0.9489198358491068|versicolor prob.: 0.9057465810377102|virginica prob.:0.9337529366657097
Sample #83|setosa prob.: 0.9489199313338256|versicolor prob.: 0.905746709379053|virginica prob.:0.9337530458046445
Sample #84|setosa prob.: 0.9489198857165968|versicolor prob.: 0.9057466480647701|virginica prob.:0.9337529936641971
Sample #85|setosa prob.: 0.9489199343079576|versicolor prob.: 0.9057467133765948|virginica prob.:0.9337530492040744
Sample #86|setosa prob.: 0.9489199470671272|versicolor prob.: 0.9057467305262437|virginica prob.:0.9337530637877937
Sample #87|setosa prob.: 0.9489198930317843|versicolor prob.: 0.9057466578971392|virginica prob.:0.9337530020254488
Sample #88|setosa prob.: 0.9489198686972722|versicolor prob.: 0.9057466251890373|virginica prob.:0.9337529742111267
Sample #89|setosa prob.: 0.9489197735162258|versicolor prob.: 0.905746497255898|virginica prob.:0.9337528654193001
Sample #90|setosa prob.: 0.948919847909818|versicolor prob.: 0.905746597248551|virginica prob.:0.9337529504510892
Sample #91|setosa prob.: 0.9489199280469014|versicolor prob.: 0.9057467049610857|virginica prob.:0.9337530420476932
Sample #92|setosa prob.: 0.9489198358491068|versicolor prob.: 0.9057465810377102|virginica prob.:0.9337529366657097
Sample #93|setosa prob.: 0.9489191958649182|versicolor prob.: 0.9057457208341684|virginica prob.:0.9337522051648715
Sample #94|setosa prob.: 0.948919847909818|versicolor prob.: 0.905746597248551|virginica prob.:0.9337529504510892
Sample #95|setosa prob.: 0.9489198857165968|versicolor prob.: 0.9057466480647701|virginica prob.:0.9337529936641971
Sample #96|setosa prob.: 0.9489198776320638|versicolor prob.: 0.9057466371983212|virginica prob.:0.9337529844235842
Sample #97|setosa prob.: 0.9489199159627456|versicolor prob.: 0.905746688718727|virginica prob.:0.9337530282355148
Sample #98|setosa prob.: 0.9489191958649182|versicolor prob.: 0.9057457208341684|virginica prob.:0.9337522051648715
Sample #99|setosa prob.: 0.9489198588227994|versicolor prob.: 0.9057466119167252|virginica prob.:0.9337529629246151
Sample #100|setosa prob.: 0.9489199574208743|versicolor prob.: 0.9057467444427553|virginica prob.:0.933753075622117
Sample #101|setosa prob.: 0.9489199244142883|versicolor prob.: 0.9057467000784768|virginica prob.:0.9337530378956199
Sample #102|setosa prob.: 0.9489199591240378|versicolor prob.: 0.9057467467319841|virginica prob.:0.9337530775688314
Sample #103|setosa prob.: 0.9489199510895922|versicolor prob.: 0.9057467359328544|virginica prob.:0.9337530683854671
Sample #104|setosa prob.: 0.9489199556134643|versicolor prob.: 0.9057467420134088|virginica prob.:0.933753073556249
Sample #105|setosa prob.: 0.9489199615439662|versicolor prob.: 0.9057467499846196|virginica prob.:0.9337530803348073
Sample #106|setosa prob.: 0.9489197536314585|versicolor prob.: 0.9057464705287276|virginica prob.:0.9337528426910359
Sample #107|setosa prob.: 0.9489199604866018|versicolor prob.: 0.9057467485634119|virginica prob.:0.9337530791262407
Sample #108|setosa prob.: 0.9489199531737162|versicolor prob.: 0.9057467387341335|virginica prob.:0.9337530707676193
Sample #109|setosa prob.: 0.9489199611790565|versicolor prob.: 0.9057467494941429|virginica prob.:0.9337530799177157
Sample #110|setosa prob.: 0.9489199510895922|versicolor prob.: 0.9057467359328544|virginica prob.:0.9337530683854671
Sample #111|setosa prob.: 0.9489199454348892|versicolor prob.: 0.9057467283323463|virginica prob.:0.9337530619221471
Sample #112|setosa prob.: 0.9489199556134643|versicolor prob.: 0.9057467420134088|virginica prob.:0.933753073556249
Sample #113|setosa prob.: 0.9489199056400072|versicolor prob.: 0.9057466748438966|virginica prob.:0.9337530164366349
Sample #114|setosa prob.: 0.9489199280469014|versicolor prob.: 0.9057467049610857|virginica prob.:0.9337530420476932
Sample #115|setosa prob.: 0.9489199521837139|versicolor prob.: 0.9057467374034677|virginica prob.:0.9337530696360473
Sample #116|setosa prob.: 0.9489199531737162|versicolor prob.: 0.9057467387341335|virginica prob.:0.9337530707676193
Sample #117|setosa prob.: 0.9489199622032807|versicolor prob.: 0.9057467508708066|virginica prob.:0.933753081088403
Sample #118|setosa prob.: 0.9489199615439662|versicolor prob.: 0.9057467499846196|virginica prob.:0.9337530803348073
Sample #119|setosa prob.: 0.9489199056400072|versicolor prob.: 0.9057466748438966|virginica prob.:0.9337530164366349
Sample #120|setosa prob.: 0.9489199583573315|versicolor prob.: 0.9057467457014511|virginica prob.:0.9337530766924866
Sample #121|setosa prob.: 0.9489199110592301|versicolor prob.: 0.9057466821278939|virginica prob.:0.9337530226308014
Sample #122|setosa prob.: 0.9489199615439662|versicolor prob.: 0.9057467499846196|virginica prob.:0.9337530803348073
Sample #123|setosa prob.: 0.9489199343079576|versicolor prob.: 0.9057467133765948|virginica prob.:0.9337530492040744
Sample #124|setosa prob.: 0.9489199579124948|versicolor prob.: 0.9057467451035444|virginica prob.:0.9337530761840387
Sample #125|setosa prob.: 0.9489199602657025|versicolor prob.: 0.9057467482665001|virginica prob.:0.933753078873753
Sample #126|setosa prob.: 0.9489199313338256|versicolor prob.: 0.905746709379053|virginica prob.:0.9337530458046445
Sample #127|setosa prob.: 0.9489199369990633|versicolor prob.: 0.9057467169937203|virginica prob.:0.9337530522800058
Sample #128|setosa prob.: 0.9489199510895922|versicolor prob.: 0.9057467359328544|virginica prob.:0.9337530683854671
Sample #129|setosa prob.: 0.9489199591240378|versicolor prob.: 0.9057467467319841|virginica prob.:0.9337530775688314
Sample #130|setosa prob.: 0.9489199600215711|versicolor prob.: 0.905746747938362|virginica prob.:0.9337530785947109
Sample #131|setosa prob.: 0.948919962162926|versicolor prob.: 0.9057467508165656|virginica prob.:0.9337530810422777
Sample #132|setosa prob.: 0.9489199510895922|versicolor prob.: 0.9057467359328544|virginica prob.:0.9337530683854671
Sample #133|setosa prob.: 0.9489199416373674|versicolor prob.: 0.9057467232280825|virginica prob.:0.9337530575815829
Sample #134|setosa prob.: 0.9489199436309873|versicolor prob.: 0.9057467259077147|virginica prob.:0.9337530598602887
Sample #135|setosa prob.: 0.9489199610309833|versicolor prob.: 0.905746749295117|virginica prob.:0.9337530797484683
Sample #136|setosa prob.: 0.9489199556134643|versicolor prob.: 0.9057467420134088|virginica prob.:0.933753073556249
Sample #137|setosa prob.: 0.9489199531737162|versicolor prob.: 0.9057467387341335|virginica prob.:0.9337530707676193
Sample #138|setosa prob.: 0.9489199313338256|versicolor prob.: 0.905746709379053|virginica prob.:0.9337530458046445
Sample #139|setosa prob.: 0.9489199562770827|versicolor prob.: 0.9057467429053808|virginica prob.:0.9337530743147643
Sample #140|setosa prob.: 0.9489199562770827|versicolor prob.: 0.9057467429053808|virginica prob.:0.9337530743147643
Sample #141|setosa prob.: 0.9489199540695074|versicolor prob.: 0.9057467399381699|virginica prob.:0.9337530717915076
Sample #142|setosa prob.: 0.9489199244142883|versicolor prob.: 0.9057467000784768|virginica prob.:0.9337530378956199
Sample #143|setosa prob.: 0.9489199587598364|versicolor prob.: 0.9057467462424595|virginica prob.:0.9337530771525494
Sample #144|setosa prob.: 0.9489199579124948|versicolor prob.: 0.9057467451035444|virginica prob.:0.9337530761840387
Sample #145|setosa prob.: 0.9489199521837139|versicolor prob.: 0.9057467374034677|virginica prob.:0.9337530696360473
Sample #146|setosa prob.: 0.9489199313338256|versicolor prob.: 0.905746709379053|virginica prob.:0.9337530458046445
Sample #147|setosa prob.: 0.9489199498804006|versicolor prob.: 0.9057467343075752|virginica prob.:0.9337530670033624
Sample #148|setosa prob.: 0.9489199531737162|versicolor prob.: 0.9057467387341335|virginica prob.:0.9337530707676193
Sample #149|setosa prob.: 0.9489199369990633|versicolor prob.: 0.9057467169937203|virginica prob.:0.9337530522800058</StdOut>
      </Output>
    </UnitTestResult>
    <UnitTestResult executionId="79816425-3ac8-4bc1-854b-2e5843ea3e5c" testId="f506b79a-2f44-5be9-d26c-b2a5166b61ba" testName="Test" computerName="madoX" startTime="2020-04-25T21:37:27.6157063+02:00" endTime="2020-04-25T21:37:27.6158850+02:00" testType="13cdc9d9-ddb5-4fa4-a97d-d965ccfc6d4b" outcome="NotExecuted" testListId="8c84fa94-04c1-424b-9868-57a2d4851a1d" relativeResultsDirectory="79816425-3ac8-4bc1-854b-2e5843ea3e5c">
      <Output></Output>
    </UnitTestResult>
    <UnitTestResult executionId="7280df48-346c-4a78-9766-f4013a319830" testId="c7a81c0f-39d1-56f8-0c4a-6ff95aac162d" testName="TestEdgeTest" computerName="madoX" startTime="2020-04-25T21:37:27.6160282+02:00" endTime="2020-04-25T21:37:27.6160533+02:00" testType="13cdc9d9-ddb5-4fa4-a97d-d965ccfc6d4b" outcome="NotExecuted" testListId="8c84fa94-04c1-424b-9868-57a2d4851a1d" relativeResultsDirectory="7280df48-346c-4a78-9766-f4013a319830">
      <Output></Output>
    </UnitTestResult>
    <UnitTestResult executionId="d7e5c242-76c1-4a3b-b79c-d99152775b8d" testId="6141bb7b-a41a-f909-b336-d09d324b86c1" testName="TestAssignParameters" computerName="madoX" startTime="2020-04-25T21:37:27.6160601+02:00" endTime="2020-04-25T21:37:27.6160854+02:00" testType="13cdc9d9-ddb5-4fa4-a97d-d965ccfc6d4b" outcome="NotExecuted" testListId="8c84fa94-04c1-424b-9868-57a2d4851a1d" relativeResultsDirectory="d7e5c242-76c1-4a3b-b79c-d99152775b8d">
      <Output></Output>
    </UnitTestResult>
    <UnitTestResult executionId="2807646a-1c7a-49f1-b138-28bf1160dabe" testId="cbe2e6f9-6de2-9e73-a532-7b5783051631" testName="TestContrastTest" computerName="madoX" startTime="2020-04-25T21:37:27.6159962+02:00" endTime="2020-04-25T21:37:27.6160214+02:00" testType="13cdc9d9-ddb5-4fa4-a97d-d965ccfc6d4b" outcome="NotExecuted" testListId="8c84fa94-04c1-424b-9868-57a2d4851a1d" relativeResultsDirectory="2807646a-1c7a-49f1-b138-28bf1160dabe">
      <Output></Output>
    </UnitTestResult>
    <UnitTestResult executionId="42751b07-9977-4a7c-b539-4d43ce59d9cc" testId="a5f2be9a-ecf7-4511-2438-b89033095905" testName="ConstructorTest" computerName="madoX" duration="00:00:00.0045053" startTime="2020-04-25T21:37:23.5853899+02:00" endTime="2020-04-25T21:37:23.6105312+02:00" testType="13cdc9d9-ddb5-4fa4-a97d-d965ccfc6d4b" outcome="Passed" testListId="8c84fa94-04c1-424b-9868-57a2d4851a1d" relativeResultsDirectory="42751b07-9977-4a7c-b539-4d43ce59d9cc" />
    <UnitTestResult executionId="aa83d62c-9f34-4559-baad-280d9ee09114" testId="a17d96d6-14da-4cdf-438f-09cf1bf34161" testName="GaussianFilterCtorTest" computerName="madoX" startTime="2020-04-25T21:37:27.6140920+02:00" endTime="2020-04-25T21:37:27.6154629+02:00" testType="13cdc9d9-ddb5-4fa4-a97d-d965ccfc6d4b" outcome="NotExecuted" testListId="8c84fa94-04c1-424b-9868-57a2d4851a1d" relativeResultsDirectory="aa83d62c-9f34-4559-baad-280d9ee09114">
      <Output></Output>
    </UnitTestResult>
    <UnitTestResult executionId="d93d97cb-0e25-46fe-84cf-022e776cf699" testId="2143b7c7-6299-6b01-b162-6d724aa767f8" testName="TestFindKeypoints" computerName="madoX" startTime="2020-04-25T21:37:27.6159641+02:00" endTime="2020-04-25T21:37:27.6159894+02:00" testType="13cdc9d9-ddb5-4fa4-a97d-d965ccfc6d4b" outcome="NotExecuted" testListId="8c84fa94-04c1-424b-9868-57a2d4851a1d" relativeResultsDirectory="d93d97cb-0e25-46fe-84cf-022e776cf699">
      <Output></Output>
    </UnitTestResult>
    <UnitTestResult executionId="b22bbd40-1057-46d0-8b16-725a089c75a7" testId="3c619f47-cba9-8ea0-d4fa-a85ad4fd1539" testName="TestPyramidBuilding" computerName="madoX" startTime="2020-04-25T21:37:27.6158948+02:00" endTime="2020-04-25T21:37:27.6159229+02:00" testType="13cdc9d9-ddb5-4fa4-a97d-d965ccfc6d4b" outcome="NotExecuted" testListId="8c84fa94-04c1-424b-9868-57a2d4851a1d" relativeResultsDirectory="b22bbd40-1057-46d0-8b16-725a089c75a7">
      <Output></Output>
    </UnitTestResult>
    <UnitTestResult executionId="75d38acc-99f1-4d64-9887-3f5d1a2dd39f" testId="66aaeb20-50ad-9b68-0121-0ae2de24b645" testName="GaussianFilterTest" computerName="madoX" startTime="2020-04-25T21:37:27.6155555+02:00" endTime="2020-04-25T21:37:27.6156922+02:00" testType="13cdc9d9-ddb5-4fa4-a97d-d965ccfc6d4b" outcome="NotExecuted" testListId="8c84fa94-04c1-424b-9868-57a2d4851a1d" relativeResultsDirectory="75d38acc-99f1-4d64-9887-3f5d1a2dd39f">
      <Output></Output>
    </UnitTestResult>
    <UnitTestResult executionId="8a5f8b5e-7d4c-4c32-a91f-ae020e29a079" testId="8d37b67b-c1cf-3819-ac1d-76bbe0d1bff9" testName="TestTrain" computerName="madoX" duration="00:00:03.9899163" startTime="2020-04-25T21:37:23.6198472+02:00" endTime="2020-04-25T21:37:27.6098973+02:00" testType="13cdc9d9-ddb5-4fa4-a97d-d965ccfc6d4b" outcome="Passed" testListId="8c84fa94-04c1-424b-9868-57a2d4851a1d" relativeResultsDirectory="8a5f8b5e-7d4c-4c32-a91f-ae020e29a079">
      <Output>
        <StdOut>Sample #0|setosa prob.: 0.5003523148075332|versicolor prob.: 0.5003466906766465|virginica prob.:0.500353286551422
Sample #1|setosa prob.: 0.5003523369335084|versicolor prob.: 0.5003467124522198|virginica prob.:0.5003533087371157
Sample #2|setosa prob.: 0.5003523415561147|versicolor prob.: 0.5003467170016196|virginica prob.:0.5003533133721986
Sample #3|setosa prob.: 0.5003523415561147|versicolor prob.: 0.5003467170016196|virginica prob.:0.5003533133721986
Sample #4|setosa prob.: 0.5003523148075332|versicolor prob.: 0.5003466906766465|virginica prob.:0.500353286551422
Sample #5|setosa prob.: 0.5003522995562518|versicolor prob.: 0.5003466756668956|virginica prob.:0.500353271258977
Sample #6|setosa prob.: 0.5003523289662584|versicolor prob.: 0.5003467046111444|virginica prob.:0.5003533007483619
Sample #7|setosa prob.: 0.500352317102916|versicolor prob.: 0.5003466929356781|virginica prob.:0.5003532888530002
Sample #8|setosa prob.: 0.5003523730697648|versicolor prob.: 0.5003467480162003|virginica prob.:0.5003533449709036
Sample #9|setosa prob.: 0.5003523327508479|versicolor prob.: 0.5003467083357986|virginica prob.:0.5003533045431662
Sample #10|setosa prob.: 0.5003523049603799|versicolor prob.: 0.5003466809854399|virginica prob.:0.5003532766776909
Sample #11|setosa prob.: 0.500352319639722|versicolor prob.: 0.5003466954323096|virginica prob.:0.5003532913966532
Sample #12|setosa prob.: 0.5003523466649479|versicolor prob.: 0.500346722029546|virginica prob.:0.5003533184948203
Sample #13|setosa prob.: 0.5003524124644047|versicolor prob.: 0.5003467867869662|virginica prob.:0.5003533844718685
Sample #14|setosa prob.: 0.5003523010116168|versicolor prob.: 0.5003466770992122|virginica prob.:0.5003532727182699
Sample #15|setosa prob.: 0.500352296590435|versicolor prob.: 0.5003466727480477|virginica prob.:0.5003532682851553
Sample #16|setosa prob.: 0.5003523027892107|versicolor prob.: 0.500346678848655|virginica prob.:0.5003532745006618
Sample #17|setosa prob.: 0.5003523127305962|versicolor prob.: 0.5003466886326015|virginica prob.:0.5003532844688794
Sample #18|setosa prob.: 0.5003522989307135|versicolor prob.: 0.5003466750512637|virginica prob.:0.5003532706317503
Sample #19|setosa prob.: 0.5003523062200796|versicolor prob.: 0.5003466822251901|virginica prob.:0.5003532779407907
Sample #20|setosa prob.: 0.5003523062200796|versicolor prob.: 0.5003466822251901|virginica prob.:0.5003532779407907
Sample #21|setosa prob.: 0.5003523062200796|versicolor prob.: 0.5003466822251901|virginica prob.:0.5003532779407907
Sample #22|setosa prob.: 0.5003523415561147|versicolor prob.: 0.5003467170016196|virginica prob.:0.5003533133721986
Sample #23|setosa prob.: 0.5003523076122679|versicolor prob.: 0.5003466835953306|virginica prob.:0.5003532793367365
Sample #24|setosa prob.: 0.5003523127305962|versicolor prob.: 0.5003466886326015|virginica prob.:0.5003532844688794
Sample #25|setosa prob.: 0.5003523255418514|versicolor prob.: 0.5003467012409686|virginica prob.:0.5003532973147123
Sample #26|setosa prob.: 0.5003523108513155|versicolor prob.: 0.5003466867830823|virginica prob.:0.5003532825845264
Sample #27|setosa prob.: 0.5003523108513155|versicolor prob.: 0.5003466867830823|virginica prob.:0.5003532825845264
Sample #28|setosa prob.: 0.5003523148075332|versicolor prob.: 0.5003466906766465|virginica prob.:0.500353286551422
Sample #29|setosa prob.: 0.5003523289662584|versicolor prob.: 0.5003467046111444|virginica prob.:0.5003533007483619
Sample #30|setosa prob.: 0.5003523289662584|versicolor prob.: 0.5003467046111444|virginica prob.:0.5003533007483619
Sample #31|setosa prob.: 0.5003523062200796|versicolor prob.: 0.5003466822251901|virginica prob.:0.5003532779407907
Sample #32|setosa prob.: 0.5003523038205597|versicolor prob.: 0.5003466798636708|virginica prob.:0.5003532755347944
Sample #33|setosa prob.: 0.5003523002475798|versicolor prob.: 0.5003466763472751|virginica prob.:0.5003532719521708
Sample #34|setosa prob.: 0.5003523327508479|versicolor prob.: 0.5003467083357986|virginica prob.:0.5003533045431662
Sample #35|setosa prob.: 0.5003523327508479|versicolor prob.: 0.5003467083357986|virginica prob.:0.5003533045431662
Sample #36|setosa prob.: 0.5003523091508796|versicolor prob.: 0.5003466851095758|virginica prob.:0.5003532808795009
Sample #37|setosa prob.: 0.5003523327508479|versicolor prob.: 0.5003467083357986|virginica prob.:0.5003533045431662
Sample #38|setosa prob.: 0.5003523730697648|versicolor prob.: 0.5003467480162003|virginica prob.:0.5003533449709036
Sample #39|setosa prob.: 0.5003523148075332|versicolor prob.: 0.5003466906766465|virginica prob.:0.500353286551422
Sample #40|setosa prob.: 0.500352317102916|versicolor prob.: 0.5003466929356781|virginica prob.:0.5003532888530002
Sample #41|setosa prob.: 0.5003524250324817|versicolor prob.: 0.5003467991560093|virginica prob.:0.500353397073866
Sample #42|setosa prob.: 0.5003523585512801|versicolor prob.: 0.5003467337276389|virginica prob.:0.5003533304132339
Sample #43|setosa prob.: 0.5003523062200796|versicolor prob.: 0.5003466822251901|virginica prob.:0.5003532779407907
Sample #44|setosa prob.: 0.5003523010116168|versicolor prob.: 0.5003466770992122|virginica prob.:0.5003532727182699
Sample #45|setosa prob.: 0.5003523369335084|versicolor prob.: 0.5003467124522198|virginica prob.:0.5003533087371157
Sample #46|setosa prob.: 0.5003523062200796|versicolor prob.: 0.5003466822251901|virginica prob.:0.5003532779407907
Sample #47|setosa prob.: 0.5003523415561147|versicolor prob.: 0.5003467170016196|virginica prob.:0.5003533133721986
Sample #48|setosa prob.: 0.5003523062200796|versicolor prob.: 0.5003466822251901|virginica prob.:0.5003532779407907
Sample #49|setosa prob.: 0.5003523224433453|versicolor prob.: 0.5003466981915327|virginica prob.:0.5003532942078434
Sample #50|setosa prob.: 0.5003522930318851|versicolor prob.: 0.5003466692458536|virginica prob.:0.5003532647170007
Sample #51|setosa prob.: 0.5003522930815066|versicolor prob.: 0.5003466692946892|virginica prob.:0.5003532647667561
Sample #52|setosa prob.: 0.5003522930272271|versicolor prob.: 0.5003466692412694|virginica prob.:0.50035326471233
Sample #53|setosa prob.: 0.5003522941837649|versicolor prob.: 0.5003466703794914|virginica prob.:0.5003532658719895
Sample #54|setosa prob.: 0.5003522931033303|versicolor prob.: 0.5003466693161672|virginica prob.:0.5003532647886386
Sample #55|setosa prob.: 0.5003522933446188|versicolor prob.: 0.5003466695536347|virginica prob.:0.5003532650305785
Sample #56|setosa prob.: 0.5003522930559591|versicolor prob.: 0.5003466692695464|virginica prob.:0.5003532647411396
Sample #57|setosa prob.: 0.5003522983647039|versicolor prob.: 0.5003466744942179|virginica prob.:0.500353270064213
Sample #58|setosa prob.: 0.5003522931033303|versicolor prob.: 0.5003466693161672|virginica prob.:0.5003532647886386
Sample #59|setosa prob.: 0.5003522940694909|versicolor prob.: 0.5003466702670271|virginica prob.:0.500353265757407
Sample #60|setosa prob.: 0.5003522989307135|versicolor prob.: 0.5003466750512637|virginica prob.:0.5003532706317503
Sample #61|setosa prob.: 0.5003522932508775|versicolor prob.: 0.5003466694613778|virginica prob.:0.500353264936584
Sample #62|setosa prob.: 0.5003522940694909|versicolor prob.: 0.5003466702670271|virginica prob.:0.500353265757407
Sample #63|setosa prob.: 0.500352293145451|versicolor prob.: 0.500346669357621|virginica prob.:0.5003532648308731
Sample #64|setosa prob.: 0.5003522938725319|versicolor prob.: 0.5003466700731872|virginica prob.:0.5003532655599163
Sample #65|setosa prob.: 0.5003522930815066|versicolor prob.: 0.5003466692946892|virginica prob.:0.5003532647667561
Sample #66|setosa prob.: 0.5003522932508775|versicolor prob.: 0.5003466694613778|virginica prob.:0.500353264936584
Sample #67|setosa prob.: 0.5003522937112754|versicolor prob.: 0.5003466699144846|virginica prob.:0.5003532653982248
Sample #68|setosa prob.: 0.5003522933102003|versicolor prob.: 0.5003466695197611|virginica prob.:0.500353264996067
Sample #69|setosa prob.: 0.5003522941837649|versicolor prob.: 0.5003466703794914|virginica prob.:0.5003532658719895
Sample #70|setosa prob.: 0.5003522930721265|versicolor prob.: 0.5003466692854577|virginica prob.:0.5003532647573506
Sample #71|setosa prob.: 0.5003522933826574|versicolor prob.: 0.5003466695910708|virginica prob.:0.5003532650687197
Sample #72|setosa prob.: 0.5003522931299857|versicolor prob.: 0.5003466693424006|virginica prob.:0.500353264815366
Sample #73|setosa prob.: 0.500352293202308|versicolor prob.: 0.5003466694135776|virginica prob.:0.5003532648878836
Sample #74|setosa prob.: 0.500352293181432|versicolor prob.: 0.5003466693930322|virginica prob.:0.5003532648669513
Sample #75|setosa prob.: 0.5003522931033303|versicolor prob.: 0.5003466693161672|virginica prob.:0.5003532647886386
Sample #76|setosa prob.: 0.5003522930636389|versicolor prob.: 0.5003466692771046|virginica prob.:0.5003532647488402
Sample #77|setosa prob.: 0.5003522930272271|versicolor prob.: 0.5003466692412694|virginica prob.:0.50035326471233
Sample #78|setosa prob.: 0.500352293181432|versicolor prob.: 0.5003466693930322|virginica prob.:0.5003532648669513
Sample #79|setosa prob.: 0.5003522946038862|versicolor prob.: 0.5003466707929592|virginica prob.:0.5003532662932446
Sample #80|setosa prob.: 0.5003522946038862|versicolor prob.: 0.5003466707929592|virginica prob.:0.5003532662932446
Sample #81|setosa prob.: 0.5003522949627698|versicolor prob.: 0.5003466711461593|virginica prob.:0.5003532666530968
Sample #82|setosa prob.: 0.5003522937112754|versicolor prob.: 0.5003466699144846|virginica prob.:0.5003532653982248
Sample #83|setosa prob.: 0.5003522931033303|versicolor prob.: 0.5003466693161672|virginica prob.:0.5003532647886386
Sample #84|setosa prob.: 0.5003522933102003|versicolor prob.: 0.5003466695197611|virginica prob.:0.500353264996067
Sample #85|setosa prob.: 0.5003522930918733|versicolor prob.: 0.5003466693048918|virginica prob.:0.5003532647771508
Sample #86|setosa prob.: 0.5003522930490101|versicolor prob.: 0.5003466692627073|virginica prob.:0.500353264734172
Sample #87|setosa prob.: 0.5003522933446188|versicolor prob.: 0.5003466695536347|virginica prob.:0.5003532650305785
Sample #88|setosa prob.: 0.5003522934711566|versicolor prob.: 0.5003466696781685|virginica prob.:0.5003532651574578
Sample #89|setosa prob.: 0.5003522939660915|versicolor prob.: 0.5003466701652652|virginica prob.:0.5003532656537285
Sample #90|setosa prob.: 0.5003522936419649|versicolor prob.: 0.5003466698462716|virginica prob.:0.500353265328727
Sample #91|setosa prob.: 0.500352293145451|versicolor prob.: 0.500346669357621|virginica prob.:0.5003532648308731
Sample #92|setosa prob.: 0.5003522937112754|versicolor prob.: 0.5003466699144846|virginica prob.:0.5003532653982248
Sample #93|setosa prob.: 0.5003522983647039|versicolor prob.: 0.5003466744942179|virginica prob.:0.500353270064213
Sample #94|setosa prob.: 0.5003522935792499|versicolor prob.: 0.5003466697845499|virginica prob.:0.5003532652658429
Sample #95|setosa prob.: 0.5003522934246963|versicolor prob.: 0.500346669632444|virginica prob.:0.5003532651108722
Sample #96|setosa prob.: 0.5003522934246963|versicolor prob.: 0.500346669632444|virginica prob.:0.5003532651108722
Sample #97|setosa prob.: 0.5003522932253796|versicolor prob.: 0.5003466694362837|virginica prob.:0.5003532649110173
Sample #98|setosa prob.: 0.5003522978525579|versicolor prob.: 0.5003466739901825|virginica prob.:0.5003532695506846
Sample #99|setosa prob.: 0.5003522935225032|versicolor prob.: 0.5003466697287019|virginica prob.:0.500353265208943
Sample #100|setosa prob.: 0.5003522929910279|versicolor prob.: 0.5003466692056434|virginica prob.:0.5003532646760331
Sample #101|setosa prob.: 0.5003522930918733|versicolor prob.: 0.5003466693048918|virginica prob.:0.5003532647771508
Sample #102|setosa prob.: 0.5003522929910279|versicolor prob.: 0.5003466692056434|virginica prob.:0.5003532646760331
Sample #103|setosa prob.: 0.5003522930191986|versicolor prob.: 0.500346669233368|virginica prob.:0.50035326470428
Sample #104|setosa prob.: 0.5003522929976798|versicolor prob.: 0.50034666921219|virginica prob.:0.5003532646827029
Sample #105|setosa prob.: 0.5003522929853738|versicolor prob.: 0.5003466692000789|virginica prob.:0.5003532646703638
Sample #106|setosa prob.: 0.5003522937112754|versicolor prob.: 0.5003466699144846|virginica prob.:0.5003532653982248
Sample #107|setosa prob.: 0.5003522929895613|versicolor prob.: 0.5003466692041999|virginica prob.:0.5003532646745625
Sample #108|setosa prob.: 0.5003522930126255|versicolor prob.: 0.500346669226899|virginica prob.:0.500353264697689
Sample #109|setosa prob.: 0.5003522929851419|versicolor prob.: 0.5003466691998506|virginica prob.:0.5003532646701312
Sample #110|setosa prob.: 0.5003522930126255|versicolor prob.: 0.500346669226899|virginica prob.:0.500353264697689
Sample #111|setosa prob.: 0.5003522930318851|versicolor prob.: 0.5003466692458536|virginica prob.:0.5003532647170007
Sample #112|setosa prob.: 0.5003522929992302|versicolor prob.: 0.500346669213716|virginica prob.:0.5003532646842577
Sample #113|setosa prob.: 0.5003522931299857|versicolor prob.: 0.5003466693424006|virginica prob.:0.500353264815366
Sample #114|setosa prob.: 0.5003522930427224|versicolor prob.: 0.5003466692565193|virginica prob.:0.5003532647278672
Sample #115|setosa prob.: 0.5003522930028377|versicolor prob.: 0.5003466692172661|virginica prob.:0.5003532646878749
Sample #116|setosa prob.: 0.5003522930126255|versicolor prob.: 0.500346669226899|virginica prob.:0.500353264697689
Sample #117|setosa prob.: 0.500352292983748|versicolor prob.: 0.5003466691984788|virginica prob.:0.5003532646687336
Sample #118|setosa prob.: 0.500352292984932|versicolor prob.: 0.5003466691996441|virginica prob.:0.5003532646699209
Sample #119|setosa prob.: 0.5003522932253796|versicolor prob.: 0.5003466694362837|virginica prob.:0.5003532649110173
Sample #120|setosa prob.: 0.5003522929910279|versicolor prob.: 0.5003466692056434|virginica prob.:0.5003532646760331
Sample #121|setosa prob.: 0.5003522931159922|versicolor prob.: 0.5003466693286287|virginica prob.:0.5003532648013348
Sample #122|setosa prob.: 0.5003522929856301|versicolor prob.: 0.5003466692003311|virginica prob.:0.5003532646706208
Sample #123|setosa prob.: 0.5003522930721265|versicolor prob.: 0.5003466692854577|virginica prob.:0.5003532647573506
Sample #124|setosa prob.: 0.5003522929938586|versicolor prob.: 0.5003466692084293|virginica prob.:0.5003532646788716
Sample #125|setosa prob.: 0.5003522929902579|versicolor prob.: 0.5003466692048857|virginica prob.:0.5003532646752612
Sample #126|setosa prob.: 0.5003522930815066|versicolor prob.: 0.5003466692946892|virginica prob.:0.5003532647667561
Sample #127|setosa prob.: 0.5003522930636389|versicolor prob.: 0.5003466692771046|virginica prob.:0.5003532647488402
Sample #128|setosa prob.: 0.5003522930098002|versicolor prob.: 0.5003466692241184|virginica prob.:0.5003532646948562
Sample #129|setosa prob.: 0.5003522929962768|versicolor prob.: 0.5003466692108092|virginica prob.:0.5003532646812962
Sample #130|setosa prob.: 0.5003522929902579|versicolor prob.: 0.5003466692048857|virginica prob.:0.5003532646752612
Sample #131|setosa prob.: 0.5003522929840317|versicolor prob.: 0.500346669198758|virginica prob.:0.5003532646690182
Sample #132|setosa prob.: 0.5003522930072438|versicolor prob.: 0.5003466692216025|virginica prob.:0.5003532646922928
Sample #133|setosa prob.: 0.5003522930721265|versicolor prob.: 0.5003466692854577|virginica prob.:0.5003532647573506
Sample #134|setosa prob.: 0.5003522930721265|versicolor prob.: 0.5003466692854577|virginica prob.:0.5003532647573506
Sample #135|setosa prob.: 0.5003522929859133|versicolor prob.: 0.5003466692006099|virginica prob.:0.5003532646709048
Sample #136|setosa prob.: 0.5003522929950073|versicolor prob.: 0.5003466692095598|virginica prob.:0.5003532646800233
Sample #137|setosa prob.: 0.5003522930126255|versicolor prob.: 0.500346669226899|virginica prob.:0.500353264697689
Sample #138|setosa prob.: 0.5003522930815066|versicolor prob.: 0.5003466692946892|virginica prob.:0.5003532647667561
Sample #139|setosa prob.: 0.5003522929976798|versicolor prob.: 0.50034666921219|virginica prob.:0.5003532646827029
Sample #140|setosa prob.: 0.5003522929938586|versicolor prob.: 0.5003466692084293|virginica prob.:0.5003532646788716
Sample #141|setosa prob.: 0.5003522929992302|versicolor prob.: 0.500346669213716|virginica prob.:0.5003532646842577
Sample #142|setosa prob.: 0.5003522930918733|versicolor prob.: 0.5003466693048918|virginica prob.:0.5003532647771508
Sample #143|setosa prob.: 0.5003522929902579|versicolor prob.: 0.5003466692048857|virginica prob.:0.5003532646752612
Sample #144|setosa prob.: 0.5003522929902579|versicolor prob.: 0.5003466692048857|virginica prob.:0.5003532646752612
Sample #145|setosa prob.: 0.5003522930028377|versicolor prob.: 0.5003466692172661|virginica prob.:0.5003532646878749
Sample #146|setosa prob.: 0.5003522930721265|versicolor prob.: 0.5003466692854577|virginica prob.:0.5003532647573506
Sample #147|setosa prob.: 0.5003522930157479|versicolor prob.: 0.5003466692299718|virginica prob.:0.5003532647008199
Sample #148|setosa prob.: 0.5003522930009439|versicolor prob.: 0.5003466692154024|virginica prob.:0.500353264685976
Sample #149|setosa prob.: 0.5003522930636389|versicolor prob.: 0.5003466692771046|virginica prob.:0.5003532647488402</StdOut>
      </Output>
    </UnitTestResult>
    <UnitTestResult executionId="a2fff339-ff2b-478d-b943-9909e21bba61" testId="d258b85f-14b6-24a6-eaf0-9cb58f11778d" testName="TestCalculate" computerName="madoX" duration="00:00:00.0020422" startTime="2020-04-25T21:37:23.6154391+02:00" endTime="2020-04-25T21:37:23.6175773+02:00" testType="13cdc9d9-ddb5-4fa4-a97d-d965ccfc6d4b" outcome="Passed" testListId="8c84fa94-04c1-424b-9868-57a2d4851a1d" relativeResultsDirectory="a2fff339-ff2b-478d-b943-9909e21bba61" />
    <UnitTestResult executionId="13f4384a-8fb7-4db9-8f7f-9ec1dc4a6b1e" testId="ae8b806e-91cd-158d-cf84-39ff4ea33259" testName="TestDoGCreation" computerName="madoX" startTime="2020-04-25T21:37:27.6159307+02:00" endTime="2020-04-25T21:37:27.6159568+02:00" testType="13cdc9d9-ddb5-4fa4-a97d-d965ccfc6d4b" outcome="NotExecuted" testListId="8c84fa94-04c1-424b-9868-57a2d4851a1d" relativeResultsDirectory="13f4384a-8fb7-4db9-8f7f-9ec1dc4a6b1e">
      <Output></Output>
    </UnitTestResult>
  </Results>
  <TestDefinitions>
    <UnitTest name="Test" storage="/home/mado/documents/assignments/ssi/ml.lib.tests/bin/debug/netcoreapp3.1/ml.lib.tests.dll" id="f506b79a-2f44-5be9-d26c-b2a5166b61ba">
      <Execution id="79816425-3ac8-4bc1-854b-2e5843ea3e5c" />
      <TestMethod codeBase="/home/mado/Documents/assignments/ssi/ML.Lib.Tests/bin/Debug/netcoreapp3.1/ML.Lib.Tests.dll" adapterTypeName="executor://mstestadapter/v2" className="ML.Lib.Tests.SIFTTests" name="Test" />
    </UnitTest>
    <UnitTest name="TestPyramidBuilding" storage="/home/mado/documents/assignments/ssi/ml.lib.tests/bin/debug/netcoreapp3.1/ml.lib.tests.dll" id="3c619f47-cba9-8ea0-d4fa-a85ad4fd1539">
      <Execution id="b22bbd40-1057-46d0-8b16-725a089c75a7" />
      <TestMethod codeBase="/home/mado/Documents/assignments/ssi/ML.Lib.Tests/bin/Debug/netcoreapp3.1/ML.Lib.Tests.dll" adapterTypeName="executor://mstestadapter/v2" className="ML.Lib.Tests.SIFTTests" name="TestPyramidBuilding" />
    </UnitTest>
    <UnitTest name="TestMassCalculate" storage="/home/mado/documents/assignments/ssi/ml.lib.tests/bin/debug/netcoreapp3.1/ml.lib.tests.dll" id="77b6b6a1-28ac-45e8-9314-cbdf61ad6c72">
      <Execution id="d0a87ccd-6f10-4deb-8428-1e388b8bc007" />
      <TestMethod codeBase="/home/mado/Documents/assignments/ssi/ML.Lib.Tests/bin/Debug/netcoreapp3.1/ML.Lib.Tests.dll" adapterTypeName="executor://mstestadapter/v2" className="ML.Lib.Neuron.NeuralTests" name="TestMassCalculate" />
    </UnitTest>
    <UnitTest name="TestAssignParameters" storage="/home/mado/documents/assignments/ssi/ml.lib.tests/bin/debug/netcoreapp3.1/ml.lib.tests.dll" id="6141bb7b-a41a-f909-b336-d09d324b86c1">
      <Execution id="d7e5c242-76c1-4a3b-b79c-d99152775b8d" />
      <TestMethod codeBase="/home/mado/Documents/assignments/ssi/ML.Lib.Tests/bin/Debug/netcoreapp3.1/ML.Lib.Tests.dll" adapterTypeName="executor://mstestadapter/v2" className="ML.Lib.Tests.SIFTTests" name="TestAssignParameters" />
    </UnitTest>
    <UnitTest name="TestContrastTest" storage="/home/mado/documents/assignments/ssi/ml.lib.tests/bin/debug/netcoreapp3.1/ml.lib.tests.dll" id="cbe2e6f9-6de2-9e73-a532-7b5783051631">
      <Execution id="2807646a-1c7a-49f1-b138-28bf1160dabe" />
      <TestMethod codeBase="/home/mado/Documents/assignments/ssi/ML.Lib.Tests/bin/Debug/netcoreapp3.1/ML.Lib.Tests.dll" adapterTypeName="executor://mstestadapter/v2" className="ML.Lib.Tests.SIFTTests" name="TestContrastTest" />
    </UnitTest>
    <UnitTest name="TestTrain" storage="/home/mado/documents/assignments/ssi/ml.lib.tests/bin/debug/netcoreapp3.1/ml.lib.tests.dll" id="8d37b67b-c1cf-3819-ac1d-76bbe0d1bff9">
      <Execution id="8a5f8b5e-7d4c-4c32-a91f-ae020e29a079" />
      <TestMethod codeBase="/home/mado/Documents/assignments/ssi/ML.Lib.Tests/bin/Debug/netcoreapp3.1/ML.Lib.Tests.dll" adapterTypeName="executor://mstestadapter/v2" className="ML.Lib.Neuron.NeuralTests" name="TestTrain" />
    </UnitTest>
    <UnitTest name="SugenoTest" storage="/home/mado/documents/assignments/ssi/ml.lib.tests/bin/debug/netcoreapp3.1/ml.lib.tests.dll" id="b44e3f1d-d699-2be2-1c29-48f364c32676">
      <Execution id="6a250a29-38af-4184-8b6e-386893155093" />
      <TestMethod codeBase="/home/mado/Documents/assignments/ssi/ML.Lib.Tests/bin/Debug/netcoreapp3.1/ML.Lib.Tests.dll" adapterTypeName="executor://mstestadapter/v2" className="ML.Lib.Tests.SugenoTests" name="SugenoTest" />
    </UnitTest>
    <UnitTest name="TestEdgeTest" storage="/home/mado/documents/assignments/ssi/ml.lib.tests/bin/debug/netcoreapp3.1/ml.lib.tests.dll" id="c7a81c0f-39d1-56f8-0c4a-6ff95aac162d">
      <Execution id="7280df48-346c-4a78-9766-f4013a319830" />
      <TestMethod codeBase="/home/mado/Documents/assignments/ssi/ML.Lib.Tests/bin/Debug/netcoreapp3.1/ML.Lib.Tests.dll" adapterTypeName="executor://mstestadapter/v2" className="ML.Lib.Tests.SIFTTests" name="TestEdgeTest" />
    </UnitTest>
    <UnitTest name="GaussianFilterCtorTest" storage="/home/mado/documents/assignments/ssi/ml.lib.tests/bin/debug/netcoreapp3.1/ml.lib.tests.dll" id="a17d96d6-14da-4cdf-438f-09cf1bf34161">
      <Execution id="aa83d62c-9f34-4559-baad-280d9ee09114" />
      <TestMethod codeBase="/home/mado/Documents/assignments/ssi/ML.Lib.Tests/bin/Debug/netcoreapp3.1/ML.Lib.Tests.dll" adapterTypeName="executor://mstestadapter/v2" className="ML.Lib.Tests.FilterTests" name="GaussianFilterCtorTest" />
    </UnitTest>
    <UnitTest name="TestFindKeypoints" storage="/home/mado/documents/assignments/ssi/ml.lib.tests/bin/debug/netcoreapp3.1/ml.lib.tests.dll" id="2143b7c7-6299-6b01-b162-6d724aa767f8">
      <Execution id="d93d97cb-0e25-46fe-84cf-022e776cf699" />
      <TestMethod codeBase="/home/mado/Documents/assignments/ssi/ML.Lib.Tests/bin/Debug/netcoreapp3.1/ML.Lib.Tests.dll" adapterTypeName="executor://mstestadapter/v2" className="ML.Lib.Tests.SIFTTests" name="TestFindKeypoints" />
    </UnitTest>
    <UnitTest name="TestCalculate" storage="/home/mado/documents/assignments/ssi/ml.lib.tests/bin/debug/netcoreapp3.1/ml.lib.tests.dll" id="d258b85f-14b6-24a6-eaf0-9cb58f11778d">
      <Execution id="a2fff339-ff2b-478d-b943-9909e21bba61" />
      <TestMethod codeBase="/home/mado/Documents/assignments/ssi/ML.Lib.Tests/bin/Debug/netcoreapp3.1/ML.Lib.Tests.dll" adapterTypeName="executor://mstestadapter/v2" className="ML.Lib.Neuron.NeuralTests" name="TestCalculate" />
    </UnitTest>
    <UnitTest name="GaussianFilterTest" storage="/home/mado/documents/assignments/ssi/ml.lib.tests/bin/debug/netcoreapp3.1/ml.lib.tests.dll" id="66aaeb20-50ad-9b68-0121-0ae2de24b645">
      <Execution id="75d38acc-99f1-4d64-9887-3f5d1a2dd39f" />
      <TestMethod codeBase="/home/mado/Documents/assignments/ssi/ML.Lib.Tests/bin/Debug/netcoreapp3.1/ML.Lib.Tests.dll" adapterTypeName="executor://mstestadapter/v2" className="ML.Lib.Tests.FilterTests" name="GaussianFilterTest" />
    </UnitTest>
    <UnitTest name="FinalizeResult" storage="/home/mado/documents/assignments/ssi/ml.lib.tests/bin/debug/netcoreapp3.1/ml.lib.tests.dll" id="0d712b84-ad40-a7e7-163a-6d1905e2c215">
      <Execution id="8ead42ff-a3c5-4fb4-b209-ef06dfa49ec3" />
      <TestMethod codeBase="/home/mado/Documents/assignments/ssi/ML.Lib.Tests/bin/Debug/netcoreapp3.1/ML.Lib.Tests.dll" adapterTypeName="executor://mstestadapter/v2" className="ML.Lib.Tests.SIFTTests" name="FinalizeResult" />
    </UnitTest>
    <UnitTest name="TestDoGCreation" storage="/home/mado/documents/assignments/ssi/ml.lib.tests/bin/debug/netcoreapp3.1/ml.lib.tests.dll" id="ae8b806e-91cd-158d-cf84-39ff4ea33259">
      <Execution id="13f4384a-8fb7-4db9-8f7f-9ec1dc4a6b1e" />
      <TestMethod codeBase="/home/mado/Documents/assignments/ssi/ML.Lib.Tests/bin/Debug/netcoreapp3.1/ML.Lib.Tests.dll" adapterTypeName="executor://mstestadapter/v2" className="ML.Lib.Tests.SIFTTests" name="TestDoGCreation" />
    </UnitTest>
    <UnitTest name="ConstructorTest" storage="/home/mado/documents/assignments/ssi/ml.lib.tests/bin/debug/netcoreapp3.1/ml.lib.tests.dll" id="a5f2be9a-ecf7-4511-2438-b89033095905">
      <Execution id="42751b07-9977-4a7c-b539-4d43ce59d9cc" />
      <TestMethod codeBase="/home/mado/Documents/assignments/ssi/ML.Lib.Tests/bin/Debug/netcoreapp3.1/ML.Lib.Tests.dll" adapterTypeName="executor://mstestadapter/v2" className="ML.Lib.Neuron.NeuralTests" name="ConstructorTest" />
    </UnitTest>
  </TestDefinitions>
  <TestEntries>
    <TestEntry testId="b44e3f1d-d699-2be2-1c29-48f364c32676" executionId="6a250a29-38af-4184-8b6e-386893155093" testListId="8c84fa94-04c1-424b-9868-57a2d4851a1d" />
    <TestEntry testId="0d712b84-ad40-a7e7-163a-6d1905e2c215" executionId="8ead42ff-a3c5-4fb4-b209-ef06dfa49ec3" testListId="8c84fa94-04c1-424b-9868-57a2d4851a1d" />
    <TestEntry testId="77b6b6a1-28ac-45e8-9314-cbdf61ad6c72" executionId="d0a87ccd-6f10-4deb-8428-1e388b8bc007" testListId="8c84fa94-04c1-424b-9868-57a2d4851a1d" />
    <TestEntry testId="f506b79a-2f44-5be9-d26c-b2a5166b61ba" executionId="79816425-3ac8-4bc1-854b-2e5843ea3e5c" testListId="8c84fa94-04c1-424b-9868-57a2d4851a1d" />
    <TestEntry testId="c7a81c0f-39d1-56f8-0c4a-6ff95aac162d" executionId="7280df48-346c-4a78-9766-f4013a319830" testListId="8c84fa94-04c1-424b-9868-57a2d4851a1d" />
    <TestEntry testId="6141bb7b-a41a-f909-b336-d09d324b86c1" executionId="d7e5c242-76c1-4a3b-b79c-d99152775b8d" testListId="8c84fa94-04c1-424b-9868-57a2d4851a1d" />
    <TestEntry testId="cbe2e6f9-6de2-9e73-a532-7b5783051631" executionId="2807646a-1c7a-49f1-b138-28bf1160dabe" testListId="8c84fa94-04c1-424b-9868-57a2d4851a1d" />
    <TestEntry testId="a5f2be9a-ecf7-4511-2438-b89033095905" executionId="42751b07-9977-4a7c-b539-4d43ce59d9cc" testListId="8c84fa94-04c1-424b-9868-57a2d4851a1d" />
    <TestEntry testId="a17d96d6-14da-4cdf-438f-09cf1bf34161" executionId="aa83d62c-9f34-4559-baad-280d9ee09114" testListId="8c84fa94-04c1-424b-9868-57a2d4851a1d" />
    <TestEntry testId="2143b7c7-6299-6b01-b162-6d724aa767f8" executionId="d93d97cb-0e25-46fe-84cf-022e776cf699" testListId="8c84fa94-04c1-424b-9868-57a2d4851a1d" />
    <TestEntry testId="3c619f47-cba9-8ea0-d4fa-a85ad4fd1539" executionId="b22bbd40-1057-46d0-8b16-725a089c75a7" testListId="8c84fa94-04c1-424b-9868-57a2d4851a1d" />
    <TestEntry testId="66aaeb20-50ad-9b68-0121-0ae2de24b645" executionId="75d38acc-99f1-4d64-9887-3f5d1a2dd39f" testListId="8c84fa94-04c1-424b-9868-57a2d4851a1d" />
    <TestEntry testId="8d37b67b-c1cf-3819-ac1d-76bbe0d1bff9" executionId="8a5f8b5e-7d4c-4c32-a91f-ae020e29a079" testListId="8c84fa94-04c1-424b-9868-57a2d4851a1d" />
    <TestEntry testId="d258b85f-14b6-24a6-eaf0-9cb58f11778d" executionId="a2fff339-ff2b-478d-b943-9909e21bba61" testListId="8c84fa94-04c1-424b-9868-57a2d4851a1d" />
    <TestEntry testId="ae8b806e-91cd-158d-cf84-39ff4ea33259" executionId="13f4384a-8fb7-4db9-8f7f-9ec1dc4a6b1e" testListId="8c84fa94-04c1-424b-9868-57a2d4851a1d" />
  </TestEntries>
  <TestLists>
    <TestList name="Results Not in a List" id="8c84fa94-04c1-424b-9868-57a2d4851a1d" />
    <TestList name="All Loaded Results" id="19431567-8539-422a-85d7-44ee4e166bda" />
  </TestLists>
  <ResultSummary outcome="Completed">
    <Counters total="15" executed="5" passed="5" failed="0" error="0" timeout="0" aborted="0" inconclusive="0" passedButRunAborted="0" notRunnable="0" notExecuted="0" disconnected="0" warning="0" completed="0" inProgress="0" pending="0" />
    <Output>
      <StdOut>Test 'GaussianFilterCtorTest' was skipped in the test run.
Test 'GaussianFilterTest' was skipped in the test run.
Test 'Test' was skipped in the test run.
Test 'TestPyramidBuilding' was skipped in the test run.
Test 'TestDoGCreation' was skipped in the test run.
Test 'TestFindKeypoints' was skipped in the test run.
Test 'TestContrastTest' was skipped in the test run.
Test 'TestEdgeTest' was skipped in the test run.
Test 'TestAssignParameters' was skipped in the test run.
Test 'FinalizeResult' was skipped in the test run.
</StdOut>
    </Output>
  </ResultSummary>
</TestRun>