<?xml version="1.0" encoding="utf-8"?>
<TestRun id="b93f26c7-ed0d-4bef-b1eb-a0e5a0fcbf60" name="@madoX 2020-04-09 18:51:27" xmlns="http://microsoft.com/schemas/VisualStudio/TeamTest/2010">
  <Times creation="2020-04-09T18:51:27.7718093+02:00" queuing="2020-04-09T18:51:27.7718094+02:00" start="2020-04-09T18:51:27.2600113+02:00" finish="2020-04-09T18:51:27.8079551+02:00" />
  <TestSettings name="default" id="e9dcab0b-6590-4ab7-8d23-2242513f14af">
    <Deployment runDeploymentRoot="_madoX_2020-04-09_18_51_27" />
  </TestSettings>
  <Results>
    <UnitTestResult executionId="1b142d15-451a-4455-ba6e-6f6db617e8be" testId="3c619f47-cba9-8ea0-d4fa-a85ad4fd1539" testName="TestPyramidBuilding" computerName="madoX" startTime="2020-04-09T18:51:27.6956349+02:00" endTime="2020-04-09T18:51:27.6956804+02:00" testType="13cdc9d9-ddb5-4fa4-a97d-d965ccfc6d4b" outcome="NotExecuted" testListId="8c84fa94-04c1-424b-9868-57a2d4851a1d" relativeResultsDirectory="1b142d15-451a-4455-ba6e-6f6db617e8be">
      <Output></Output>
    </UnitTestResult>
    <UnitTestResult executionId="f21c47c0-b1d2-45bd-a479-d4013402c37c" testId="ae8b806e-91cd-158d-cf84-39ff4ea33259" testName="TestDoGCreation" computerName="madoX" startTime="2020-04-09T18:51:27.6956896+02:00" endTime="2020-04-09T18:51:27.6957250+02:00" testType="13cdc9d9-ddb5-4fa4-a97d-d965ccfc6d4b" outcome="NotExecuted" testListId="8c84fa94-04c1-424b-9868-57a2d4851a1d" relativeResultsDirectory="f21c47c0-b1d2-45bd-a479-d4013402c37c">
      <Output></Output>
    </UnitTestResult>
    <UnitTestResult executionId="9ec32651-a106-4842-af3f-8de77738178b" testId="0d712b84-ad40-a7e7-163a-6d1905e2c215" testName="FinalizeResult" computerName="madoX" startTime="2020-04-09T18:51:27.7314933+02:00" endTime="2020-04-09T18:51:27.7315528+02:00" testType="13cdc9d9-ddb5-4fa4-a97d-d965ccfc6d4b" outcome="NotExecuted" testListId="8c84fa94-04c1-424b-9868-57a2d4851a1d" relativeResultsDirectory="9ec32651-a106-4842-af3f-8de77738178b">
      <Output></Output>
    </UnitTestResult>
    <UnitTestResult executionId="cada47f0-350f-42af-af44-e557f763b5a4" testId="b44e3f1d-d699-2be2-1c29-48f364c32676" testName="SugenoTest" computerName="madoX" duration="00:00:00.0064232" startTime="2020-04-09T18:51:27.7315655+02:00" endTime="2020-04-09T18:51:27.7381320+02:00" testType="13cdc9d9-ddb5-4fa4-a97d-d965ccfc6d4b" outcome="Passed" testListId="8c84fa94-04c1-424b-9868-57a2d4851a1d" relativeResultsDirectory="cada47f0-350f-42af-af44-e557f763b5a4">
      <Output>
        <StdOut>Living standards for Warszawaare NaN
Living standards for Krakóware NaN
Living standards for Gdańskare 0.3
Living standards for Wrocławare NaN
Living standards for Katowiceare NaN
Living standards for Poznańare NaN
Living standards for Gliwiceare NaN</StdOut>
      </Output>
    </UnitTestResult>
    <UnitTestResult executionId="c98bd93a-2381-4be1-9dbd-3b345503b259" testId="66aaeb20-50ad-9b68-0121-0ae2de24b645" testName="GaussianFilterTest" computerName="madoX" duration="00:00:00.0237061" startTime="2020-04-09T18:51:27.6713020+02:00" endTime="2020-04-09T18:51:27.6951431+02:00" testType="13cdc9d9-ddb5-4fa4-a97d-d965ccfc6d4b" outcome="Passed" testListId="8c84fa94-04c1-424b-9868-57a2d4851a1d" relativeResultsDirectory="c98bd93a-2381-4be1-9dbd-3b345503b259" />
    <UnitTestResult executionId="ee1fe3a6-9bec-49bf-9142-b1361d8ea86f" testId="cbe2e6f9-6de2-9e73-a532-7b5783051631" testName="TestContrastTest" computerName="madoX" startTime="2020-04-09T18:51:27.6957805+02:00" endTime="2020-04-09T18:51:27.6958137+02:00" testType="13cdc9d9-ddb5-4fa4-a97d-d965ccfc6d4b" outcome="NotExecuted" testListId="8c84fa94-04c1-424b-9868-57a2d4851a1d" relativeResultsDirectory="ee1fe3a6-9bec-49bf-9142-b1361d8ea86f">
      <Output></Output>
    </UnitTestResult>
    <UnitTestResult executionId="1906a0df-3ba1-4833-8096-2c1ec4b9d7a4" testId="f506b79a-2f44-5be9-d26c-b2a5166b61ba" testName="Test" computerName="madoX" startTime="2020-04-09T18:51:27.6951901+02:00" endTime="2020-04-09T18:51:27.6956210+02:00" testType="13cdc9d9-ddb5-4fa4-a97d-d965ccfc6d4b" outcome="NotExecuted" testListId="8c84fa94-04c1-424b-9868-57a2d4851a1d" relativeResultsDirectory="1906a0df-3ba1-4833-8096-2c1ec4b9d7a4">
      <Output></Output>
    </UnitTestResult>
    <UnitTestResult executionId="ca6ed3cf-ff1b-48c5-bc64-b9742081ce42" testId="a17d96d6-14da-4cdf-438f-09cf1bf34161" testName="GaussianFilterCtorTest" computerName="madoX" duration="00:00:00.0033399" startTime="2020-04-09T18:51:27.6429937+02:00" endTime="2020-04-09T18:51:27.6661416+02:00" testType="13cdc9d9-ddb5-4fa4-a97d-d965ccfc6d4b" outcome="Passed" testListId="8c84fa94-04c1-424b-9868-57a2d4851a1d" relativeResultsDirectory="ca6ed3cf-ff1b-48c5-bc64-b9742081ce42" />
    <UnitTestResult executionId="0c20f843-2200-4540-bd3d-eba0fa67da05" testId="2143b7c7-6299-6b01-b162-6d724aa767f8" testName="TestFindKeypoints" computerName="madoX" startTime="2020-04-09T18:51:27.6957376+02:00" endTime="2020-04-09T18:51:27.6957723+02:00" testType="13cdc9d9-ddb5-4fa4-a97d-d965ccfc6d4b" outcome="NotExecuted" testListId="8c84fa94-04c1-424b-9868-57a2d4851a1d" relativeResultsDirectory="0c20f843-2200-4540-bd3d-eba0fa67da05">
      <Output></Output>
    </UnitTestResult>
    <UnitTestResult executionId="0af08b51-7cea-4252-ba5f-4fa30b469f0d" testId="6141bb7b-a41a-f909-b336-d09d324b86c1" testName="TestAssignParameters" computerName="madoX" startTime="2020-04-09T18:51:27.6958619+02:00" endTime="2020-04-09T18:51:27.6958942+02:00" testType="13cdc9d9-ddb5-4fa4-a97d-d965ccfc6d4b" outcome="NotExecuted" testListId="8c84fa94-04c1-424b-9868-57a2d4851a1d" relativeResultsDirectory="0af08b51-7cea-4252-ba5f-4fa30b469f0d">
      <Output></Output>
    </UnitTestResult>
    <UnitTestResult executionId="212cd848-a048-4b60-badf-557a1b4e2694" testId="c7a81c0f-39d1-56f8-0c4a-6ff95aac162d" testName="TestEdgeTest" computerName="madoX" startTime="2020-04-09T18:51:27.6958215+02:00" endTime="2020-04-09T18:51:27.6958541+02:00" testType="13cdc9d9-ddb5-4fa4-a97d-d965ccfc6d4b" outcome="NotExecuted" testListId="8c84fa94-04c1-424b-9868-57a2d4851a1d" relativeResultsDirectory="212cd848-a048-4b60-badf-557a1b4e2694">
      <Output></Output>
    </UnitTestResult>
  </Results>
  <TestDefinitions>
    <UnitTest name="Test" storage="/home/mado/documents/assignments/ssi/ml.lib.tests/bin/debug/netcoreapp3.1/ml.lib.tests.dll" id="f506b79a-2f44-5be9-d26c-b2a5166b61ba">
      <Execution id="1906a0df-3ba1-4833-8096-2c1ec4b9d7a4" />
      <TestMethod codeBase="/home/mado/Documents/assignments/ssi/ML.Lib.Tests/bin/Debug/netcoreapp3.1/ML.Lib.Tests.dll" adapterTypeName="executor://mstestadapter/v2" className="ML.Lib.Tests.SIFTTests" name="Test" />
    </UnitTest>
    <UnitTest name="TestPyramidBuilding" storage="/home/mado/documents/assignments/ssi/ml.lib.tests/bin/debug/netcoreapp3.1/ml.lib.tests.dll" id="3c619f47-cba9-8ea0-d4fa-a85ad4fd1539">
      <Execution id="1b142d15-451a-4455-ba6e-6f6db617e8be" />
      <TestMethod codeBase="/home/mado/Documents/assignments/ssi/ML.Lib.Tests/bin/Debug/netcoreapp3.1/ML.Lib.Tests.dll" adapterTypeName="executor://mstestadapter/v2" className="ML.Lib.Tests.SIFTTests" name="TestPyramidBuilding" />
    </UnitTest>
    <UnitTest name="TestAssignParameters" storage="/home/mado/documents/assignments/ssi/ml.lib.tests/bin/debug/netcoreapp3.1/ml.lib.tests.dll" id="6141bb7b-a41a-f909-b336-d09d324b86c1">
      <Execution id="0af08b51-7cea-4252-ba5f-4fa30b469f0d" />
      <TestMethod codeBase="/home/mado/Documents/assignments/ssi/ML.Lib.Tests/bin/Debug/netcoreapp3.1/ML.Lib.Tests.dll" adapterTypeName="executor://mstestadapter/v2" className="ML.Lib.Tests.SIFTTests" name="TestAssignParameters" />
    </UnitTest>
    <UnitTest name="TestContrastTest" storage="/home/mado/documents/assignments/ssi/ml.lib.tests/bin/debug/netcoreapp3.1/ml.lib.tests.dll" id="cbe2e6f9-6de2-9e73-a532-7b5783051631">
      <Execution id="ee1fe3a6-9bec-49bf-9142-b1361d8ea86f" />
      <TestMethod codeBase="/home/mado/Documents/assignments/ssi/ML.Lib.Tests/bin/Debug/netcoreapp3.1/ML.Lib.Tests.dll" adapterTypeName="executor://mstestadapter/v2" className="ML.Lib.Tests.SIFTTests" name="TestContrastTest" />
    </UnitTest>
    <UnitTest name="SugenoTest" storage="/home/mado/documents/assignments/ssi/ml.lib.tests/bin/debug/netcoreapp3.1/ml.lib.tests.dll" id="b44e3f1d-d699-2be2-1c29-48f364c32676">
      <Execution id="cada47f0-350f-42af-af44-e557f763b5a4" />
      <TestMethod codeBase="/home/mado/Documents/assignments/ssi/ML.Lib.Tests/bin/Debug/netcoreapp3.1/ML.Lib.Tests.dll" adapterTypeName="executor://mstestadapter/v2" className="ML.Lib.Tests.SugenoTests" name="SugenoTest" />
    </UnitTest>
    <UnitTest name="TestEdgeTest" storage="/home/mado/documents/assignments/ssi/ml.lib.tests/bin/debug/netcoreapp3.1/ml.lib.tests.dll" id="c7a81c0f-39d1-56f8-0c4a-6ff95aac162d">
      <Execution id="212cd848-a048-4b60-badf-557a1b4e2694" />
      <TestMethod codeBase="/home/mado/Documents/assignments/ssi/ML.Lib.Tests/bin/Debug/netcoreapp3.1/ML.Lib.Tests.dll" adapterTypeName="executor://mstestadapter/v2" className="ML.Lib.Tests.SIFTTests" name="TestEdgeTest" />
    </UnitTest>
    <UnitTest name="GaussianFilterCtorTest" storage="/home/mado/documents/assignments/ssi/ml.lib.tests/bin/debug/netcoreapp3.1/ml.lib.tests.dll" id="a17d96d6-14da-4cdf-438f-09cf1bf34161">
      <Execution id="ca6ed3cf-ff1b-48c5-bc64-b9742081ce42" />
      <TestMethod codeBase="/home/mado/Documents/assignments/ssi/ML.Lib.Tests/bin/Debug/netcoreapp3.1/ML.Lib.Tests.dll" adapterTypeName="executor://mstestadapter/v2" className="ML.Lib.Tests.FilterTests" name="GaussianFilterCtorTest" />
    </UnitTest>
    <UnitTest name="TestFindKeypoints" storage="/home/mado/documents/assignments/ssi/ml.lib.tests/bin/debug/netcoreapp3.1/ml.lib.tests.dll" id="2143b7c7-6299-6b01-b162-6d724aa767f8">
      <Execution id="0c20f843-2200-4540-bd3d-eba0fa67da05" />
      <TestMethod codeBase="/home/mado/Documents/assignments/ssi/ML.Lib.Tests/bin/Debug/netcoreapp3.1/ML.Lib.Tests.dll" adapterTypeName="executor://mstestadapter/v2" className="ML.Lib.Tests.SIFTTests" name="TestFindKeypoints" />
    </UnitTest>
    <UnitTest name="GaussianFilterTest" storage="/home/mado/documents/assignments/ssi/ml.lib.tests/bin/debug/netcoreapp3.1/ml.lib.tests.dll" id="66aaeb20-50ad-9b68-0121-0ae2de24b645">
      <Execution id="c98bd93a-2381-4be1-9dbd-3b345503b259" />
      <TestMethod codeBase="/home/mado/Documents/assignments/ssi/ML.Lib.Tests/bin/Debug/netcoreapp3.1/ML.Lib.Tests.dll" adapterTypeName="executor://mstestadapter/v2" className="ML.Lib.Tests.FilterTests" name="GaussianFilterTest" />
    </UnitTest>
    <UnitTest name="FinalizeResult" storage="/home/mado/documents/assignments/ssi/ml.lib.tests/bin/debug/netcoreapp3.1/ml.lib.tests.dll" id="0d712b84-ad40-a7e7-163a-6d1905e2c215">
      <Execution id="9ec32651-a106-4842-af3f-8de77738178b" />
      <TestMethod codeBase="/home/mado/Documents/assignments/ssi/ML.Lib.Tests/bin/Debug/netcoreapp3.1/ML.Lib.Tests.dll" adapterTypeName="executor://mstestadapter/v2" className="ML.Lib.Tests.SIFTTests" name="FinalizeResult" />
    </UnitTest>
    <UnitTest name="TestDoGCreation" storage="/home/mado/documents/assignments/ssi/ml.lib.tests/bin/debug/netcoreapp3.1/ml.lib.tests.dll" id="ae8b806e-91cd-158d-cf84-39ff4ea33259">
      <Execution id="f21c47c0-b1d2-45bd-a479-d4013402c37c" />
      <TestMethod codeBase="/home/mado/Documents/assignments/ssi/ML.Lib.Tests/bin/Debug/netcoreapp3.1/ML.Lib.Tests.dll" adapterTypeName="executor://mstestadapter/v2" className="ML.Lib.Tests.SIFTTests" name="TestDoGCreation" />
    </UnitTest>
  </TestDefinitions>
  <TestEntries>
    <TestEntry testId="3c619f47-cba9-8ea0-d4fa-a85ad4fd1539" executionId="1b142d15-451a-4455-ba6e-6f6db617e8be" testListId="8c84fa94-04c1-424b-9868-57a2d4851a1d" />
    <TestEntry testId="ae8b806e-91cd-158d-cf84-39ff4ea33259" executionId="f21c47c0-b1d2-45bd-a479-d4013402c37c" testListId="8c84fa94-04c1-424b-9868-57a2d4851a1d" />
    <TestEntry testId="0d712b84-ad40-a7e7-163a-6d1905e2c215" executionId="9ec32651-a106-4842-af3f-8de77738178b" testListId="8c84fa94-04c1-424b-9868-57a2d4851a1d" />
    <TestEntry testId="b44e3f1d-d699-2be2-1c29-48f364c32676" executionId="cada47f0-350f-42af-af44-e557f763b5a4" testListId="8c84fa94-04c1-424b-9868-57a2d4851a1d" />
    <TestEntry testId="66aaeb20-50ad-9b68-0121-0ae2de24b645" executionId="c98bd93a-2381-4be1-9dbd-3b345503b259" testListId="8c84fa94-04c1-424b-9868-57a2d4851a1d" />
    <TestEntry testId="cbe2e6f9-6de2-9e73-a532-7b5783051631" executionId="ee1fe3a6-9bec-49bf-9142-b1361d8ea86f" testListId="8c84fa94-04c1-424b-9868-57a2d4851a1d" />
    <TestEntry testId="f506b79a-2f44-5be9-d26c-b2a5166b61ba" executionId="1906a0df-3ba1-4833-8096-2c1ec4b9d7a4" testListId="8c84fa94-04c1-424b-9868-57a2d4851a1d" />
    <TestEntry testId="a17d96d6-14da-4cdf-438f-09cf1bf34161" executionId="ca6ed3cf-ff1b-48c5-bc64-b9742081ce42" testListId="8c84fa94-04c1-424b-9868-57a2d4851a1d" />
    <TestEntry testId="2143b7c7-6299-6b01-b162-6d724aa767f8" executionId="0c20f843-2200-4540-bd3d-eba0fa67da05" testListId="8c84fa94-04c1-424b-9868-57a2d4851a1d" />
    <TestEntry testId="6141bb7b-a41a-f909-b336-d09d324b86c1" executionId="0af08b51-7cea-4252-ba5f-4fa30b469f0d" testListId="8c84fa94-04c1-424b-9868-57a2d4851a1d" />
    <TestEntry testId="c7a81c0f-39d1-56f8-0c4a-6ff95aac162d" executionId="212cd848-a048-4b60-badf-557a1b4e2694" testListId="8c84fa94-04c1-424b-9868-57a2d4851a1d" />
  </TestEntries>
  <TestLists>
    <TestList name="Results Not in a List" id="8c84fa94-04c1-424b-9868-57a2d4851a1d" />
    <TestList name="All Loaded Results" id="19431567-8539-422a-85d7-44ee4e166bda" />
  </TestLists>
  <ResultSummary outcome="Completed">
    <Counters total="11" executed="3" passed="3" failed="0" error="0" timeout="0" aborted="0" inconclusive="0" passedButRunAborted="0" notRunnable="0" notExecuted="0" disconnected="0" warning="0" completed="0" inProgress="0" pending="0" />
    <Output>
      <StdOut>Test 'Test' was skipped in the test run.
Test 'TestPyramidBuilding' was skipped in the test run.
Test 'TestDoGCreation' was skipped in the test run.
Test 'TestFindKeypoints' was skipped in the test run.
Test 'TestContrastTest' was skipped in the test run.
Test 'TestEdgeTest' was skipped in the test run.
Test 'TestAssignParameters' was skipped in the test run.
Test 'FinalizeResult' was skipped in the test run.
</StdOut>
    </Output>
  </ResultSummary>
</TestRun>