<?xml version="1.0" encoding="utf-8"?>
<TestRun id="94e8350a-ac67-435f-b7c3-df081cfeaaad" name="@madoX 2020-04-25 19:52:14" xmlns="http://microsoft.com/schemas/VisualStudio/TeamTest/2010">
  <Times creation="2020-04-25T19:52:14.0800505+02:00" queuing="2020-04-25T19:52:14.0800510+02:00" start="2020-04-25T19:52:11.6170022+02:00" finish="2020-04-25T19:52:19.6909428+02:00" />
  <TestSettings name="default" id="55f8c763-3eb1-4f70-b24d-3d264e106196">
    <Deployment runDeploymentRoot="_madoX_2020-04-25_19_52_14" />
  </TestSettings>
  <Results>
    <UnitTestResult executionId="bd9c9e51-9997-454b-9492-02a1ded369cd" testId="ae8b806e-91cd-158d-cf84-39ff4ea33259" testName="TestDoGCreation" computerName="madoX" startTime="2020-04-25T19:52:19.5340181+02:00" endTime="2020-04-25T19:52:19.5340438+02:00" testType="13cdc9d9-ddb5-4fa4-a97d-d965ccfc6d4b" outcome="NotExecuted" testListId="8c84fa94-04c1-424b-9868-57a2d4851a1d" relativeResultsDirectory="bd9c9e51-9997-454b-9492-02a1ded369cd">
      <Output></Output>
    </UnitTestResult>
    <UnitTestResult executionId="38074c81-f28d-48c1-9f04-d7a1680626ab" testId="c7a81c0f-39d1-56f8-0c4a-6ff95aac162d" testName="TestEdgeTest" computerName="madoX" startTime="2020-04-25T19:52:19.5341135+02:00" endTime="2020-04-25T19:52:19.5341381+02:00" testType="13cdc9d9-ddb5-4fa4-a97d-d965ccfc6d4b" outcome="NotExecuted" testListId="8c84fa94-04c1-424b-9868-57a2d4851a1d" relativeResultsDirectory="38074c81-f28d-48c1-9f04-d7a1680626ab">
      <Output></Output>
    </UnitTestResult>
    <UnitTestResult executionId="c2dbcdb4-d3f7-438c-a54b-a3753b7eea08" testId="d258b85f-14b6-24a6-eaf0-9cb58f11778d" testName="TestCalculate" computerName="madoX" duration="00:00:00.0022130" startTime="2020-04-25T19:52:12.4942549+02:00" endTime="2020-04-25T19:52:12.4966268+02:00" testType="13cdc9d9-ddb5-4fa4-a97d-d965ccfc6d4b" outcome="Passed" testListId="8c84fa94-04c1-424b-9868-57a2d4851a1d" relativeResultsDirectory="c2dbcdb4-d3f7-438c-a54b-a3753b7eea08" />
    <UnitTestResult executionId="8df23180-3aa2-416f-8631-cec1e74cdd78" testId="a5f2be9a-ecf7-4511-2438-b89033095905" testName="ConstructorTest" computerName="madoX" duration="00:00:00.0070014" startTime="2020-04-25T19:52:12.4400557+02:00" endTime="2020-04-25T19:52:12.4879161+02:00" testType="13cdc9d9-ddb5-4fa4-a97d-d965ccfc6d4b" outcome="Passed" testListId="8c84fa94-04c1-424b-9868-57a2d4851a1d" relativeResultsDirectory="8df23180-3aa2-416f-8631-cec1e74cdd78" />
    <UnitTestResult executionId="7effd1ec-b789-41da-b833-7f5a603066cc" testId="6141bb7b-a41a-f909-b336-d09d324b86c1" testName="TestAssignParameters" computerName="madoX" startTime="2020-04-25T19:52:19.5341445+02:00" endTime="2020-04-25T19:52:19.5341693+02:00" testType="13cdc9d9-ddb5-4fa4-a97d-d965ccfc6d4b" outcome="NotExecuted" testListId="8c84fa94-04c1-424b-9868-57a2d4851a1d" relativeResultsDirectory="7effd1ec-b789-41da-b833-7f5a603066cc">
      <Output></Output>
    </UnitTestResult>
    <UnitTestResult executionId="1eaa8c4c-dfb6-4603-bcf7-00af32256c0e" testId="66aaeb20-50ad-9b68-0121-0ae2de24b645" testName="GaussianFilterTest" computerName="madoX" startTime="2020-04-25T19:52:19.5338186+02:00" endTime="2020-04-25T19:52:19.5338588+02:00" testType="13cdc9d9-ddb5-4fa4-a97d-d965ccfc6d4b" outcome="NotExecuted" testListId="8c84fa94-04c1-424b-9868-57a2d4851a1d" relativeResultsDirectory="1eaa8c4c-dfb6-4603-bcf7-00af32256c0e">
      <Output></Output>
    </UnitTestResult>
    <UnitTestResult executionId="becdf9e5-a2e6-43e5-a90b-652fe30b85ab" testId="a17d96d6-14da-4cdf-438f-09cf1bf34161" testName="GaussianFilterCtorTest" computerName="madoX" startTime="2020-04-25T19:52:19.5332165+02:00" endTime="2020-04-25T19:52:19.5338047+02:00" testType="13cdc9d9-ddb5-4fa4-a97d-d965ccfc6d4b" outcome="NotExecuted" testListId="8c84fa94-04c1-424b-9868-57a2d4851a1d" relativeResultsDirectory="becdf9e5-a2e6-43e5-a90b-652fe30b85ab">
      <Output></Output>
    </UnitTestResult>
    <UnitTestResult executionId="6463d729-8b1a-4486-85e2-450b63f07550" testId="8d37b67b-c1cf-3819-ac1d-76bbe0d1bff9" testName="TestTrain" computerName="madoX" duration="00:00:07.0333202" startTime="2020-04-25T19:52:12.4982845+02:00" endTime="2020-04-25T19:52:19.5317577+02:00" testType="13cdc9d9-ddb5-4fa4-a97d-d965ccfc6d4b" outcome="Passed" testListId="8c84fa94-04c1-424b-9868-57a2d4851a1d" relativeResultsDirectory="6463d729-8b1a-4486-85e2-450b63f07550">
      <Output>
        <StdOut>Sample #0|setosa prob.: 1.7002705814998525E-06|versicolor prob.: 0.9999991522099025|virginica prob.:0.9999991526520157
Sample #1|setosa prob.: 1.7003199085216775E-06|versicolor prob.: 0.9999991521838463|virginica prob.:0.9999991526258645
Sample #2|setosa prob.: 1.7003302143670803E-06|versicolor prob.: 0.9999991521784024|virginica prob.:0.9999991526204006
Sample #3|setosa prob.: 1.7003302143670803E-06|versicolor prob.: 0.9999991521784024|virginica prob.:0.9999991526204006
Sample #4|setosa prob.: 1.7002705814998525E-06|versicolor prob.: 0.9999991522099025|virginica prob.:0.9999991526520157
Sample #5|setosa prob.: 1.700236582283985E-06|versicolor prob.: 0.999999152227862|virginica prob.:0.9999991526700408
Sample #6|setosa prob.: 1.7003021462519023E-06|versicolor prob.: 0.999999152193229|virginica prob.:0.9999991526352813
Sample #7|setosa prob.: 1.7002756986371212E-06|versicolor prob.: 0.9999991522071994|virginica prob.:0.999999152649303
Sample #8|setosa prob.: 1.7004004754201715E-06|versicolor prob.: 0.9999991521412884|virginica prob.:0.9999991525831506
Sample #9|setosa prob.: 1.7003105836117676E-06|versicolor prob.: 0.9999991521887721|virginica prob.:0.9999991526308082
Sample #10|setosa prob.: 1.7002486293960071E-06|versicolor prob.: 0.9999991522214982|virginica prob.:0.9999991526636539
Sample #11|setosa prob.: 1.7002813540165321E-06|versicolor prob.: 0.999999152204212|virginica prob.:0.9999991526463047
Sample #12|setosa prob.: 1.700341604363945E-06|versicolor prob.: 0.9999991521723859|virginica prob.:0.9999991526143621
Sample #13|setosa prob.: 1.700488315116234E-06|versicolor prob.: 0.9999991520948885|virginica prob.:0.9999991525365813
Sample #14|setosa prob.: 1.7002398266296607E-06|versicolor prob.: 0.9999991522261482|virginica prob.:0.9999991526683208
Sample #15|setosa prob.: 1.7002299708266653E-06|versicolor prob.: 0.9999991522313543|virginica prob.:0.999999152673546
Sample #16|setosa prob.: 1.7002437893143534E-06|versicolor prob.: 0.999999152224055|virginica prob.:0.9999991526662201
Sample #17|setosa prob.: 1.7002659513730362E-06|versicolor prob.: 0.9999991522123481|virginica prob.:0.9999991526544706
Sample #18|setosa prob.: 1.7002351878175694E-06|versicolor prob.: 0.9999991522285985|virginica prob.:0.9999991526707802
Sample #19|setosa prob.: 1.7002514375953782E-06|versicolor prob.: 0.9999991522200149|virginica prob.:0.9999991526621651
Sample #20|setosa prob.: 1.7002514375953782E-06|versicolor prob.: 0.9999991522200149|virginica prob.:0.9999991526621651
Sample #21|setosa prob.: 1.7002514375953782E-06|versicolor prob.: 0.9999991522200149|virginica prob.:0.9999991526621651
Sample #22|setosa prob.: 1.7003302143670803E-06|versicolor prob.: 0.9999991521784024|virginica prob.:0.9999991526204006
Sample #23|setosa prob.: 1.700254541156169E-06|versicolor prob.: 0.9999991522183755|virginica prob.:0.9999991526605198
Sample #24|setosa prob.: 1.7002659513730362E-06|versicolor prob.: 0.9999991522123481|virginica prob.:0.9999991526544706
Sample #25|setosa prob.: 1.7002945119501608E-06|versicolor prob.: 0.9999991521972615|virginica prob.:0.9999991526393287
Sample #26|setosa prob.: 1.7002617619023604E-06|versicolor prob.: 0.9999991522145613|virginica prob.:0.9999991526566917
Sample #27|setosa prob.: 1.7002617619023604E-06|versicolor prob.: 0.9999991522145613|virginica prob.:0.9999991526566917
Sample #28|setosa prob.: 1.7002705814998525E-06|versicolor prob.: 0.9999991522099025|virginica prob.:0.9999991526520157
Sample #29|setosa prob.: 1.7003021462519023E-06|versicolor prob.: 0.999999152193229|virginica prob.:0.9999991526352813
Sample #30|setosa prob.: 1.7003021462519023E-06|versicolor prob.: 0.999999152193229|virginica prob.:0.9999991526352813
Sample #31|setosa prob.: 1.7002514375953782E-06|versicolor prob.: 0.9999991522200149|virginica prob.:0.9999991526621651
Sample #32|setosa prob.: 1.7002460884473439E-06|versicolor prob.: 0.9999991522228404|virginica prob.:0.9999991526650011
Sample #33|setosa prob.: 1.7002381234127659E-06|versicolor prob.: 0.9999991522270479|virginica prob.:0.9999991526692239
Sample #34|setosa prob.: 1.7003105836117676E-06|versicolor prob.: 0.9999991521887721|virginica prob.:0.9999991526308082
Sample #35|setosa prob.: 1.7003105836117676E-06|versicolor prob.: 0.9999991521887721|virginica prob.:0.9999991526308082
Sample #36|setosa prob.: 1.7002579711463528E-06|versicolor prob.: 0.9999991522165637|virginica prob.:0.9999991526587012
Sample #37|setosa prob.: 1.7003105836117676E-06|versicolor prob.: 0.9999991521887721|virginica prob.:0.9999991526308082
Sample #38|setosa prob.: 1.7004004754201715E-06|versicolor prob.: 0.9999991521412884|virginica prob.:0.9999991525831506
Sample #39|setosa prob.: 1.7002705814998525E-06|versicolor prob.: 0.9999991522099025|virginica prob.:0.9999991526520157
Sample #40|setosa prob.: 1.7002756986371212E-06|versicolor prob.: 0.9999991522071994|virginica prob.:0.999999152649303
Sample #41|setosa prob.: 1.7005163404098482E-06|versicolor prob.: 0.9999991520800846|virginica prob.:0.9999991525217232
Sample #42|setosa prob.: 1.7003681051531991E-06|versicolor prob.: 0.9999991521583874|virginica prob.:0.9999991526003122
Sample #43|setosa prob.: 1.7002514375953782E-06|versicolor prob.: 0.9999991522200149|virginica prob.:0.9999991526621651
Sample #44|setosa prob.: 1.7002398266296607E-06|versicolor prob.: 0.9999991522261482|virginica prob.:0.9999991526683208
Sample #45|setosa prob.: 1.7003199085216775E-06|versicolor prob.: 0.9999991521838463|virginica prob.:0.9999991526258645
Sample #46|setosa prob.: 1.7002514375953782E-06|versicolor prob.: 0.9999991522200149|virginica prob.:0.9999991526621651
Sample #47|setosa prob.: 1.7003302143670803E-06|versicolor prob.: 0.9999991521784024|virginica prob.:0.9999991526204006
Sample #48|setosa prob.: 1.7002514375953782E-06|versicolor prob.: 0.9999991522200149|virginica prob.:0.9999991526621651
Sample #49|setosa prob.: 1.7002876042605852E-06|versicolor prob.: 0.9999991522009104|virginica prob.:0.9999991526429909
Sample #50|setosa prob.: 1.7002220381005273E-06|versicolor prob.: 0.9999991522355447|virginica prob.:0.9999991526777517
Sample #51|setosa prob.: 1.7002221487164142E-06|versicolor prob.: 0.9999991522354861|virginica prob.:0.9999991526776931
Sample #52|setosa prob.: 1.700222027716837E-06|versicolor prob.: 0.99999915223555|virginica prob.:0.9999991526777573
Sample #53|setosa prob.: 1.7002246058656874E-06|versicolor prob.: 0.9999991522341882|virginica prob.:0.9999991526763904
Sample #54|setosa prob.: 1.7002221973655042E-06|versicolor prob.: 0.9999991522354605|virginica prob.:0.9999991526776674
Sample #55|setosa prob.: 1.700222735244489E-06|versicolor prob.: 0.9999991522351763|virginica prob.:0.999999152677382
Sample #56|setosa prob.: 1.7002220917660994E-06|versicolor prob.: 0.9999991522355163|virginica prob.:0.9999991526777233
Sample #57|setosa prob.: 1.700233926055929E-06|versicolor prob.: 0.999999152229265|virginica prob.:0.9999991526714492
Sample #58|setosa prob.: 1.7002221973655042E-06|versicolor prob.: 0.9999991522354605|virginica prob.:0.9999991526776674
Sample #59|setosa prob.: 1.7002243511261488E-06|versicolor prob.: 0.9999991522343228|virginica prob.:0.9999991526765254
Sample #60|setosa prob.: 1.7002351878175694E-06|versicolor prob.: 0.9999991522285985|virginica prob.:0.9999991526707802
Sample #61|setosa prob.: 1.700222526276656E-06|versicolor prob.: 0.9999991522352867|virginica prob.:0.9999991526774928
Sample #62|setosa prob.: 1.7002243511261488E-06|versicolor prob.: 0.9999991522343228|virginica prob.:0.9999991526765254
Sample #63|setosa prob.: 1.7002222912607183E-06|versicolor prob.: 0.9999991522354108|virginica prob.:0.9999991526776174
Sample #64|setosa prob.: 1.7002239120655275E-06|versicolor prob.: 0.9999991522345548|virginica prob.:0.9999991526767581
Sample #65|setosa prob.: 1.7002221487164142E-06|versicolor prob.: 0.9999991522354861|virginica prob.:0.9999991526776931
Sample #66|setosa prob.: 1.700222526276656E-06|versicolor prob.: 0.9999991522352867|virginica prob.:0.9999991526774928
Sample #67|setosa prob.: 1.7002235525934122E-06|versicolor prob.: 0.9999991522347447|virginica prob.:0.9999991526769488
Sample #68|setosa prob.: 1.7002226585187165E-06|versicolor prob.: 0.999999152235217|virginica prob.:0.9999991526774227
Sample #69|setosa prob.: 1.7002246058656874E-06|versicolor prob.: 0.9999991522341882|virginica prob.:0.9999991526763904
Sample #70|setosa prob.: 1.7002221278062254E-06|versicolor prob.: 0.9999991522354972|virginica prob.:0.9999991526777042
Sample #71|setosa prob.: 1.7002228200395912E-06|versicolor prob.: 0.9999991522351315|virginica prob.:0.9999991526773372
Sample #72|setosa prob.: 1.7002222567856454E-06|versicolor prob.: 0.999999152235429|virginica prob.:0.9999991526776358
Sample #73|setosa prob.: 1.7002224180060421E-06|versicolor prob.: 0.999999152235344|virginica prob.:0.9999991526775504
Sample #74|setosa prob.: 1.7002223714695427E-06|versicolor prob.: 0.9999991522353686|virginica prob.:0.999999152677575
Sample #75|setosa prob.: 1.7002221973655042E-06|versicolor prob.: 0.9999991522354605|virginica prob.:0.9999991526776674
Sample #76|setosa prob.: 1.7002221088859081E-06|versicolor prob.: 0.9999991522355072|virginica prob.:0.9999991526777142
Sample #77|setosa prob.: 1.700222027716837E-06|versicolor prob.: 0.99999915223555|virginica prob.:0.9999991526777573
Sample #78|setosa prob.: 1.7002223714695427E-06|versicolor prob.: 0.9999991522353686|virginica prob.:0.999999152677575
Sample #79|setosa prob.: 1.7002255423996532E-06|versicolor prob.: 0.9999991522336935|virginica prob.:0.9999991526758939
Sample #80|setosa prob.: 1.7002255423996532E-06|versicolor prob.: 0.9999991522336935|virginica prob.:0.9999991526758939
Sample #81|setosa prob.: 1.7002263424235045E-06|versicolor prob.: 0.999999152233271|virginica prob.:0.9999991526754698
Sample #82|setosa prob.: 1.7002235525934122E-06|versicolor prob.: 0.9999991522347447|virginica prob.:0.9999991526769488
Sample #83|setosa prob.: 1.7002221973655042E-06|versicolor prob.: 0.9999991522354605|virginica prob.:0.9999991526776674
Sample #84|setosa prob.: 1.7002226585187165E-06|versicolor prob.: 0.999999152235217|virginica prob.:0.9999991526774227
Sample #85|setosa prob.: 1.7002221718257437E-06|versicolor prob.: 0.9999991522354741|virginica prob.:0.9999991526776807
Sample #86|setosa prob.: 1.7002220762754567E-06|versicolor prob.: 0.9999991522355245|virginica prob.:0.9999991526777315
Sample #87|setosa prob.: 1.700222735244489E-06|versicolor prob.: 0.9999991522351763|virginica prob.:0.999999152677382
Sample #88|setosa prob.: 1.7002230173217112E-06|versicolor prob.: 0.9999991522350273|virginica prob.:0.9999991526772326
Sample #89|setosa prob.: 1.700224120628404E-06|versicolor prob.: 0.9999991522344445|virginica prob.:0.9999991526766475
Sample #90|setosa prob.: 1.7002233980864196E-06|versicolor prob.: 0.9999991522348262|virginica prob.:0.9999991526770308
Sample #91|setosa prob.: 1.7002222912607183E-06|versicolor prob.: 0.9999991522354108|virginica prob.:0.9999991526776174
Sample #92|setosa prob.: 1.7002235525934122E-06|versicolor prob.: 0.9999991522347447|virginica prob.:0.9999991526769488
Sample #93|setosa prob.: 1.700233926055929E-06|versicolor prob.: 0.999999152229265|virginica prob.:0.9999991526714492
Sample #94|setosa prob.: 1.7002232582827554E-06|versicolor prob.: 0.9999991522349001|virginica prob.:0.9999991526771047
Sample #95|setosa prob.: 1.700222913752695E-06|versicolor prob.: 0.9999991522350822|virginica prob.:0.9999991526772875
Sample #96|setosa prob.: 1.700222913752695E-06|versicolor prob.: 0.9999991522350822|virginica prob.:0.9999991526772875
Sample #97|setosa prob.: 1.7002224694368345E-06|versicolor prob.: 0.9999991522353169|virginica prob.:0.999999152677523
Sample #98|setosa prob.: 1.7002327843698516E-06|versicolor prob.: 0.9999991522298681|virginica prob.:0.9999991526720545
Sample #99|setosa prob.: 1.7002231317832041E-06|versicolor prob.: 0.9999991522349669|virginica prob.:0.9999991526771718
Sample #100|setosa prob.: 1.7002219470219163E-06|versicolor prob.: 0.9999991522355927|virginica prob.:0.9999991526777999
Sample #101|setosa prob.: 1.7002221718257437E-06|versicolor prob.: 0.9999991522354741|virginica prob.:0.9999991526776807
Sample #102|setosa prob.: 1.7002219470219163E-06|versicolor prob.: 0.9999991522355927|virginica prob.:0.9999991526777999
Sample #103|setosa prob.: 1.7002220098198448E-06|versicolor prob.: 0.9999991522355596|virginica prob.:0.9999991526777666
Sample #104|setosa prob.: 1.7002219618501682E-06|versicolor prob.: 0.9999991522355849|virginica prob.:0.9999991526777922
Sample #105|setosa prob.: 1.7002219344178178E-06|versicolor prob.: 0.9999991522355993|virginica prob.:0.9999991526778066
Sample #106|setosa prob.: 1.7002235525934122E-06|versicolor prob.: 0.9999991522347447|virginica prob.:0.9999991526769488
Sample #107|setosa prob.: 1.7002219437524335E-06|versicolor prob.: 0.9999991522355944|virginica prob.:0.9999991526778017
Sample #108|setosa prob.: 1.7002219951670263E-06|versicolor prob.: 0.9999991522355673|virginica prob.:0.9999991526777744
Sample #109|setosa prob.: 1.700221933900845E-06|versicolor prob.: 0.9999991522355998|virginica prob.:0.999999152677807
Sample #110|setosa prob.: 1.7002219951670263E-06|versicolor prob.: 0.9999991522355673|virginica prob.:0.9999991526777744
Sample #111|setosa prob.: 1.7002220381005273E-06|versicolor prob.: 0.9999991522355447|virginica prob.:0.9999991526777517
Sample #112|setosa prob.: 1.7002219653065952E-06|versicolor prob.: 0.9999991522355831|virginica prob.:0.9999991526777904
Sample #113|setosa prob.: 1.7002222567856454E-06|versicolor prob.: 0.999999152235429|virginica prob.:0.9999991526776358
Sample #114|setosa prob.: 1.7002220622589414E-06|versicolor prob.: 0.9999991522355318|virginica prob.:0.9999991526777389
Sample #115|setosa prob.: 1.7002219733482318E-06|versicolor prob.: 0.9999991522355789|virginica prob.:0.9999991526777859
Sample #116|setosa prob.: 1.7002219951670263E-06|versicolor prob.: 0.9999991522355673|virginica prob.:0.9999991526777744
Sample #117|setosa prob.: 1.7002219307936252E-06|versicolor prob.: 0.9999991522356013|virginica prob.:0.9999991526778086
Sample #118|setosa prob.: 1.7002219334330709E-06|versicolor prob.: 0.9999991522356|virginica prob.:0.9999991526778073
Sample #119|setosa prob.: 1.7002224694368345E-06|versicolor prob.: 0.9999991522353169|virginica prob.:0.999999152677523
Sample #120|setosa prob.: 1.7002219470219163E-06|versicolor prob.: 0.9999991522355927|virginica prob.:0.9999991526777999
Sample #121|setosa prob.: 1.7002222255913068E-06|versicolor prob.: 0.9999991522354457|virginica prob.:0.9999991526776523
Sample #122|setosa prob.: 1.7002219349891665E-06|versicolor prob.: 0.9999991522355991|virginica prob.:0.9999991526778064
Sample #123|setosa prob.: 1.7002221278062254E-06|versicolor prob.: 0.9999991522354972|virginica prob.:0.9999991526777042
Sample #124|setosa prob.: 1.7002219533321925E-06|versicolor prob.: 0.9999991522355893|virginica prob.:0.9999991526777966
Sample #125|setosa prob.: 1.7002219453055088E-06|versicolor prob.: 0.9999991522355935|virginica prob.:0.9999991526778008
Sample #126|setosa prob.: 1.7002221487164142E-06|versicolor prob.: 0.9999991522354861|virginica prob.:0.9999991526776931
Sample #127|setosa prob.: 1.7002221088859081E-06|versicolor prob.: 0.9999991522355072|virginica prob.:0.9999991526777142
Sample #128|setosa prob.: 1.7002219888689999E-06|versicolor prob.: 0.9999991522355707|virginica prob.:0.9999991526777777
Sample #129|setosa prob.: 1.7002219587226587E-06|versicolor prob.: 0.9999991522355864|virginica prob.:0.9999991526777937
Sample #130|setosa prob.: 1.7002219453055088E-06|versicolor prob.: 0.9999991522355935|virginica prob.:0.9999991526778008
Sample #131|setosa prob.: 1.7002219314262866E-06|versicolor prob.: 0.9999991522356009|virginica prob.:0.9999991526778081
Sample #132|setosa prob.: 1.7002219831703162E-06|versicolor prob.: 0.9999991522355736|virginica prob.:0.9999991526777808
Sample #133|setosa prob.: 1.7002221278062254E-06|versicolor prob.: 0.9999991522354972|virginica prob.:0.9999991526777042
Sample #134|setosa prob.: 1.7002221278062254E-06|versicolor prob.: 0.9999991522354972|virginica prob.:0.9999991526777042
Sample #135|setosa prob.: 1.7002219356205987E-06|versicolor prob.: 0.9999991522355987|virginica prob.:0.9999991526778059
Sample #136|setosa prob.: 1.7002219558927748E-06|versicolor prob.: 0.999999152235588|virginica prob.:0.9999991526777953
Sample #137|setosa prob.: 1.7002219951670263E-06|versicolor prob.: 0.9999991522355673|virginica prob.:0.9999991526777744
Sample #138|setosa prob.: 1.7002221487164142E-06|versicolor prob.: 0.9999991522354861|virginica prob.:0.9999991526776931
Sample #139|setosa prob.: 1.7002219618501682E-06|versicolor prob.: 0.9999991522355849|virginica prob.:0.9999991526777922
Sample #140|setosa prob.: 1.7002219533321925E-06|versicolor prob.: 0.9999991522355893|virginica prob.:0.9999991526777966
Sample #141|setosa prob.: 1.7002219653065952E-06|versicolor prob.: 0.9999991522355831|virginica prob.:0.9999991526777904
Sample #142|setosa prob.: 1.7002221718257437E-06|versicolor prob.: 0.9999991522354741|virginica prob.:0.9999991526776807
Sample #143|setosa prob.: 1.7002219453055088E-06|versicolor prob.: 0.9999991522355935|virginica prob.:0.9999991526778008
Sample #144|setosa prob.: 1.7002219453055088E-06|versicolor prob.: 0.9999991522355935|virginica prob.:0.9999991526778008
Sample #145|setosa prob.: 1.7002219733482318E-06|versicolor prob.: 0.9999991522355789|virginica prob.:0.9999991526777859
Sample #146|setosa prob.: 1.7002221278062254E-06|versicolor prob.: 0.9999991522354972|virginica prob.:0.9999991526777042
Sample #147|setosa prob.: 1.700222002127418E-06|versicolor prob.: 0.9999991522355636|virginica prob.:0.9999991526777708
Sample #148|setosa prob.: 1.7002219691265446E-06|versicolor prob.: 0.9999991522355811|virginica prob.:0.9999991526777882
Sample #149|setosa prob.: 1.7002221088859081E-06|versicolor prob.: 0.9999991522355072|virginica prob.:0.9999991526777142</StdOut>
      </Output>
    </UnitTestResult>
    <UnitTestResult executionId="b6cbd99e-945c-4d6d-9a15-5993b1e31c7d" testId="f506b79a-2f44-5be9-d26c-b2a5166b61ba" testName="Test" computerName="madoX" startTime="2020-04-25T19:52:19.5338740+02:00" endTime="2020-04-25T19:52:19.5339754+02:00" testType="13cdc9d9-ddb5-4fa4-a97d-d965ccfc6d4b" outcome="NotExecuted" testListId="8c84fa94-04c1-424b-9868-57a2d4851a1d" relativeResultsDirectory="b6cbd99e-945c-4d6d-9a15-5993b1e31c7d">
      <Output></Output>
    </UnitTestResult>
    <UnitTestResult executionId="34ae3d03-4bf5-4753-a345-84dc7e2d8699" testId="0d712b84-ad40-a7e7-163a-6d1905e2c215" testName="FinalizeResult" computerName="madoX" startTime="2020-04-25T19:52:19.5351213+02:00" endTime="2020-04-25T19:52:19.5351819+02:00" testType="13cdc9d9-ddb5-4fa4-a97d-d965ccfc6d4b" outcome="NotExecuted" testListId="8c84fa94-04c1-424b-9868-57a2d4851a1d" relativeResultsDirectory="34ae3d03-4bf5-4753-a345-84dc7e2d8699">
      <Output></Output>
    </UnitTestResult>
    <UnitTestResult executionId="623b4e2a-7766-42e3-a47a-d28e83a50616" testId="b44e3f1d-d699-2be2-1c29-48f364c32676" testName="SugenoTest" computerName="madoX" duration="00:00:00.0062163" startTime="2020-04-25T19:52:19.5351912+02:00" endTime="2020-04-25T19:52:19.5415632+02:00" testType="13cdc9d9-ddb5-4fa4-a97d-d965ccfc6d4b" outcome="Passed" testListId="8c84fa94-04c1-424b-9868-57a2d4851a1d" relativeResultsDirectory="623b4e2a-7766-42e3-a47a-d28e83a50616">
      <Output>
        <StdOut>Living standards for Warszawa are 0.5
Living standards for Kraków are NaN
Living standards for Gdańsk are 0.3
Living standards for Wrocław are 0.3
Living standards for Katowice are 0.8
Living standards for Poznań are 0.41111111111111104
Living standards for Gliwice are 0.8</StdOut>
      </Output>
    </UnitTestResult>
    <UnitTestResult executionId="25d9d1ab-bd2a-4df8-adee-14fb5767a6c8" testId="3c619f47-cba9-8ea0-d4fa-a85ad4fd1539" testName="TestPyramidBuilding" computerName="madoX" startTime="2020-04-25T19:52:19.5339840+02:00" endTime="2020-04-25T19:52:19.5340114+02:00" testType="13cdc9d9-ddb5-4fa4-a97d-d965ccfc6d4b" outcome="NotExecuted" testListId="8c84fa94-04c1-424b-9868-57a2d4851a1d" relativeResultsDirectory="25d9d1ab-bd2a-4df8-adee-14fb5767a6c8">
      <Output></Output>
    </UnitTestResult>
    <UnitTestResult executionId="76952a34-fcfa-4946-814c-e223b4171ec3" testId="77b6b6a1-28ac-45e8-9314-cbdf61ad6c72" testName="TestMassCalculate" computerName="madoX" duration="00:00:00.0015506" startTime="2020-04-25T19:52:12.4966513+02:00" endTime="2020-04-25T19:52:12.4982717+02:00" testType="13cdc9d9-ddb5-4fa4-a97d-d965ccfc6d4b" outcome="Passed" testListId="8c84fa94-04c1-424b-9868-57a2d4851a1d" relativeResultsDirectory="76952a34-fcfa-4946-814c-e223b4171ec3" />
    <UnitTestResult executionId="2951d732-922b-4b66-8892-be7a0fd9c06b" testId="cbe2e6f9-6de2-9e73-a532-7b5783051631" testName="TestContrastTest" computerName="madoX" startTime="2020-04-25T19:52:19.5340818+02:00" endTime="2020-04-25T19:52:19.5341069+02:00" testType="13cdc9d9-ddb5-4fa4-a97d-d965ccfc6d4b" outcome="NotExecuted" testListId="8c84fa94-04c1-424b-9868-57a2d4851a1d" relativeResultsDirectory="2951d732-922b-4b66-8892-be7a0fd9c06b">
      <Output></Output>
    </UnitTestResult>
    <UnitTestResult executionId="128bb696-79ed-4f86-b358-23b65336fa2c" testId="2143b7c7-6299-6b01-b162-6d724aa767f8" testName="TestFindKeypoints" computerName="madoX" startTime="2020-04-25T19:52:19.5340504+02:00" endTime="2020-04-25T19:52:19.5340756+02:00" testType="13cdc9d9-ddb5-4fa4-a97d-d965ccfc6d4b" outcome="NotExecuted" testListId="8c84fa94-04c1-424b-9868-57a2d4851a1d" relativeResultsDirectory="128bb696-79ed-4f86-b358-23b65336fa2c">
      <Output></Output>
    </UnitTestResult>
  </Results>
  <TestDefinitions>
    <UnitTest name="Test" storage="/home/mado/documents/assignments/ssi/ml.lib.tests/bin/debug/netcoreapp3.1/ml.lib.tests.dll" id="f506b79a-2f44-5be9-d26c-b2a5166b61ba">
      <Execution id="b6cbd99e-945c-4d6d-9a15-5993b1e31c7d" />
      <TestMethod codeBase="/home/mado/Documents/assignments/ssi/ML.Lib.Tests/bin/Debug/netcoreapp3.1/ML.Lib.Tests.dll" adapterTypeName="executor://mstestadapter/v2" className="ML.Lib.Tests.SIFTTests" name="Test" />
    </UnitTest>
    <UnitTest name="TestPyramidBuilding" storage="/home/mado/documents/assignments/ssi/ml.lib.tests/bin/debug/netcoreapp3.1/ml.lib.tests.dll" id="3c619f47-cba9-8ea0-d4fa-a85ad4fd1539">
      <Execution id="25d9d1ab-bd2a-4df8-adee-14fb5767a6c8" />
      <TestMethod codeBase="/home/mado/Documents/assignments/ssi/ML.Lib.Tests/bin/Debug/netcoreapp3.1/ML.Lib.Tests.dll" adapterTypeName="executor://mstestadapter/v2" className="ML.Lib.Tests.SIFTTests" name="TestPyramidBuilding" />
    </UnitTest>
    <UnitTest name="TestMassCalculate" storage="/home/mado/documents/assignments/ssi/ml.lib.tests/bin/debug/netcoreapp3.1/ml.lib.tests.dll" id="77b6b6a1-28ac-45e8-9314-cbdf61ad6c72">
      <Execution id="76952a34-fcfa-4946-814c-e223b4171ec3" />
      <TestMethod codeBase="/home/mado/Documents/assignments/ssi/ML.Lib.Tests/bin/Debug/netcoreapp3.1/ML.Lib.Tests.dll" adapterTypeName="executor://mstestadapter/v2" className="ML.Lib.Neuron.NeuralTests" name="TestMassCalculate" />
    </UnitTest>
    <UnitTest name="TestAssignParameters" storage="/home/mado/documents/assignments/ssi/ml.lib.tests/bin/debug/netcoreapp3.1/ml.lib.tests.dll" id="6141bb7b-a41a-f909-b336-d09d324b86c1">
      <Execution id="7effd1ec-b789-41da-b833-7f5a603066cc" />
      <TestMethod codeBase="/home/mado/Documents/assignments/ssi/ML.Lib.Tests/bin/Debug/netcoreapp3.1/ML.Lib.Tests.dll" adapterTypeName="executor://mstestadapter/v2" className="ML.Lib.Tests.SIFTTests" name="TestAssignParameters" />
    </UnitTest>
    <UnitTest name="TestContrastTest" storage="/home/mado/documents/assignments/ssi/ml.lib.tests/bin/debug/netcoreapp3.1/ml.lib.tests.dll" id="cbe2e6f9-6de2-9e73-a532-7b5783051631">
      <Execution id="2951d732-922b-4b66-8892-be7a0fd9c06b" />
      <TestMethod codeBase="/home/mado/Documents/assignments/ssi/ML.Lib.Tests/bin/Debug/netcoreapp3.1/ML.Lib.Tests.dll" adapterTypeName="executor://mstestadapter/v2" className="ML.Lib.Tests.SIFTTests" name="TestContrastTest" />
    </UnitTest>
    <UnitTest name="TestTrain" storage="/home/mado/documents/assignments/ssi/ml.lib.tests/bin/debug/netcoreapp3.1/ml.lib.tests.dll" id="8d37b67b-c1cf-3819-ac1d-76bbe0d1bff9">
      <Execution id="6463d729-8b1a-4486-85e2-450b63f07550" />
      <TestMethod codeBase="/home/mado/Documents/assignments/ssi/ML.Lib.Tests/bin/Debug/netcoreapp3.1/ML.Lib.Tests.dll" adapterTypeName="executor://mstestadapter/v2" className="ML.Lib.Neuron.NeuralTests" name="TestTrain" />
    </UnitTest>
    <UnitTest name="SugenoTest" storage="/home/mado/documents/assignments/ssi/ml.lib.tests/bin/debug/netcoreapp3.1/ml.lib.tests.dll" id="b44e3f1d-d699-2be2-1c29-48f364c32676">
      <Execution id="623b4e2a-7766-42e3-a47a-d28e83a50616" />
      <TestMethod codeBase="/home/mado/Documents/assignments/ssi/ML.Lib.Tests/bin/Debug/netcoreapp3.1/ML.Lib.Tests.dll" adapterTypeName="executor://mstestadapter/v2" className="ML.Lib.Tests.SugenoTests" name="SugenoTest" />
    </UnitTest>
    <UnitTest name="TestEdgeTest" storage="/home/mado/documents/assignments/ssi/ml.lib.tests/bin/debug/netcoreapp3.1/ml.lib.tests.dll" id="c7a81c0f-39d1-56f8-0c4a-6ff95aac162d">
      <Execution id="38074c81-f28d-48c1-9f04-d7a1680626ab" />
      <TestMethod codeBase="/home/mado/Documents/assignments/ssi/ML.Lib.Tests/bin/Debug/netcoreapp3.1/ML.Lib.Tests.dll" adapterTypeName="executor://mstestadapter/v2" className="ML.Lib.Tests.SIFTTests" name="TestEdgeTest" />
    </UnitTest>
    <UnitTest name="GaussianFilterCtorTest" storage="/home/mado/documents/assignments/ssi/ml.lib.tests/bin/debug/netcoreapp3.1/ml.lib.tests.dll" id="a17d96d6-14da-4cdf-438f-09cf1bf34161">
      <Execution id="becdf9e5-a2e6-43e5-a90b-652fe30b85ab" />
      <TestMethod codeBase="/home/mado/Documents/assignments/ssi/ML.Lib.Tests/bin/Debug/netcoreapp3.1/ML.Lib.Tests.dll" adapterTypeName="executor://mstestadapter/v2" className="ML.Lib.Tests.FilterTests" name="GaussianFilterCtorTest" />
    </UnitTest>
    <UnitTest name="TestFindKeypoints" storage="/home/mado/documents/assignments/ssi/ml.lib.tests/bin/debug/netcoreapp3.1/ml.lib.tests.dll" id="2143b7c7-6299-6b01-b162-6d724aa767f8">
      <Execution id="128bb696-79ed-4f86-b358-23b65336fa2c" />
      <TestMethod codeBase="/home/mado/Documents/assignments/ssi/ML.Lib.Tests/bin/Debug/netcoreapp3.1/ML.Lib.Tests.dll" adapterTypeName="executor://mstestadapter/v2" className="ML.Lib.Tests.SIFTTests" name="TestFindKeypoints" />
    </UnitTest>
    <UnitTest name="TestCalculate" storage="/home/mado/documents/assignments/ssi/ml.lib.tests/bin/debug/netcoreapp3.1/ml.lib.tests.dll" id="d258b85f-14b6-24a6-eaf0-9cb58f11778d">
      <Execution id="c2dbcdb4-d3f7-438c-a54b-a3753b7eea08" />
      <TestMethod codeBase="/home/mado/Documents/assignments/ssi/ML.Lib.Tests/bin/Debug/netcoreapp3.1/ML.Lib.Tests.dll" adapterTypeName="executor://mstestadapter/v2" className="ML.Lib.Neuron.NeuralTests" name="TestCalculate" />
    </UnitTest>
    <UnitTest name="GaussianFilterTest" storage="/home/mado/documents/assignments/ssi/ml.lib.tests/bin/debug/netcoreapp3.1/ml.lib.tests.dll" id="66aaeb20-50ad-9b68-0121-0ae2de24b645">
      <Execution id="1eaa8c4c-dfb6-4603-bcf7-00af32256c0e" />
      <TestMethod codeBase="/home/mado/Documents/assignments/ssi/ML.Lib.Tests/bin/Debug/netcoreapp3.1/ML.Lib.Tests.dll" adapterTypeName="executor://mstestadapter/v2" className="ML.Lib.Tests.FilterTests" name="GaussianFilterTest" />
    </UnitTest>
    <UnitTest name="FinalizeResult" storage="/home/mado/documents/assignments/ssi/ml.lib.tests/bin/debug/netcoreapp3.1/ml.lib.tests.dll" id="0d712b84-ad40-a7e7-163a-6d1905e2c215">
      <Execution id="34ae3d03-4bf5-4753-a345-84dc7e2d8699" />
      <TestMethod codeBase="/home/mado/Documents/assignments/ssi/ML.Lib.Tests/bin/Debug/netcoreapp3.1/ML.Lib.Tests.dll" adapterTypeName="executor://mstestadapter/v2" className="ML.Lib.Tests.SIFTTests" name="FinalizeResult" />
    </UnitTest>
    <UnitTest name="TestDoGCreation" storage="/home/mado/documents/assignments/ssi/ml.lib.tests/bin/debug/netcoreapp3.1/ml.lib.tests.dll" id="ae8b806e-91cd-158d-cf84-39ff4ea33259">
      <Execution id="bd9c9e51-9997-454b-9492-02a1ded369cd" />
      <TestMethod codeBase="/home/mado/Documents/assignments/ssi/ML.Lib.Tests/bin/Debug/netcoreapp3.1/ML.Lib.Tests.dll" adapterTypeName="executor://mstestadapter/v2" className="ML.Lib.Tests.SIFTTests" name="TestDoGCreation" />
    </UnitTest>
    <UnitTest name="ConstructorTest" storage="/home/mado/documents/assignments/ssi/ml.lib.tests/bin/debug/netcoreapp3.1/ml.lib.tests.dll" id="a5f2be9a-ecf7-4511-2438-b89033095905">
      <Execution id="8df23180-3aa2-416f-8631-cec1e74cdd78" />
      <TestMethod codeBase="/home/mado/Documents/assignments/ssi/ML.Lib.Tests/bin/Debug/netcoreapp3.1/ML.Lib.Tests.dll" adapterTypeName="executor://mstestadapter/v2" className="ML.Lib.Neuron.NeuralTests" name="ConstructorTest" />
    </UnitTest>
  </TestDefinitions>
  <TestEntries>
    <TestEntry testId="ae8b806e-91cd-158d-cf84-39ff4ea33259" executionId="bd9c9e51-9997-454b-9492-02a1ded369cd" testListId="8c84fa94-04c1-424b-9868-57a2d4851a1d" />
    <TestEntry testId="c7a81c0f-39d1-56f8-0c4a-6ff95aac162d" executionId="38074c81-f28d-48c1-9f04-d7a1680626ab" testListId="8c84fa94-04c1-424b-9868-57a2d4851a1d" />
    <TestEntry testId="d258b85f-14b6-24a6-eaf0-9cb58f11778d" executionId="c2dbcdb4-d3f7-438c-a54b-a3753b7eea08" testListId="8c84fa94-04c1-424b-9868-57a2d4851a1d" />
    <TestEntry testId="a5f2be9a-ecf7-4511-2438-b89033095905" executionId="8df23180-3aa2-416f-8631-cec1e74cdd78" testListId="8c84fa94-04c1-424b-9868-57a2d4851a1d" />
    <TestEntry testId="6141bb7b-a41a-f909-b336-d09d324b86c1" executionId="7effd1ec-b789-41da-b833-7f5a603066cc" testListId="8c84fa94-04c1-424b-9868-57a2d4851a1d" />
    <TestEntry testId="66aaeb20-50ad-9b68-0121-0ae2de24b645" executionId="1eaa8c4c-dfb6-4603-bcf7-00af32256c0e" testListId="8c84fa94-04c1-424b-9868-57a2d4851a1d" />
    <TestEntry testId="a17d96d6-14da-4cdf-438f-09cf1bf34161" executionId="becdf9e5-a2e6-43e5-a90b-652fe30b85ab" testListId="8c84fa94-04c1-424b-9868-57a2d4851a1d" />
    <TestEntry testId="8d37b67b-c1cf-3819-ac1d-76bbe0d1bff9" executionId="6463d729-8b1a-4486-85e2-450b63f07550" testListId="8c84fa94-04c1-424b-9868-57a2d4851a1d" />
    <TestEntry testId="f506b79a-2f44-5be9-d26c-b2a5166b61ba" executionId="b6cbd99e-945c-4d6d-9a15-5993b1e31c7d" testListId="8c84fa94-04c1-424b-9868-57a2d4851a1d" />
    <TestEntry testId="0d712b84-ad40-a7e7-163a-6d1905e2c215" executionId="34ae3d03-4bf5-4753-a345-84dc7e2d8699" testListId="8c84fa94-04c1-424b-9868-57a2d4851a1d" />
    <TestEntry testId="b44e3f1d-d699-2be2-1c29-48f364c32676" executionId="623b4e2a-7766-42e3-a47a-d28e83a50616" testListId="8c84fa94-04c1-424b-9868-57a2d4851a1d" />
    <TestEntry testId="3c619f47-cba9-8ea0-d4fa-a85ad4fd1539" executionId="25d9d1ab-bd2a-4df8-adee-14fb5767a6c8" testListId="8c84fa94-04c1-424b-9868-57a2d4851a1d" />
    <TestEntry testId="77b6b6a1-28ac-45e8-9314-cbdf61ad6c72" executionId="76952a34-fcfa-4946-814c-e223b4171ec3" testListId="8c84fa94-04c1-424b-9868-57a2d4851a1d" />
    <TestEntry testId="cbe2e6f9-6de2-9e73-a532-7b5783051631" executionId="2951d732-922b-4b66-8892-be7a0fd9c06b" testListId="8c84fa94-04c1-424b-9868-57a2d4851a1d" />
    <TestEntry testId="2143b7c7-6299-6b01-b162-6d724aa767f8" executionId="128bb696-79ed-4f86-b358-23b65336fa2c" testListId="8c84fa94-04c1-424b-9868-57a2d4851a1d" />
  </TestEntries>
  <TestLists>
    <TestList name="Results Not in a List" id="8c84fa94-04c1-424b-9868-57a2d4851a1d" />
    <TestList name="All Loaded Results" id="19431567-8539-422a-85d7-44ee4e166bda" />
  </TestLists>
  <ResultSummary outcome="Completed">
    <Counters total="15" executed="5" passed="5" failed="0" error="0" timeout="0" aborted="0" inconclusive="0" passedButRunAborted="0" notRunnable="0" notExecuted="0" disconnected="0" warning="0" completed="0" inProgress="0" pending="0" />
    <Output>
      <StdOut>Test 'GaussianFilterCtorTest' was skipped in the test run.
Test 'GaussianFilterTest' was skipped in the test run.
Test 'Test' was skipped in the test run.
Test 'TestPyramidBuilding' was skipped in the test run.
Test 'TestDoGCreation' was skipped in the test run.
Test 'TestFindKeypoints' was skipped in the test run.
Test 'TestContrastTest' was skipped in the test run.
Test 'TestEdgeTest' was skipped in the test run.
Test 'TestAssignParameters' was skipped in the test run.
Test 'FinalizeResult' was skipped in the test run.
</StdOut>
    </Output>
  </ResultSummary>
</TestRun>