<?xml version="1.0" encoding="utf-8"?>
<TestRun id="f6ef3292-4652-46ba-8324-932fe3e73fa6" name="@madoX 2020-03-23 17:19:19" xmlns="http://microsoft.com/schemas/VisualStudio/TeamTest/2010">
  <Times creation="2020-03-23T17:19:19.7673654+01:00" queuing="2020-03-23T17:19:19.7673655+01:00" start="2020-03-23T17:19:18.9457011+01:00" finish="2020-03-23T17:19:19.7846271+01:00" />
  <TestSettings name="default" id="6869af71-387f-48bd-a266-19cc886afd5d">
    <Deployment runDeploymentRoot="_madoX_2020-03-23_17_19_19" />
  </TestSettings>
  <Results>
    <UnitTestResult executionId="d384ac6c-104e-4a7a-b3c2-508fb0dd0fcf" testId="a17d96d6-14da-4cdf-438f-09cf1bf34161" testName="GaussianFilterCtorTest" computerName="madoX" duration="00:00:00.0062099" startTime="2020-03-23T17:19:19.5582032+01:00" endTime="2020-03-23T17:19:19.5965221+01:00" testType="13cdc9d9-ddb5-4fa4-a97d-d965ccfc6d4b" outcome="Passed" testListId="8c84fa94-04c1-424b-9868-57a2d4851a1d" relativeResultsDirectory="d384ac6c-104e-4a7a-b3c2-508fb0dd0fcf">
      <Output>
        <StdOut>Debug Trace:
2 2
2 1
2 0
2 -1
2 -2
1 2
1 1
1 0
1 -1
1 -2
0 2
0 1
0 0
0 -1
0 -2
-1 2
-1 1
-1 0
-1 -1
-1 -2
-2 2
-2 1
-2 0
-2 -1
-2 -2
0.010769639650924319 0.022799327319919297 0.029274915762159584 0.022799327319919297 0.010769639650924319 
0.022799327319919297 0.04826617631502696 0.061974997154826475 0.04826617631502696 0.022799327319919297 
0.029274915762159584 0.061974997154826475 0.07957747154594766 0.061974997154826475 0.029274915762159584 
0.022799327319919297 0.04826617631502696 0.061974997154826475 0.04826617631502696 0.022799327319919297 
0.010769639650924319 0.022799327319919297 0.029274915762159584 0.022799327319919297 0.010769639650924319</StdOut>
      </Output>
    </UnitTestResult>
  </Results>
  <TestDefinitions>
    <UnitTest name="GaussianFilterCtorTest" storage="/home/mado/documents/assignments/ssi/ml.lib.tests/bin/debug/netcoreapp3.1/ml.lib.tests.dll" id="a17d96d6-14da-4cdf-438f-09cf1bf34161">
      <Execution id="d384ac6c-104e-4a7a-b3c2-508fb0dd0fcf" />
      <TestMethod codeBase="/home/mado/Documents/assignments/ssi/ML.Lib.Tests/bin/Debug/netcoreapp3.1/ML.Lib.Tests.dll" adapterTypeName="executor://mstestadapter/v2" className="ML.Lib.Tests.FilterTests" name="GaussianFilterCtorTest" />
    </UnitTest>
  </TestDefinitions>
  <TestEntries>
    <TestEntry testId="a17d96d6-14da-4cdf-438f-09cf1bf34161" executionId="d384ac6c-104e-4a7a-b3c2-508fb0dd0fcf" testListId="8c84fa94-04c1-424b-9868-57a2d4851a1d" />
  </TestEntries>
  <TestLists>
    <TestList name="Results Not in a List" id="8c84fa94-04c1-424b-9868-57a2d4851a1d" />
    <TestList name="All Loaded Results" id="19431567-8539-422a-85d7-44ee4e166bda" />
  </TestLists>
  <ResultSummary outcome="Completed">
    <Counters total="1" executed="1" passed="1" failed="0" error="0" timeout="0" aborted="0" inconclusive="0" passedButRunAborted="0" notRunnable="0" notExecuted="0" disconnected="0" warning="0" completed="0" inProgress="0" pending="0" />
  </ResultSummary>
</TestRun>