<?xml version="1.0" encoding="utf-8"?>
<TestRun id="f5d96dff-b1ef-4e06-99f6-7cc3ce49986b" name="@madoX 2020-03-25 00:19:46" xmlns="http://microsoft.com/schemas/VisualStudio/TeamTest/2010">
  <Times creation="2020-03-25T00:19:46.6277236+01:00" queuing="2020-03-25T00:19:46.6277237+01:00" start="2020-03-25T00:19:44.7061578+01:00" finish="2020-03-25T00:20:00.2697769+01:00" />
  <TestSettings name="default" id="4d3be820-34f6-4326-9ab1-a2990cc637ab">
    <Deployment runDeploymentRoot="_madoX_2020-03-25_00_19_46" />
  </TestSettings>
  <Results>
    <UnitTestResult executionId="d82329fd-e5ee-4640-af41-69a9b895264f" testId="f506b79a-2f44-5be9-d26c-b2a5166b61ba" testName="Test" computerName="madoX" duration="00:00:00.0000661" startTime="2020-03-25T00:19:45.1754769+01:00" endTime="2020-03-25T00:19:45.1757596+01:00" testType="13cdc9d9-ddb5-4fa4-a97d-d965ccfc6d4b" outcome="Passed" testListId="8c84fa94-04c1-424b-9868-57a2d4851a1d" relativeResultsDirectory="d82329fd-e5ee-4640-af41-69a9b895264f" />
    <UnitTestResult executionId="587b684e-1ec5-4d84-a993-683f7ce3dcff" testId="0d712b84-ad40-a7e7-163a-6d1905e2c215" testName="FinalizeResult" computerName="madoX" duration="00:00:00.0150005" startTime="2020-03-25T00:20:00.2011410+01:00" endTime="2020-03-25T00:20:00.2165736+01:00" testType="13cdc9d9-ddb5-4fa4-a97d-d965ccfc6d4b" outcome="Passed" testListId="8c84fa94-04c1-424b-9868-57a2d4851a1d" relativeResultsDirectory="587b684e-1ec5-4d84-a993-683f7ce3dcff" />
    <UnitTestResult executionId="247f8f32-2e8a-4bfb-b9fd-79ca007bca4f" testId="cbe2e6f9-6de2-9e73-a532-7b5783051631" testName="TestContrastTest" computerName="madoX" duration="00:00:00.1595199" startTime="2020-03-25T00:19:59.1953028+01:00" endTime="2020-03-25T00:19:59.3552279+01:00" testType="13cdc9d9-ddb5-4fa4-a97d-d965ccfc6d4b" outcome="Passed" testListId="8c84fa94-04c1-424b-9868-57a2d4851a1d" relativeResultsDirectory="247f8f32-2e8a-4bfb-b9fd-79ca007bca4f">
      <Output>
        <StdOut>Debug Trace:
Test: 1854 rejected</StdOut>
      </Output>
    </UnitTestResult>
    <UnitTestResult executionId="c11ee08e-b483-4a6f-9505-ffc3bdbd8e67" testId="ae8b806e-91cd-158d-cf84-39ff4ea33259" testName="TestDoGCreation" computerName="madoX" duration="00:00:00.9873017" startTime="2020-03-25T00:19:57.6956707+01:00" endTime="2020-03-25T00:19:58.6836552+01:00" testType="13cdc9d9-ddb5-4fa4-a97d-d965ccfc6d4b" outcome="Passed" testListId="8c84fa94-04c1-424b-9868-57a2d4851a1d" relativeResultsDirectory="c11ee08e-b483-4a6f-9505-ffc3bdbd8e67" />
    <UnitTestResult executionId="3912a613-495d-4e69-b7fd-335ff1c696cf" testId="3c619f47-cba9-8ea0-d4fa-a85ad4fd1539" testName="TestPyramidBuilding" computerName="madoX" duration="00:00:12.5166181" startTime="2020-03-25T00:19:45.1757726+01:00" endTime="2020-03-25T00:19:57.6925468+01:00" testType="13cdc9d9-ddb5-4fa4-a97d-d965ccfc6d4b" outcome="Passed" testListId="8c84fa94-04c1-424b-9868-57a2d4851a1d" relativeResultsDirectory="3912a613-495d-4e69-b7fd-335ff1c696cf" />
    <UnitTestResult executionId="89bbedff-84aa-4944-b05b-d490b05ca4bd" testId="2143b7c7-6299-6b01-b162-6d724aa767f8" testName="TestFindKeypoints" computerName="madoX" duration="00:00:00.5107237" startTime="2020-03-25T00:19:58.6838290+01:00" endTime="2020-03-25T00:19:59.1951507+01:00" testType="13cdc9d9-ddb5-4fa4-a97d-d965ccfc6d4b" outcome="Passed" testListId="8c84fa94-04c1-424b-9868-57a2d4851a1d" relativeResultsDirectory="89bbedff-84aa-4944-b05b-d490b05ca4bd" />
    <UnitTestResult executionId="d6f2210f-6542-4413-bbff-c52dcba92f4e" testId="c7a81c0f-39d1-56f8-0c4a-6ff95aac162d" testName="TestEdgeTest" computerName="madoX" duration="00:00:00.1563090" startTime="2020-03-25T00:19:59.3560069+01:00" endTime="2020-03-25T00:19:59.5126398+01:00" testType="13cdc9d9-ddb5-4fa4-a97d-d965ccfc6d4b" outcome="Passed" testListId="8c84fa94-04c1-424b-9868-57a2d4851a1d" relativeResultsDirectory="d6f2210f-6542-4413-bbff-c52dcba92f4e">
      <Output>
        <StdOut>Debug Trace:
Test: 871 rejected</StdOut>
      </Output>
    </UnitTestResult>
    <UnitTestResult executionId="e20b1b9f-9acf-4d94-8ce3-aaf4a1c143c4" testId="a17d96d6-14da-4cdf-438f-09cf1bf34161" testName="GaussianFilterCtorTest" computerName="madoX" duration="00:00:00.0031068" startTime="2020-03-25T00:19:45.1189403+01:00" endTime="2020-03-25T00:19:45.1420850+01:00" testType="13cdc9d9-ddb5-4fa4-a97d-d965ccfc6d4b" outcome="Passed" testListId="8c84fa94-04c1-424b-9868-57a2d4851a1d" relativeResultsDirectory="e20b1b9f-9acf-4d94-8ce3-aaf4a1c143c4" />
    <UnitTestResult executionId="fdbbb26b-04ce-4567-93da-dddf1949cdea" testId="66aaeb20-50ad-9b68-0121-0ae2de24b645" testName="GaussianFilterTest" computerName="madoX" duration="00:00:00.0273552" startTime="2020-03-25T00:19:45.1479117+01:00" endTime="2020-03-25T00:19:45.1754313+01:00" testType="13cdc9d9-ddb5-4fa4-a97d-d965ccfc6d4b" outcome="Passed" testListId="8c84fa94-04c1-424b-9868-57a2d4851a1d" relativeResultsDirectory="fdbbb26b-04ce-4567-93da-dddf1949cdea" />
    <UnitTestResult executionId="104be390-35fe-4440-9e45-61ae383e4d2e" testId="6141bb7b-a41a-f909-b336-d09d324b86c1" testName="TestAssignParameters" computerName="madoX" duration="00:00:00.6880806" startTime="2020-03-25T00:19:59.5127036+01:00" endTime="2020-03-25T00:20:00.2010135+01:00" testType="13cdc9d9-ddb5-4fa4-a97d-d965ccfc6d4b" outcome="Passed" testListId="8c84fa94-04c1-424b-9868-57a2d4851a1d" relativeResultsDirectory="104be390-35fe-4440-9e45-61ae383e4d2e">
      <Output>
        <StdOut>0
13
19
4
11
4
16
22
13
34
13
13
22
4
22
27
7
22
4
4
33
4
0
9
22
25
22
22
31
13
0
0
2
4
4
4
4
0
4
5
13
4
4
4
22
11
13
1
31
4
1
25
28
31
3
4
27
22
22
4
9
28
31
22
22
29
31
1
13
22
16
13
4
13
21
14
22
0
22
34
19
19
22
12
18
16
13
0
13
1
4
0
13
4
30
16
22
13
35
24
13
24
22
31
18
4
0
31
18
22
31
22
19
15
31
13
25
27
28
13
22
27
28
31
24
18
31
13
7
22
22
34
24
9
10
31
29
13
33
1
31
31
27
19
19
0
12
2
4
31
4
18
4
13
6
31
18
31
27
4
0
22
19
16
1
18
9
6
13
7
25
12
13
4
16
13
15
16
19
13
4
22
13
18
4
9
4
4
24
22
16
1
22
13
18
31
10
4
22
4
13
4
33
10
10
9
22
31
16
31
13
0
0
0
0
4
13
13
10
13
13
18
25
13
31
22
9
13
13
22
4
31
24
31
27
18
22
4
22
13
9
9
13
22
13
31
13
4
22
22
31
6
13
4
13
22
31
31
4
9
31
22
22
13
13
31
13
4
31
13
4
1
31
4
10
4
31
13
4
4
13
13
13
34
1
13
4
13
13
13
24
13
31
13
31
4
4
4
31
27
13
31
4
13
4
4
4
4
4
4
4
0
4
4
34
9
22
13
4
4
31
13
27
11
9
22
0
18
18
12
0
18
4
13
18
4
2
27
11
9
22
31
0
0
27
15
0
27
31
5
4
18
25
11
16
18
5
13
18
9
9
30
9
13
6
0
18
22
16
0
15
4
0
18
13
13
9
4
4
26
13
0
0
14
0
0
22
1
0
23
31
29
30
29
11
0
9
1
26
4
0
0
0
1
22
9
0
22
2
2
27
1
18
2
0
27
5
31
9
27
1
18
1
20
24
27
9
6
2
9
13
5
28
22
27
29
29
18
27
14
22
18
28
18
13
20
34
9
10
11
20
19
0
24
19
6
13
18
9
27
4
14
11
15
22
20
16
33
16
7
30
15
18
0
32
7
27
7
13
33
19
13
18
9
13
11
23
0
18
24
28
20
28
3
23
22
11
13
9
18
22
10
4
31
7
22
31
9
0
6
23
12
29
22
31
24
18
17
5
22
9
6
6
28
9
30
18
14
0
19
0
22
18
31
23
27
27
6
33
30
18
27
27
13
18
9
32
32
24
31
31
30
32
9
18
0
31
18
0
18
27
27
9
7
27
9
9
10
9
28
4
26
34
29
11
6
31
2
18
20
25
27
20
4
13
31
6
32
27
18
14
22
6
9
1
13
2
6
4
1
30
0
30
6
27
30
11
25
9
1
0
4
23
9
0
13
22
15
31
31
0
12
31
7
27
27
4
4
21
32
5
15
23
13
20
12
27
27
9
18
19
27
18
0
22
0
18
0
17
18
27
18
16
13
0
9
9
4
9
10
12
11
11
9
0
16
0
0
11
22
19
15
18
14
9
22
9
33
33
13
26
27
13
0
27
0
18
9
18
9
9
20
18
22
9
18
27
13
0
0
13
12
9
22
9
9
13
22
4
31
26
9
13
9
13
10
4
9
9
7
4
0
17
0
18
18
18
18
18
18
0
27
13
13
22
18
27
4
18
18
22
26
13
9
0
27
13
27
13
6
18
26
10
18
9
9
4
4
9
13
4
9
0
13
9
0
6
9
31
34
22
9
9
31
31
13
0
14
27
34
13
27
0
9
0
9
13
29
9
9
18
9
13
0
0
13
4
9
0
31
22
9
31
13
0
0
0
13
13
0
4
0
0
27
22
0
9
13
0
0
0
22
4
0
0
0
0
0
0
13
22
18
4
2
19
7
13
16
4
31
31
10
4
13
13
7
13
18
22
9
13
7
27
0
4
18
4
4
22
9
31
13
13
4
4
4
4
13
4
4
33
18
10
18
0
13
11
9
2
14
0
2
22
0
0
15
9
0
14
22
30
26
22
11
31
0
28
21
32
3
1
1
28
0
0
18
15
18
18
9
0
4
18
0
11
9
18
9
9
9
9
7
13
27
27
27
18
27
22
9
4
18
9
33
13
0
0
4
9
33
27
0
18
9
9
0
9
9
0
13
0
29
31
4
0
0
0
18
5
11
9
7
11
1
14
21
22
18
29
13
22
9
29
18
33
7
9
9
31
12
28
32
31</StdOut>
      </Output>
    </UnitTestResult>
  </Results>
  <TestDefinitions>
    <UnitTest name="Test" storage="/home/mado/documents/assignments/ssi/ml.lib.tests/bin/debug/netcoreapp3.1/ml.lib.tests.dll" id="f506b79a-2f44-5be9-d26c-b2a5166b61ba">
      <Execution id="d82329fd-e5ee-4640-af41-69a9b895264f" />
      <TestMethod codeBase="/home/mado/Documents/assignments/ssi/ML.Lib.Tests/bin/Debug/netcoreapp3.1/ML.Lib.Tests.dll" adapterTypeName="executor://mstestadapter/v2" className="ML.Lib.Tests.SIFTTests" name="Test" />
    </UnitTest>
    <UnitTest name="TestContrastTest" storage="/home/mado/documents/assignments/ssi/ml.lib.tests/bin/debug/netcoreapp3.1/ml.lib.tests.dll" id="cbe2e6f9-6de2-9e73-a532-7b5783051631">
      <Execution id="247f8f32-2e8a-4bfb-b9fd-79ca007bca4f" />
      <TestMethod codeBase="/home/mado/Documents/assignments/ssi/ML.Lib.Tests/bin/Debug/netcoreapp3.1/ML.Lib.Tests.dll" adapterTypeName="executor://mstestadapter/v2" className="ML.Lib.Tests.SIFTTests" name="TestContrastTest" />
    </UnitTest>
    <UnitTest name="TestFindKeypoints" storage="/home/mado/documents/assignments/ssi/ml.lib.tests/bin/debug/netcoreapp3.1/ml.lib.tests.dll" id="2143b7c7-6299-6b01-b162-6d724aa767f8">
      <Execution id="89bbedff-84aa-4944-b05b-d490b05ca4bd" />
      <TestMethod codeBase="/home/mado/Documents/assignments/ssi/ML.Lib.Tests/bin/Debug/netcoreapp3.1/ML.Lib.Tests.dll" adapterTypeName="executor://mstestadapter/v2" className="ML.Lib.Tests.SIFTTests" name="TestFindKeypoints" />
    </UnitTest>
    <UnitTest name="GaussianFilterTest" storage="/home/mado/documents/assignments/ssi/ml.lib.tests/bin/debug/netcoreapp3.1/ml.lib.tests.dll" id="66aaeb20-50ad-9b68-0121-0ae2de24b645">
      <Execution id="fdbbb26b-04ce-4567-93da-dddf1949cdea" />
      <TestMethod codeBase="/home/mado/Documents/assignments/ssi/ML.Lib.Tests/bin/Debug/netcoreapp3.1/ML.Lib.Tests.dll" adapterTypeName="executor://mstestadapter/v2" className="ML.Lib.Tests.FilterTests" name="GaussianFilterTest" />
    </UnitTest>
    <UnitTest name="FinalizeResult" storage="/home/mado/documents/assignments/ssi/ml.lib.tests/bin/debug/netcoreapp3.1/ml.lib.tests.dll" id="0d712b84-ad40-a7e7-163a-6d1905e2c215">
      <Execution id="587b684e-1ec5-4d84-a993-683f7ce3dcff" />
      <TestMethod codeBase="/home/mado/Documents/assignments/ssi/ML.Lib.Tests/bin/Debug/netcoreapp3.1/ML.Lib.Tests.dll" adapterTypeName="executor://mstestadapter/v2" className="ML.Lib.Tests.SIFTTests" name="FinalizeResult" />
    </UnitTest>
    <UnitTest name="TestAssignParameters" storage="/home/mado/documents/assignments/ssi/ml.lib.tests/bin/debug/netcoreapp3.1/ml.lib.tests.dll" id="6141bb7b-a41a-f909-b336-d09d324b86c1">
      <Execution id="104be390-35fe-4440-9e45-61ae383e4d2e" />
      <TestMethod codeBase="/home/mado/Documents/assignments/ssi/ML.Lib.Tests/bin/Debug/netcoreapp3.1/ML.Lib.Tests.dll" adapterTypeName="executor://mstestadapter/v2" className="ML.Lib.Tests.SIFTTests" name="TestAssignParameters" />
    </UnitTest>
    <UnitTest name="TestDoGCreation" storage="/home/mado/documents/assignments/ssi/ml.lib.tests/bin/debug/netcoreapp3.1/ml.lib.tests.dll" id="ae8b806e-91cd-158d-cf84-39ff4ea33259">
      <Execution id="c11ee08e-b483-4a6f-9505-ffc3bdbd8e67" />
      <TestMethod codeBase="/home/mado/Documents/assignments/ssi/ML.Lib.Tests/bin/Debug/netcoreapp3.1/ML.Lib.Tests.dll" adapterTypeName="executor://mstestadapter/v2" className="ML.Lib.Tests.SIFTTests" name="TestDoGCreation" />
    </UnitTest>
    <UnitTest name="TestPyramidBuilding" storage="/home/mado/documents/assignments/ssi/ml.lib.tests/bin/debug/netcoreapp3.1/ml.lib.tests.dll" id="3c619f47-cba9-8ea0-d4fa-a85ad4fd1539">
      <Execution id="3912a613-495d-4e69-b7fd-335ff1c696cf" />
      <TestMethod codeBase="/home/mado/Documents/assignments/ssi/ML.Lib.Tests/bin/Debug/netcoreapp3.1/ML.Lib.Tests.dll" adapterTypeName="executor://mstestadapter/v2" className="ML.Lib.Tests.SIFTTests" name="TestPyramidBuilding" />
    </UnitTest>
    <UnitTest name="GaussianFilterCtorTest" storage="/home/mado/documents/assignments/ssi/ml.lib.tests/bin/debug/netcoreapp3.1/ml.lib.tests.dll" id="a17d96d6-14da-4cdf-438f-09cf1bf34161">
      <Execution id="e20b1b9f-9acf-4d94-8ce3-aaf4a1c143c4" />
      <TestMethod codeBase="/home/mado/Documents/assignments/ssi/ML.Lib.Tests/bin/Debug/netcoreapp3.1/ML.Lib.Tests.dll" adapterTypeName="executor://mstestadapter/v2" className="ML.Lib.Tests.FilterTests" name="GaussianFilterCtorTest" />
    </UnitTest>
    <UnitTest name="TestEdgeTest" storage="/home/mado/documents/assignments/ssi/ml.lib.tests/bin/debug/netcoreapp3.1/ml.lib.tests.dll" id="c7a81c0f-39d1-56f8-0c4a-6ff95aac162d">
      <Execution id="d6f2210f-6542-4413-bbff-c52dcba92f4e" />
      <TestMethod codeBase="/home/mado/Documents/assignments/ssi/ML.Lib.Tests/bin/Debug/netcoreapp3.1/ML.Lib.Tests.dll" adapterTypeName="executor://mstestadapter/v2" className="ML.Lib.Tests.SIFTTests" name="TestEdgeTest" />
    </UnitTest>
  </TestDefinitions>
  <TestEntries>
    <TestEntry testId="f506b79a-2f44-5be9-d26c-b2a5166b61ba" executionId="d82329fd-e5ee-4640-af41-69a9b895264f" testListId="8c84fa94-04c1-424b-9868-57a2d4851a1d" />
    <TestEntry testId="0d712b84-ad40-a7e7-163a-6d1905e2c215" executionId="587b684e-1ec5-4d84-a993-683f7ce3dcff" testListId="8c84fa94-04c1-424b-9868-57a2d4851a1d" />
    <TestEntry testId="cbe2e6f9-6de2-9e73-a532-7b5783051631" executionId="247f8f32-2e8a-4bfb-b9fd-79ca007bca4f" testListId="8c84fa94-04c1-424b-9868-57a2d4851a1d" />
    <TestEntry testId="ae8b806e-91cd-158d-cf84-39ff4ea33259" executionId="c11ee08e-b483-4a6f-9505-ffc3bdbd8e67" testListId="8c84fa94-04c1-424b-9868-57a2d4851a1d" />
    <TestEntry testId="3c619f47-cba9-8ea0-d4fa-a85ad4fd1539" executionId="3912a613-495d-4e69-b7fd-335ff1c696cf" testListId="8c84fa94-04c1-424b-9868-57a2d4851a1d" />
    <TestEntry testId="2143b7c7-6299-6b01-b162-6d724aa767f8" executionId="89bbedff-84aa-4944-b05b-d490b05ca4bd" testListId="8c84fa94-04c1-424b-9868-57a2d4851a1d" />
    <TestEntry testId="c7a81c0f-39d1-56f8-0c4a-6ff95aac162d" executionId="d6f2210f-6542-4413-bbff-c52dcba92f4e" testListId="8c84fa94-04c1-424b-9868-57a2d4851a1d" />
    <TestEntry testId="a17d96d6-14da-4cdf-438f-09cf1bf34161" executionId="e20b1b9f-9acf-4d94-8ce3-aaf4a1c143c4" testListId="8c84fa94-04c1-424b-9868-57a2d4851a1d" />
    <TestEntry testId="66aaeb20-50ad-9b68-0121-0ae2de24b645" executionId="fdbbb26b-04ce-4567-93da-dddf1949cdea" testListId="8c84fa94-04c1-424b-9868-57a2d4851a1d" />
    <TestEntry testId="6141bb7b-a41a-f909-b336-d09d324b86c1" executionId="104be390-35fe-4440-9e45-61ae383e4d2e" testListId="8c84fa94-04c1-424b-9868-57a2d4851a1d" />
  </TestEntries>
  <TestLists>
    <TestList name="Results Not in a List" id="8c84fa94-04c1-424b-9868-57a2d4851a1d" />
    <TestList name="All Loaded Results" id="19431567-8539-422a-85d7-44ee4e166bda" />
  </TestLists>
  <ResultSummary outcome="Completed">
    <Counters total="10" executed="10" passed="10" failed="0" error="0" timeout="0" aborted="0" inconclusive="0" passedButRunAborted="0" notRunnable="0" notExecuted="0" disconnected="0" warning="0" completed="0" inProgress="0" pending="0" />
  </ResultSummary>
</TestRun>